[0.017s] Invoking command in '/home/mete/catkin_ws/build/pcl': CMAKE_PREFIX_PATH=/home/mete/catkin_ws/install/pcl_conversions:/home/mete/catkin_ws/install/perception_pcl:/home/mete/catkin_ws/install/pcl_ros:/home/mete/catkin_ws/install/pcl:/home/mete/catkin_ws/install/localization:/home/mete/catkin_ws2/install/pugixml:/home/mete/catkin_ws2/install/parser:/home/mete/catkin_ws2/install/localization:/home/mete/catkin_ws2/install/LibKML:/home/mete/catkin_ws2/install/GeographicLib:/opt/ros/foxy /usr/bin/cmake --build /home/mete/catkin_ws/build/pcl -- -j12 -l12
[0.039s] -- Found ament_cmake: 0.9.9 (/opt/ros/foxy/share/ament_cmake/cmake)
[0.058s] -- Using PYTHON_EXECUTABLE: /usr/bin/python3
[0.217s] -- Eigen found (include: /usr/include/eigen3, version: 3.3.7)
[0.300s] -- The imported target "vtkParseOGLExt" references the file
[0.300s]    "/usr/bin/vtkParseOGLExt-7.1"
[0.300s] but this file does not exist.  Possible reasons include:
[0.300s] * The file was deleted, renamed, or moved to another location.
[0.300s] * An install or uninstall procedure did not complete successfully.
[0.300s] * The installation package was faulty and contained
[0.300s]    "/usr/lib/cmake/vtk-7.1/VTKTargets.cmake"
[0.300s] but not all the files it references.
[0.300s] 
[0.300s] -- The imported target "vtkRenderingPythonTkWidgets" references the file
[0.300s]    "/usr/lib/x86_64-linux-gnu/libvtkRenderingPythonTkWidgets.so"
[0.300s] but this file does not exist.  Possible reasons include:
[0.300s] * The file was deleted, renamed, or moved to another location.
[0.301s] * An install or uninstall procedure did not complete successfully.
[0.301s] * The installation package was faulty and contained
[0.301s]    "/usr/lib/cmake/vtk-7.1/VTKTargets.cmake"
[0.301s] but not all the files it references.
[0.301s] 
[0.301s] -- The imported target "vtk" references the file
[0.301s]    "/usr/bin/vtk"
[0.301s] but this file does not exist.  Possible reasons include:
[0.301s] * The file was deleted, renamed, or moved to another location.
[0.301s] * An install or uninstall procedure did not complete successfully.
[0.301s] * The installation package was faulty and contained
[0.301s]    "/usr/lib/cmake/vtk-7.1/VTKTargets.cmake"
[0.301s] but not all the files it references.
[0.301s] 
[0.301s] -- The imported target "pvtk" references the file
[0.301s]    "/usr/bin/pvtk"
[0.301s] but this file does not exist.  Possible reasons include:
[0.302s] * The file was deleted, renamed, or moved to another location.
[0.302s] * An install or uninstall procedure did not complete successfully.
[0.302s] * The installation package was faulty and contained
[0.302s]    "/usr/lib/cmake/vtk-7.1/VTKTargets.cmake"
[0.302s] but not all the files it references.
[0.302s] 
[0.318s] -- Checking for module 'libusb-1.0'
[0.321s] --   No package 'libusb-1.0' found
[0.324s] -- Could NOT find USB_10 (missing: USB_10_LIBRARY USB_10_INCLUDE_DIR) 
[0.324s] -- OpenNI disabled because libusb-1.0 not found.
[0.324s] ** WARNING ** io features related to openni will be disabled
[0.327s] -- Checking for module 'libusb-1.0'
[0.330s] --   No package 'libusb-1.0' found
[0.332s] -- Could NOT find USB_10 (missing: USB_10_LIBRARY USB_10_INCLUDE_DIR) 
[0.333s] -- OpenNI 2 disabled because libusb-1.0 not found.
[0.333s] ** WARNING ** io features related to openni2 will be disabled
[0.333s] ** WARNING ** io features related to pcap will be disabled
[0.333s] ** WARNING ** io features related to png will be disabled
[0.345s] -- LIBUSB_1_LIBRARY (missing: LIBUSB_1_INCLUDE_DIR) 
[0.345s] ** WARNING ** io features related to libusb-1.0 will be disabled
[0.349s] -- Checking for module 'libusb-1.0'
[0.351s] --   No package 'libusb-1.0' found
[0.353s] -- Could NOT find USB_10 (missing: USB_10_LIBRARY USB_10_INCLUDE_DIR) 
[0.353s] -- OpenNI disabled because libusb-1.0 not found.
[0.353s] ** WARNING ** visualization features related to openni will be disabled
[0.356s] -- Checking for module 'libusb-1.0'
[0.359s] --   No package 'libusb-1.0' found
[0.361s] -- Could NOT find USB_10 (missing: USB_10_LIBRARY USB_10_INCLUDE_DIR) 
[0.361s] -- OpenNI 2 disabled because libusb-1.0 not found.
[0.361s] ** WARNING ** visualization features related to openni2 will be disabled
[0.372s] -- QHULL found (include: /usr/include, lib: optimized;/usr/lib/x86_64-linux-gnu/libqhull.so;debug;/usr/lib/x86_64-linux-gnu/libqhull.so)
[0.375s] -- Checking for module 'libusb-1.0'
[0.378s] --   No package 'libusb-1.0' found
[0.380s] -- Could NOT find USB_10 (missing: USB_10_LIBRARY USB_10_INCLUDE_DIR) 
[0.380s] -- OpenNI disabled because libusb-1.0 not found.
[0.380s] ** WARNING ** apps features related to openni will be disabled
[0.390s] -- looking for PCL_COMMON
[0.391s] -- looking for PCL_KDTREE
[0.391s] -- looking for PCL_OCTREE
[0.391s] -- looking for PCL_SEARCH
[0.392s] -- looking for PCL_SAMPLE_CONSENSUS
[0.392s] -- looking for PCL_FILTERS
[0.393s] -- looking for PCL_2D
[0.393s] -- looking for PCL_GEOMETRY
[0.393s] -- looking for PCL_IO
[0.394s] -- looking for PCL_FEATURES
[0.395s] -- looking for PCL_ML
[0.395s] -- looking for PCL_SEGMENTATION
[0.396s] -- looking for PCL_VISUALIZATION
[0.396s] -- looking for PCL_SURFACE
[0.397s] -- looking for PCL_REGISTRATION
[0.397s] -- looking for PCL_KEYPOINTS
[0.398s] -- looking for PCL_TRACKING
[0.398s] -- looking for PCL_RECOGNITION
[0.399s] -- looking for PCL_STEREO
[0.400s] -- looking for PCL_APPS
[0.400s] -- looking for PCL_IN_HAND_SCANNER
[0.401s] -- looking for PCL_POINT_CLOUD_EDITOR
[0.402s] -- looking for PCL_OUTOFCORE
[0.402s] -- looking for PCL_PEOPLE
[0.404s] -- Found pcl_conversions: 2.2.1 (/opt/ros/foxy/share/pcl_conversions/cmake)
[0.420s] -- Using all available rosidl_typesupport_c: rosidl_typesupport_fastrtps_c;rosidl_typesupport_introspection_c
[0.422s] -- Found rosidl_adapter: 1.2.1 (/opt/ros/foxy/share/rosidl_adapter/cmake)
[0.515s] -- Using all available rosidl_typesupport_cpp: rosidl_typesupport_fastrtps_cpp;rosidl_typesupport_introspection_cpp
[0.815s] -- Found rmw_implementation_cmake: 1.0.3 (/opt/ros/foxy/share/rmw_implementation_cmake/cmake)
[0.816s] -- Using RMW implementation 'rmw_fastrtps_cpp' as default
[0.959s] -- Found tf2: 0.13.13 (/opt/ros/foxy/share/tf2/cmake)
[0.968s] -- Found tf2_geometry_msgs: 0.13.13 (/opt/ros/foxy/share/tf2_geometry_msgs/cmake)
[0.973s] -- Found eigen3_cmake_module: 0.1.1 (/opt/ros/foxy/share/eigen3_cmake_module/cmake)
[1.298s] -- Found Eigen3: TRUE (found suitable version "3.3.7", minimum required is "3.3") 
[1.330s] -- Found ament_lint_auto: 0.9.6 (/opt/ros/foxy/share/ament_lint_auto/cmake)
[1.379s] -- Added test 'copyright' to check source files copyright and LICENSE
[1.380s] -- Added test 'cppcheck' to perform static code analysis on C / C++ code
[1.380s] -- Configured cppcheck include dirs: 
[1.380s] -- Configured cppcheck exclude dirs and/or files: 
[1.381s] -- Added test 'cpplint' to check C / C++ code against the Google style
[1.381s] -- Configured cpplint exclude dirs and/or files: 
[1.381s] -- Added test 'lint_cmake' to check CMake code style
[1.382s] -- Added test 'uncrustify' to check C / C++ code style
[1.382s] -- Configured uncrustify additional arguments: 
[1.382s] -- Added test 'xmllint' to check XML markup files
[1.385s] -- Configuring done
[1.448s] -- Generating done
[1.449s] -- Build files have been written to: /home/mete/catkin_ws/build/pcl
[1.477s] [35m[1mScanning dependencies of target register[0m
[1.490s] [ 50%] Built target matrix_transform
[1.516s] [ 75%] [32mBuilding CXX object CMakeFiles/register.dir/src/register.cpp.o[0m
[6.930s] [01m[K/home/mete/catkin_ws/src/pcl/src/register.cpp:[m[K In function â€˜[01m[Kvoid pairAlign(pcl::PointCloud<pcl::PointXYZ>::Ptr, pcl::PointCloud<pcl::PointXYZ>::Ptr, pcl::PointCloud<pcl::PointXYZ>::Ptr, Eigen::Matrix4f&, bool)[m[Kâ€™:
[6.930s] [01m[K/home/mete/catkin_ws/src/pcl/src/register.cpp:123:40:[m[K [01;31m[Kerror: [m[Kâ€˜[01m[Kgicp[m[Kâ€™ was not declared in this scope
[6.930s]   123 |   Eigen::Matrix4f transform_matrix   = [01;31m[Kgicp[m[K.getFinalTransformation();
[6.930s]       |                                        [01;31m[K^~~~[m[K
[6.937s] [01m[K/home/mete/catkin_ws/src/pcl/src/register.cpp:123:19:[m[K [01;35m[Kwarning: [m[Kunused variable â€˜[01m[Ktransform_matrix[m[Kâ€™ [[01;35m[K-Wunused-variable[m[K]
[6.937s]   123 |   Eigen::Matrix4f [01;35m[Ktransform_matrix[m[K   = gicp.getFinalTransformation();
[6.937s]       |                   [01;35m[K^~~~~~~~~~~~~~~~[m[K
[17.387s] make[2]: *** [CMakeFiles/register.dir/build.make:63: CMakeFiles/register.dir/src/register.cpp.o] Error 1
[17.388s] make[1]: *** [CMakeFiles/Makefile2:80: CMakeFiles/register.dir/all] Error 2
[17.388s] make: *** [Makefile:141: all] Error 2
[17.391s] Invoked command in '/home/mete/catkin_ws/build/pcl' returned '2': CMAKE_PREFIX_PATH=/home/mete/catkin_ws/install/pcl_conversions:/home/mete/catkin_ws/install/perception_pcl:/home/mete/catkin_ws/install/pcl_ros:/home/mete/catkin_ws/install/pcl:/home/mete/catkin_ws/install/localization:/home/mete/catkin_ws2/install/pugixml:/home/mete/catkin_ws2/install/parser:/home/mete/catkin_ws2/install/localization:/home/mete/catkin_ws2/install/LibKML:/home/mete/catkin_ws2/install/GeographicLib:/opt/ros/foxy /usr/bin/cmake --build /home/mete/catkin_ws/build/pcl -- -j12 -l12
