[35m[1mScanning dependencies of target register[0m
[ 33%] Built target matrix_transform
[ 50%] [32mBuilding CXX object CMakeFiles/register.dir/src/register.cpp.o[0m
[ 83%] Built target pcd_read
[01m[K/home/mete/catkin_ws/src/pcl/src/register.cpp:[m[K In function â€˜[01m[Kvoid loadData_1(int, char**, std::vector<PCD, Eigen::aligned_allocator<PCD> >&)[m[Kâ€™:
[01m[K/home/mete/catkin_ws/src/pcl/src/register.cpp:58:5:[m[K [01;31m[Kerror: [m[Kcontinue statement not within a loop
   58 |     [01;31m[Kcontinue[m[K;
      |     [01;31m[K^~~~~~~~[m[K
[01m[K/home/mete/catkin_ws/src/pcl/src/register.cpp:50:22:[m[K [01;35m[Kwarning: [m[Kunused parameter â€˜[01m[Kargc[m[Kâ€™ [[01;35m[K-Wunused-parameter[m[K]
   50 | void loadData_1 ([01;35m[Kint argc[m[K, char **argv, std::vector<PCD, Eigen::aligned_allocator<PCD> > &models)
      |                  [01;35m[K~~~~^~~~[m[K
[01m[K/home/mete/catkin_ws/src/pcl/src/register.cpp:50:35:[m[K [01;35m[Kwarning: [m[Kunused parameter â€˜[01m[Kargv[m[Kâ€™ [[01;35m[K-Wunused-parameter[m[K]
   50 | void loadData_1 (int argc, [01;35m[Kchar **argv[m[K, std::vector<PCD, Eigen::aligned_allocator<PCD> > &models)
      |                            [01;35m[K~~~~~~~^~~~[m[K
[01m[K/home/mete/catkin_ws/src/pcl/src/register.cpp:[m[K In function â€˜[01m[Kvoid loadData_2(int, char**, std::vector<PCD, Eigen::aligned_allocator<PCD> >&)[m[Kâ€™:
[01m[K/home/mete/catkin_ws/src/pcl/src/register.cpp:86:5:[m[K [01;31m[Kerror: [m[Kcontinue statement not within a loop
   86 |     [01;31m[Kcontinue[m[K;
      |     [01;31m[K^~~~~~~~[m[K
[01m[K/home/mete/catkin_ws/src/pcl/src/register.cpp:78:22:[m[K [01;35m[Kwarning: [m[Kunused parameter â€˜[01m[Kargc[m[Kâ€™ [[01;35m[K-Wunused-parameter[m[K]
   78 | void loadData_2 ([01;35m[Kint argc[m[K, char **argv, std::vector<PCD, Eigen::aligned_allocator<PCD> > &models)
      |                  [01;35m[K~~~~^~~~[m[K
[01m[K/home/mete/catkin_ws/src/pcl/src/register.cpp:78:35:[m[K [01;35m[Kwarning: [m[Kunused parameter â€˜[01m[Kargv[m[Kâ€™ [[01;35m[K-Wunused-parameter[m[K]
   78 | void loadData_2 (int argc, [01;35m[Kchar **argv[m[K, std::vector<PCD, Eigen::aligned_allocator<PCD> > &models)
      |                            [01;35m[K~~~~~~~^~~~[m[K
[01m[K/home/mete/catkin_ws/src/pcl/src/register.cpp:[m[K In function â€˜[01m[Kint main(int, char**)[m[Kâ€™:
[01m[K/home/mete/catkin_ws/src/pcl/src/register.cpp:216:3:[m[K [01;31m[Kerror: [m[Kâ€˜[01m[KloadData[m[Kâ€™ was not declared in this scope; did you mean â€˜[01m[KloadData_2[m[Kâ€™?
  216 |   [01;31m[KloadData[m[K (argc, argv, data);
      |   [01;31m[K^~~~~~~~[m[K
      |   [32m[KloadData_2[m[K
make[2]: *** [CMakeFiles/register.dir/build.make:63: CMakeFiles/register.dir/src/register.cpp.o] Interrupt
make[1]: *** [CMakeFiles/Makefile2:82: CMakeFiles/register.dir/all] Interrupt
make: *** [Makefile:141: all] Interrupt
