[0.015s] Invoking command in '/home/mete/catkin_ws/build/pcl': CMAKE_PREFIX_PATH=/home/mete/catkin_ws/install/pcl_conversions:/home/mete/catkin_ws/install/perception_pcl:/home/mete/catkin_ws/install/pcl_ros:/home/mete/catkin_ws/install/pcl:/home/mete/catkin_ws/install/localization:/home/mete/catkin_ws2/install/pugixml:/home/mete/catkin_ws2/install/parser:/home/mete/catkin_ws2/install/localization:/home/mete/catkin_ws2/install/LibKML:/home/mete/catkin_ws2/install/GeographicLib:/opt/ros/foxy /usr/bin/cmake --build /home/mete/catkin_ws/build/pcl -- -j12 -l12
[0.052s] [35m[1mScanning dependencies of target register[0m
[0.077s] [ 33%] Built target matrix_transform
[0.077s] [ 50%] [32mBuilding CXX object CMakeFiles/register.dir/src/register.cpp.o[0m
[0.081s] [ 83%] Built target pcd_read
[4.751s] [01m[K/home/mete/catkin_ws/src/pcl/src/register.cpp:[m[K In function â€˜[01m[Kvoid loadData_1(int, char**, std::vector<PCD, Eigen::aligned_allocator<PCD> >&)[m[Kâ€™:
[4.751s] [01m[K/home/mete/catkin_ws/src/pcl/src/register.cpp:58:5:[m[K [01;31m[Kerror: [m[Kcontinue statement not within a loop
[4.751s]    58 |     [01;31m[Kcontinue[m[K;
[4.751s]       |     [01;31m[K^~~~~~~~[m[K
[4.754s] [01m[K/home/mete/catkin_ws/src/pcl/src/register.cpp:50:22:[m[K [01;35m[Kwarning: [m[Kunused parameter â€˜[01m[Kargc[m[Kâ€™ [[01;35m[K-Wunused-parameter[m[K]
[4.754s]    50 | void loadData_1 ([01;35m[Kint argc[m[K, char **argv, std::vector<PCD, Eigen::aligned_allocator<PCD> > &models)
[4.754s]       |                  [01;35m[K~~~~^~~~[m[K
[4.754s] [01m[K/home/mete/catkin_ws/src/pcl/src/register.cpp:50:35:[m[K [01;35m[Kwarning: [m[Kunused parameter â€˜[01m[Kargv[m[Kâ€™ [[01;35m[K-Wunused-parameter[m[K]
[4.754s]    50 | void loadData_1 (int argc, [01;35m[Kchar **argv[m[K, std::vector<PCD, Eigen::aligned_allocator<PCD> > &models)
[4.754s]       |                            [01;35m[K~~~~~~~^~~~[m[K
[4.755s] [01m[K/home/mete/catkin_ws/src/pcl/src/register.cpp:[m[K In function â€˜[01m[Kvoid loadData_2(int, char**, std::vector<PCD, Eigen::aligned_allocator<PCD> >&)[m[Kâ€™:
[4.755s] [01m[K/home/mete/catkin_ws/src/pcl/src/register.cpp:86:5:[m[K [01;31m[Kerror: [m[Kcontinue statement not within a loop
[4.755s]    86 |     [01;31m[Kcontinue[m[K;
[4.755s]       |     [01;31m[K^~~~~~~~[m[K
[4.755s] [01m[K/home/mete/catkin_ws/src/pcl/src/register.cpp:78:22:[m[K [01;35m[Kwarning: [m[Kunused parameter â€˜[01m[Kargc[m[Kâ€™ [[01;35m[K-Wunused-parameter[m[K]
[4.755s]    78 | void loadData_2 ([01;35m[Kint argc[m[K, char **argv, std::vector<PCD, Eigen::aligned_allocator<PCD> > &models)
[4.755s]       |                  [01;35m[K~~~~^~~~[m[K
[4.755s] [01m[K/home/mete/catkin_ws/src/pcl/src/register.cpp:78:35:[m[K [01;35m[Kwarning: [m[Kunused parameter â€˜[01m[Kargv[m[Kâ€™ [[01;35m[K-Wunused-parameter[m[K]
[4.755s]    78 | void loadData_2 (int argc, [01;35m[Kchar **argv[m[K, std::vector<PCD, Eigen::aligned_allocator<PCD> > &models)
[4.755s]       |                            [01;35m[K~~~~~~~^~~~[m[K
[4.800s] [01m[K/home/mete/catkin_ws/src/pcl/src/register.cpp:[m[K In function â€˜[01m[Kint main(int, char**)[m[Kâ€™:
[4.800s] [01m[K/home/mete/catkin_ws/src/pcl/src/register.cpp:216:3:[m[K [01;31m[Kerror: [m[Kâ€˜[01m[KloadData[m[Kâ€™ was not declared in this scope; did you mean â€˜[01m[KloadData_2[m[Kâ€™?
[4.800s]   216 |   [01;31m[KloadData[m[K (argc, argv, data);
[4.800s]       |   [01;31m[K^~~~~~~~[m[K
[4.801s]       |   [32m[KloadData_2[m[K
[9.580s] make[2]: *** [CMakeFiles/register.dir/build.make:63: CMakeFiles/register.dir/src/register.cpp.o] Interrupt
[9.580s] make[1]: *** [CMakeFiles/Makefile2:82: CMakeFiles/register.dir/all] Interrupt
[9.581s] make: *** [Makefile:141: all] Interrupt
[9.614s] Invoked command in '/home/mete/catkin_ws/build/pcl' returned '-2': CMAKE_PREFIX_PATH=/home/mete/catkin_ws/install/pcl_conversions:/home/mete/catkin_ws/install/perception_pcl:/home/mete/catkin_ws/install/pcl_ros:/home/mete/catkin_ws/install/pcl:/home/mete/catkin_ws/install/localization:/home/mete/catkin_ws2/install/pugixml:/home/mete/catkin_ws2/install/parser:/home/mete/catkin_ws2/install/localization:/home/mete/catkin_ws2/install/LibKML:/home/mete/catkin_ws2/install/GeographicLib:/opt/ros/foxy /usr/bin/cmake --build /home/mete/catkin_ws/build/pcl -- -j12 -l12
