[0.022s] Invoking command in '/home/mete/catkin_ws/build/pcl': CMAKE_PREFIX_PATH=${CMAKE_PREFIX_PATH}:/opt/ros/foxy /usr/bin/cmake --build /home/mete/catkin_ws/build/pcl -- -j12 -l12
[0.051s] -- Found ament_cmake: 0.9.9 (/opt/ros/foxy/share/ament_cmake/cmake)
[0.078s] -- Using PYTHON_EXECUTABLE: /usr/bin/python3
[0.260s] -- Eigen found (include: /usr/include/eigen3, version: 3.3.7)
[0.349s] -- The imported target "vtkParseOGLExt" references the file
[0.350s]    "/usr/bin/vtkParseOGLExt-7.1"
[0.350s] but this file does not exist.  Possible reasons include:
[0.350s] * The file was deleted, renamed, or moved to another location.
[0.350s] * An install or uninstall procedure did not complete successfully.
[0.350s] * The installation package was faulty and contained
[0.350s]    "/usr/lib/cmake/vtk-7.1/VTKTargets.cmake"
[0.350s] but not all the files it references.
[0.350s] 
[0.350s] -- The imported target "vtkRenderingPythonTkWidgets" references the file
[0.350s]    "/usr/lib/x86_64-linux-gnu/libvtkRenderingPythonTkWidgets.so"
[0.350s] but this file does not exist.  Possible reasons include:
[0.351s] * The file was deleted, renamed, or moved to another location.
[0.351s] * An install or uninstall procedure did not complete successfully.
[0.351s] * The installation package was faulty and contained
[0.351s]    "/usr/lib/cmake/vtk-7.1/VTKTargets.cmake"
[0.351s] but not all the files it references.
[0.351s] 
[0.351s] -- The imported target "vtk" references the file
[0.351s]    "/usr/bin/vtk"
[0.351s] but this file does not exist.  Possible reasons include:
[0.351s] * The file was deleted, renamed, or moved to another location.
[0.351s] * An install or uninstall procedure did not complete successfully.
[0.352s] * The installation package was faulty and contained
[0.352s]    "/usr/lib/cmake/vtk-7.1/VTKTargets.cmake"
[0.352s] but not all the files it references.
[0.352s] 
[0.352s] -- The imported target "pvtk" references the file
[0.352s]    "/usr/bin/pvtk"
[0.352s] but this file does not exist.  Possible reasons include:
[0.352s] * The file was deleted, renamed, or moved to another location.
[0.352s] * An install or uninstall procedure did not complete successfully.
[0.352s] * The installation package was faulty and contained
[0.352s]    "/usr/lib/cmake/vtk-7.1/VTKTargets.cmake"
[0.352s] but not all the files it references.
[0.352s] 
[0.369s] -- Checking for module 'libusb-1.0'
[0.371s] --   No package 'libusb-1.0' found
[0.374s] -- Could NOT find USB_10 (missing: USB_10_LIBRARY USB_10_INCLUDE_DIR) 
[0.374s] -- OpenNI disabled because libusb-1.0 not found.
[0.375s] ** WARNING ** io features related to openni will be disabled
[0.379s] -- Checking for module 'libusb-1.0'
[0.381s] --   No package 'libusb-1.0' found
[0.384s] -- Could NOT find USB_10 (missing: USB_10_LIBRARY USB_10_INCLUDE_DIR) 
[0.384s] -- OpenNI 2 disabled because libusb-1.0 not found.
[0.384s] ** WARNING ** io features related to openni2 will be disabled
[0.384s] ** WARNING ** io features related to pcap will be disabled
[0.384s] ** WARNING ** io features related to png will be disabled
[0.397s] -- LIBUSB_1_LIBRARY (missing: LIBUSB_1_INCLUDE_DIR) 
[0.397s] ** WARNING ** io features related to libusb-1.0 will be disabled
[0.400s] -- Checking for module 'libusb-1.0'
[0.403s] --   No package 'libusb-1.0' found
[0.405s] -- Could NOT find USB_10 (missing: USB_10_LIBRARY USB_10_INCLUDE_DIR) 
[0.405s] -- OpenNI disabled because libusb-1.0 not found.
[0.405s] ** WARNING ** visualization features related to openni will be disabled
[0.409s] -- Checking for module 'libusb-1.0'
[0.412s] --   No package 'libusb-1.0' found
[0.415s] -- Could NOT find USB_10 (missing: USB_10_LIBRARY USB_10_INCLUDE_DIR) 
[0.415s] -- OpenNI 2 disabled because libusb-1.0 not found.
[0.415s] ** WARNING ** visualization features related to openni2 will be disabled
[0.428s] -- QHULL found (include: /usr/include, lib: optimized;/usr/lib/x86_64-linux-gnu/libqhull.so;debug;/usr/lib/x86_64-linux-gnu/libqhull.so)
[0.431s] -- Checking for module 'libusb-1.0'
[0.433s] --   No package 'libusb-1.0' found
[0.436s] -- Could NOT find USB_10 (missing: USB_10_LIBRARY USB_10_INCLUDE_DIR) 
[0.436s] -- OpenNI disabled because libusb-1.0 not found.
[0.436s] ** WARNING ** apps features related to openni will be disabled
[0.447s] -- looking for PCL_COMMON
[0.448s] -- looking for PCL_KDTREE
[0.448s] -- looking for PCL_OCTREE
[0.449s] -- looking for PCL_SEARCH
[0.449s] -- looking for PCL_SAMPLE_CONSENSUS
[0.450s] -- looking for PCL_FILTERS
[0.450s] -- looking for PCL_2D
[0.451s] -- looking for PCL_GEOMETRY
[0.451s] -- looking for PCL_IO
[0.452s] -- looking for PCL_FEATURES
[0.452s] -- looking for PCL_ML
[0.453s] -- looking for PCL_SEGMENTATION
[0.454s] -- looking for PCL_VISUALIZATION
[0.454s] -- looking for PCL_SURFACE
[0.455s] -- looking for PCL_REGISTRATION
[0.456s] -- looking for PCL_KEYPOINTS
[0.456s] -- looking for PCL_TRACKING
[0.457s] -- looking for PCL_RECOGNITION
[0.458s] -- looking for PCL_STEREO
[0.459s] -- looking for PCL_APPS
[0.460s] -- looking for PCL_IN_HAND_SCANNER
[0.461s] -- looking for PCL_POINT_CLOUD_EDITOR
[0.462s] -- looking for PCL_OUTOFCORE
[0.462s] -- looking for PCL_PEOPLE
[0.464s] -- Found pcl_conversions: 2.2.1 (/opt/ros/foxy/share/pcl_conversions/cmake)
[0.481s] -- Using all available rosidl_typesupport_c: rosidl_typesupport_fastrtps_c;rosidl_typesupport_introspection_c
[0.484s] -- Found rosidl_adapter: 1.2.1 (/opt/ros/foxy/share/rosidl_adapter/cmake)
[0.593s] -- Using all available rosidl_typesupport_cpp: rosidl_typesupport_fastrtps_cpp;rosidl_typesupport_introspection_cpp
[1.155s] -- Found rmw_implementation_cmake: 1.0.3 (/opt/ros/foxy/share/rmw_implementation_cmake/cmake)
[1.158s] -- Using RMW implementation 'rmw_fastrtps_cpp' as default
[1.505s] -- Found tf2: 0.13.13 (/opt/ros/foxy/share/tf2/cmake)
[1.533s] -- Found tf2_geometry_msgs: 0.13.13 (/opt/ros/foxy/share/tf2_geometry_msgs/cmake)
[1.548s] -- Found eigen3_cmake_module: 0.1.1 (/opt/ros/foxy/share/eigen3_cmake_module/cmake)
[2.043s] -- Found ament_lint_auto: 0.9.6 (/opt/ros/foxy/share/ament_lint_auto/cmake)
[2.094s] -- Added test 'copyright' to check source files copyright and LICENSE
[2.095s] -- Added test 'cppcheck' to perform static code analysis on C / C++ code
[2.095s] -- Configured cppcheck include dirs: 
[2.095s] -- Configured cppcheck exclude dirs and/or files: 
[2.096s] -- Added test 'cpplint' to check C / C++ code against the Google style
[2.096s] -- Configured cpplint exclude dirs and/or files: 
[2.097s] -- Added test 'lint_cmake' to check CMake code style
[2.097s] -- Added test 'uncrustify' to check C / C++ code style
[2.097s] -- Configured uncrustify additional arguments: 
[2.098s] -- Added test 'xmllint' to check XML markup files
[2.100s] -- Configuring done
[2.151s] -- Generating done
[2.153s] -- Build files have been written to: /home/mete/catkin_ws/build/pcl
[2.176s] [35m[1mScanning dependencies of target pcd_read[0m
[2.237s] [ 50%] [32mBuilding CXX object CMakeFiles/pcd_read.dir/src/pcd_read.cpp.o[0m
[6.234s] [01m[K/home/mete/catkin_ws/src/pcl/src/pcd_read.cpp:20:22:[m[K [01;31m[Kerror: [m[KISO C++ forbids declaration of â€˜[01m[KMinimalPublisher[m[Kâ€™ with no type [[01;31m[K-fpermissive[m[K]
[6.234s]    20 |     MinimalPublisher([01;31m[K)[m[K
[6.234s]       |                      [01;31m[K^[m[K
[6.235s] [01m[K/home/mete/catkin_ws/src/pcl/src/pcd_read.cpp:37:38:[m[K [01;31m[Kerror: [m[Kâ€˜[01m[KString[m[Kâ€™ is not a member of â€˜[01m[Kstd_msgs::msg[m[Kâ€™
[6.236s]    37 |     rclcpp::Publisher<std_msgs::msg::[01;31m[KString[m[K>::SharedPtr publisher_;
[6.236s]       |                                      [01;31m[K^~~~~~[m[K
[6.236s] [01m[K/home/mete/catkin_ws/src/pcl/src/pcd_read.cpp:37:38:[m[K [01;31m[Kerror: [m[Kâ€˜[01m[KString[m[Kâ€™ is not a member of â€˜[01m[Kstd_msgs::msg[m[Kâ€™
[6.236s] [01m[K/home/mete/catkin_ws/src/pcl/src/pcd_read.cpp:37:44:[m[K [01;31m[Kerror: [m[Ktemplate argument 1 is invalid
[6.237s]    37 |     rclcpp::Publisher<std_msgs::msg::String[01;31m[K>[m[K::SharedPtr publisher_;
[6.237s]       |                                            [01;31m[K^[m[K
[6.237s] [01m[K/home/mete/catkin_ws/src/pcl/src/pcd_read.cpp:37:47:[m[K [01;31m[Kerror: [m[Kexpected â€˜[01m[K;[m[Kâ€™ at end of member declaration
[6.237s]    37 |     rclcpp::Publisher<std_msgs::msg::String>::[01;31m[KSharedPtr[m[K publisher_;
[6.237s]       |                                               [01;31m[K^~~~~~~~~[m[K
[6.237s]       |                                                        [32m[K;[m[K
[6.239s] [01m[K/home/mete/catkin_ws/src/pcl/src/pcd_read.cpp:37:57:[m[K [01;31m[Kerror: [m[Kâ€˜[01m[Kpublisher_[m[Kâ€™ does not name a type; did you mean â€˜[01m[KPublisher[m[Kâ€™?
[6.239s]    37 |     rclcpp::Publisher<std_msgs::msg::String>::SharedPtr [01;31m[Kpublisher_[m[K;
[6.239s]       |                                                         [01;31m[K^~~~~~~~~~[m[K
[6.239s]       |                                                         [32m[KPublisher[m[K
[6.239s] [01m[K/home/mete/catkin_ws/src/pcl/src/pcd_read.cpp:[m[K In member function â€˜[01m[Kint Publisher::MinimalPublisher()[m[Kâ€™:
[6.239s] [01m[K/home/mete/catkin_ws/src/pcl/src/pcd_read.cpp:21:7:[m[K [01;31m[Kerror: [m[Konly constructors take member initializers
[6.239s]    21 |     : [01;31m[KNode[m[K("minimal_publisher"), count_(0)
[6.239s]       |       [01;31m[K^~~~[m[K
[6.242s] [01m[K/home/mete/catkin_ws/src/pcl/src/pcd_read.cpp:23:7:[m[K [01;31m[Kerror: [m[Kâ€˜[01m[Kpublisher_[m[Kâ€™ was not declared in this scope; did you mean â€˜[01m[KPublisher[m[Kâ€™?
[6.242s]    23 |       [01;31m[Kpublisher_[m[K = this->create_publisher<std_msgs::msg::String>("topic", 10);
[6.242s]       |       [01;31m[K^~~~~~~~~~[m[K
[6.242s]       |       [32m[KPublisher[m[K
[6.243s] [01m[K/home/mete/catkin_ws/src/pcl/src/pcd_read.cpp:23:58:[m[K [01;31m[Kerror: [m[Kâ€˜[01m[KString[m[Kâ€™ is not a member of â€˜[01m[Kstd_msgs::msg[m[Kâ€™
[6.243s]    23 |       publisher_ = this->create_publisher<std_msgs::msg::[01;31m[KString[m[K>("topic", 10);
[6.243s]       |                                                          [01;31m[K^~~~~~[m[K
[6.243s] [01m[K/home/mete/catkin_ws/src/pcl/src/pcd_read.cpp:23:58:[m[K [01;31m[Kerror: [m[Kâ€˜[01m[KString[m[Kâ€™ is not a member of â€˜[01m[Kstd_msgs::msg[m[Kâ€™
[6.243s] [01m[K/home/mete/catkin_ws/src/pcl/src/pcd_read.cpp:23:77:[m[K [01;31m[Kerror: [m[Kno matching function for call to â€˜[01m[KPublisher::create_publisher<<expression error> >(const char [6], int)[m[Kâ€™
[6.243s]    23 |       publisher_ = this->create_publisher<std_msgs::msg::String>("topic", 10[01;31m[K)[m[K;
[6.244s]       |                                                                             [01;31m[K^[m[K
[6.244s] In file included from [01m[K/opt/ros/foxy/include/rclcpp/executors/single_threaded_executor.hpp:28[m[K,
[6.244s]                  from [01m[K/opt/ros/foxy/include/rclcpp/executors.hpp:22[m[K,
[6.244s]                  from [01m[K/opt/ros/foxy/include/rclcpp/rclcpp.hpp:146[m[K,
[6.244s]                  from [01m[K/opt/ros/foxy/include/pcl_conversions/pcl_conversions.h:42[m[K,
[6.244s]                  from [01m[K/home/mete/catkin_ws/src/pcl/src/pcd_read.cpp:10[m[K:
[6.244s] [01m[K/opt/ros/foxy/include/rclcpp/node.hpp:184:3:[m[K [01;36m[Knote: [m[Kcandidate: â€˜[01m[Ktemplate<class MessageT, class AllocatorT, class PublisherT> std::shared_ptr<PublisherT> rclcpp::Node::create_publisher(const string&, const rclcpp::QoS&, const rclcpp::PublisherOptionsWithAllocator<AllocatorT>&)[m[Kâ€™
[6.244s]   184 |   [01;36m[Kcreate_publisher[m[K(
[6.244s]       |   [01;36m[K^~~~~~~~~~~~~~~~[m[K
[6.244s] [01m[K/opt/ros/foxy/include/rclcpp/node.hpp:184:3:[m[K [01;36m[Knote: [m[K  template argument deduction/substitution failed:
[6.244s] [01m[K/home/mete/catkin_ws/src/pcl/src/pcd_read.cpp:23:77:[m[K [01;31m[Kerror: [m[Ktemplate argument 1 is invalid
[6.244s]    23 |       publisher_ = this->create_publisher<std_msgs::msg::String>("topic", 10[01;31m[K)[m[K;
[6.244s]       |                                                                             [01;31m[K^[m[K
[6.245s] [01m[K/home/mete/catkin_ws/src/pcl/src/pcd_read.cpp:25:7:[m[K [01;31m[Kerror: [m[Kunable to find numeric literal operator â€˜[01m[Koperator""ms[m[Kâ€™
[6.245s]    25 |       [01;31m[K500ms[m[K, std::bind(&MinimalPublisher::timer_callback, this));
[6.245s]       |       [01;31m[K^~~~~[m[K
[6.245s] [01m[K/home/mete/catkin_ws/src/pcl/src/pcd_read.cpp:25:25:[m[K [01;31m[Kerror: [m[Kâ€˜[01m[KMinimalPublisher[m[Kâ€™ is not a class, namespace, or enumeration
[6.245s]    25 |       500ms, std::bind(&[01;31m[KMinimalPublisher[m[K::timer_callback, this));
[6.245s]       |                         [01;31m[K^~~~~~~~~~~~~~~~[m[K
[6.245s] [01m[K/home/mete/catkin_ws/src/pcl/src/pcd_read.cpp:26:5:[m[K [01;35m[Kwarning: [m[Kno return statement in function returning non-void [[01;35m[K-Wreturn-type[m[K]
[6.245s]    26 |     [01;35m[K}[m[K
[6.245s]       |     [01;35m[K^[m[K
[6.245s] [01m[K/home/mete/catkin_ws/src/pcl/src/pcd_read.cpp:[m[K In member function â€˜[01m[Kvoid Publisher::timer_callback()[m[Kâ€™:
[6.245s] [01m[K/home/mete/catkin_ws/src/pcl/src/pcd_read.cpp:31:37:[m[K [01;31m[Kerror: [m[Kâ€˜[01m[KString[m[Kâ€™ is not a member of â€˜[01m[Kstd_msgs::msg[m[Kâ€™
[6.245s]    31 |       auto message = std_msgs::msg::[01;31m[KString[m[K();
[6.245s]       |                                     [01;31m[K^~~~~~[m[K
[6.247s] [01m[K/home/mete/catkin_ws/src/pcl/src/pcd_read.cpp:34:7:[m[K [01;31m[Kerror: [m[Kâ€˜[01m[Kpublisher_[m[Kâ€™ was not declared in this scope; did you mean â€˜[01m[KPublisher[m[Kâ€™?
[6.247s]    34 |       [01;31m[Kpublisher_[m[K->publish(message);
[6.247s]       |       [01;31m[K^~~~~~~~~~[m[K
[6.247s]       |       [32m[KPublisher[m[K
[6.249s] [01m[K/home/mete/catkin_ws/src/pcl/src/pcd_read.cpp:[m[K In function â€˜[01m[Kint main()[m[Kâ€™:
[6.249s] [01m[K/home/mete/catkin_ws/src/pcl/src/pcd_read.cpp:55:3:[m[K [01;31m[Kerror: [m[Kâ€˜[01m[Kpub_[m[Kâ€™ was not declared in this scope
[6.249s]    55 |   [01;31m[Kpub_[m[K = create_publisher<sensor_msgs::msg::PointCloud2>("point_cloud");
[6.249s]       |   [01;31m[K^~~~[m[K
[6.249s] [01m[K/home/mete/catkin_ws/src/pcl/src/pcd_read.cpp:55:10:[m[K [01;31m[Kerror: [m[Kâ€˜[01m[Kcreate_publisher[m[Kâ€™ was not declared in this scope; did you mean â€˜[01m[Krclcpp::create_publisher[m[Kâ€™?
[6.249s]    55 |   pub_ = [01;31m[Kcreate_publisher[m[K<sensor_msgs::msg::PointCloud2>("point_cloud");
[6.250s]       |          [01;31m[K^~~~~~~~~~~~~~~~[m[K
[6.250s]       |          [32m[Krclcpp::create_publisher[m[K
[6.250s] In file included from [01m[K/opt/ros/foxy/include/rclcpp/node_impl.hpp:39[m[K,
[6.250s]                  from [01m[K/opt/ros/foxy/include/rclcpp/node.hpp:1224[m[K,
[6.250s]                  from [01m[K/opt/ros/foxy/include/rclcpp/executors/single_threaded_executor.hpp:28[m[K,
[6.250s]                  from [01m[K/opt/ros/foxy/include/rclcpp/executors.hpp:22[m[K,
[6.250s]                  from [01m[K/opt/ros/foxy/include/rclcpp/rclcpp.hpp:146[m[K,
[6.250s]                  from [01m[K/opt/ros/foxy/include/pcl_conversions/pcl_conversions.h:42[m[K,
[6.250s]                  from [01m[K/home/mete/catkin_ws/src/pcl/src/pcd_read.cpp:10[m[K:
[6.250s] [01m[K/opt/ros/foxy/include/rclcpp/create_publisher.hpp:43:1:[m[K [01;36m[Knote: [m[Kâ€˜[01m[Krclcpp::create_publisher[m[Kâ€™ declared here
[6.250s]    43 | [01;36m[Kcreate_publisher[m[K(
[6.250s]       | [01;36m[K^~~~~~~~~~~~~~~~[m[K
[6.250s] [01m[K/home/mete/catkin_ws/src/pcl/src/pcd_read.cpp:55:56:[m[K [01;31m[Kerror: [m[Kexpected primary-expression before â€˜[01m[K>[m[Kâ€™ token
[6.250s]    55 |   pub_ = create_publisher<sensor_msgs::msg::PointCloud2[01;31m[K>[m[K("point_cloud");
[6.250s]       |                                                        [01;31m[K^[m[K
[7.070s] make[2]: *** [CMakeFiles/pcd_read.dir/build.make:63: CMakeFiles/pcd_read.dir/src/pcd_read.cpp.o] Error 1
[7.070s] make[1]: *** [CMakeFiles/Makefile2:105: CMakeFiles/pcd_read.dir/all] Error 2
[7.070s] make: *** [Makefile:141: all] Error 2
[7.073s] Invoked command in '/home/mete/catkin_ws/build/pcl' returned '2': CMAKE_PREFIX_PATH=${CMAKE_PREFIX_PATH}:/opt/ros/foxy /usr/bin/cmake --build /home/mete/catkin_ws/build/pcl -- -j12 -l12
