[0.018s] Invoking command in '/home/mete/catkin_ws/build/pcl': CMAKE_PREFIX_PATH=/home/mete/catkin_ws/install/pcl_conversions:/home/mete/catkin_ws/install/perception_pcl:/home/mete/catkin_ws/install/pcl_ros:/home/mete/catkin_ws/install/pcl:/home/mete/catkin_ws/install/localization:/home/mete/catkin_ws2/install/pugixml:/home/mete/catkin_ws2/install/parser:/home/mete/catkin_ws2/install/localization:/home/mete/catkin_ws2/install/LibKML:/home/mete/catkin_ws2/install/GeographicLib:/opt/ros/foxy /usr/bin/cmake --build /home/mete/catkin_ws/build/pcl -- -j12 -l12
[0.056s] [35m[1mScanning dependencies of target register[0m
[0.082s] [ 50%] Built target matrix_transform
[0.103s] [ 75%] [32mBuilding CXX object CMakeFiles/register.dir/src/register.cpp.o[0m
[5.307s] [01m[K/home/mete/catkin_ws/src/pcl/src/register.cpp:76:6:[m[K [01;31m[Kerror: [m[Kexpected unqualified-id before â€˜[01m[Kwhile[m[Kâ€™
[5.308s]    76 |      [01;31m[Kwhile[m[K (rclcpp::ok())
[5.308s]       |      [01;31m[K^~~~~[m[K
[5.319s] [01m[K/home/mete/catkin_ws/src/pcl/src/register.cpp:[m[K In constructor â€˜[01m[KMinimalPublisher::MinimalPublisher()[m[Kâ€™:
[5.319s] [01m[K/home/mete/catkin_ws/src/pcl/src/register.cpp:69:22:[m[K [01;31m[Kerror: [m[Kâ€˜[01m[Kpcl_cloud1[m[Kâ€™ was not declared in this scope; did you mean â€˜[01m[Kros_cloud1[m[Kâ€™?
[5.319s]    69 |       pcl::toROSMsg(*[01;31m[Kpcl_cloud1[m[K, cloud_1);
[5.319s]       |                      [01;31m[K^~~~~~~~~~[m[K
[5.319s]       |                      [32m[Kros_cloud1[m[K
[5.324s] [01m[K/home/mete/catkin_ws/src/pcl/src/register.cpp:70:22:[m[K [01;31m[Kerror: [m[Kâ€˜[01m[Kpcl_cloud2[m[Kâ€™ was not declared in this scope; did you mean â€˜[01m[Kros_cloud2[m[Kâ€™?
[5.324s]    70 |       pcl::toROSMsg(*[01;31m[Kpcl_cloud2[m[K, cloud_2);
[5.325s]       |                      [01;31m[K^~~~~~~~~~[m[K
[5.325s]       |                      [32m[Kros_cloud2[m[K
[15.377s] make[2]: *** [CMakeFiles/register.dir/build.make:63: CMakeFiles/register.dir/src/register.cpp.o] Error 1
[15.377s] make[1]: *** [CMakeFiles/Makefile2:80: CMakeFiles/register.dir/all] Error 2
[15.377s] make: *** [Makefile:141: all] Error 2
[15.379s] Invoked command in '/home/mete/catkin_ws/build/pcl' returned '2': CMAKE_PREFIX_PATH=/home/mete/catkin_ws/install/pcl_conversions:/home/mete/catkin_ws/install/perception_pcl:/home/mete/catkin_ws/install/pcl_ros:/home/mete/catkin_ws/install/pcl:/home/mete/catkin_ws/install/localization:/home/mete/catkin_ws2/install/pugixml:/home/mete/catkin_ws2/install/parser:/home/mete/catkin_ws2/install/localization:/home/mete/catkin_ws2/install/LibKML:/home/mete/catkin_ws2/install/GeographicLib:/opt/ros/foxy /usr/bin/cmake --build /home/mete/catkin_ws/build/pcl -- -j12 -l12
