[35m[1mScanning dependencies of target pcd_read[0m
[ 50%] [32mBuilding CXX object CMakeFiles/pcd_read.dir/src/pcd_read.cpp.o[0m
[01m[K/home/mete/catkin_ws/src/pcl/src/pcd_read.cpp:[m[K In function â€˜[01m[Kint main()[m[Kâ€™:
[01m[K/home/mete/catkin_ws/src/pcl/src/pcd_read.cpp:83:5:[m[K [01;31m[Kerror: [m[Kâ€˜[01m[Kcin[m[Kâ€™ was not declared in this scope; did you mean â€˜[01m[Kstd::cin[m[Kâ€™?
   83 |     [01;31m[Kcin[m[K >> arr1[point.x][point.y][point.z]
      |     [01;31m[K^~~[m[K
      |     [32m[Kstd::cin[m[K
In file included from [01m[K/home/mete/catkin_ws/src/pcl/src/pcd_read.cpp:1[m[K:
[01m[K/usr/include/c++/9/iostream:60:18:[m[K [01;36m[Knote: [m[Kâ€˜[01m[Kstd::cin[m[Kâ€™ declared here
   60 |   extern istream [01;36m[Kcin[m[K;  /// Linked to standard input
      |                  [01;36m[K^~~[m[K
[01m[K/home/mete/catkin_ws/src/pcl/src/pcd_read.cpp:83:24:[m[K [01;31m[Kerror: [m[Kinvalid types â€˜[01m[Kint*[const float][m[Kâ€™ for array subscript
   83 |     cin >> arr1[point.x[01;31m[K][m[K[point.y][point.z]
      |                        [01;31m[K^[m[K
make[2]: *** [CMakeFiles/pcd_read.dir/build.make:63: CMakeFiles/pcd_read.dir/src/pcd_read.cpp.o] Error 1
make[1]: *** [CMakeFiles/Makefile2:105: CMakeFiles/pcd_read.dir/all] Error 2
make: *** [Makefile:141: all] Error 2
