[0.015s] Invoking command in '/home/mete/catkin_ws/build/pcl': CMAKE_PREFIX_PATH=/home/mete/catkin_ws/install/pcl_conversions:/home/mete/catkin_ws/install/perception_pcl:/home/mete/catkin_ws/install/pcl_ros:/home/mete/catkin_ws/install/pcl:/home/mete/catkin_ws/install/localization:/home/mete/catkin_ws2/install/pugixml:/home/mete/catkin_ws2/install/parser:/home/mete/catkin_ws2/install/localization:/home/mete/catkin_ws2/install/LibKML:/home/mete/catkin_ws2/install/GeographicLib:/opt/ros/foxy /usr/bin/cmake --build /home/mete/catkin_ws/build/pcl -- -j12 -l12
[0.055s] [35m[1mScanning dependencies of target register[0m
[0.070s] [ 50%] Built target matrix_transform
[0.097s] [ 75%] [32mBuilding CXX object CMakeFiles/register.dir/src/register.cpp.o[0m
[5.385s] [01m[K/home/mete/catkin_ws/src/pcl/src/register.cpp:[m[K In constructor â€˜[01m[KMinimalPublisher::MinimalPublisher()[m[Kâ€™:
[5.385s] [01m[K/home/mete/catkin_ws/src/pcl/src/register.cpp:95:11:[m[K [01;31m[Kerror: [m[Kâ€˜[01m[Kdownsample[m[Kâ€™ was not declared in this scope
[5.385s]    95 |       if ([01;31m[Kdownsample[m[K)
[5.385s]       |           [01;31m[K^~~~~~~~~~[m[K
[5.462s] [01m[K/home/mete/catkin_ws/src/pcl/src/register.cpp:178:34:[m[K [01;31m[Kerror: [m[Kâ€˜[01m[Kcloud_tgt[m[Kâ€™ was not declared in this scope; did you mean â€˜[01m[Kcloud_2[m[Kâ€™?
[5.462s]   178 |       pcl::transformPointCloud (*[01;31m[Kcloud_tgt[m[K, *target, targetToSource);
[5.462s]       |                                  [01;31m[K^~~~~~~~~[m[K
[5.462s]       |                                  [32m[Kcloud_2[m[K
[5.469s] [01m[K/home/mete/catkin_ws/src/pcl/src/register.cpp:180:7:[m[K [01;31m[Kerror: [m[Kâ€˜[01m[Kfinal_transform[m[Kâ€™ was not declared in this scope
[5.469s]   180 |       [01;31m[Kfinal_transform[m[K = targetToSource;
[5.469s]       |       [01;31m[K^~~~~~~~~~~~~~~[m[K
[15.669s] make[2]: *** [CMakeFiles/register.dir/build.make:63: CMakeFiles/register.dir/src/register.cpp.o] Error 1
[15.670s] make[1]: *** [CMakeFiles/Makefile2:80: CMakeFiles/register.dir/all] Error 2
[15.670s] make: *** [Makefile:141: all] Error 2
[15.673s] Invoked command in '/home/mete/catkin_ws/build/pcl' returned '2': CMAKE_PREFIX_PATH=/home/mete/catkin_ws/install/pcl_conversions:/home/mete/catkin_ws/install/perception_pcl:/home/mete/catkin_ws/install/pcl_ros:/home/mete/catkin_ws/install/pcl:/home/mete/catkin_ws/install/localization:/home/mete/catkin_ws2/install/pugixml:/home/mete/catkin_ws2/install/parser:/home/mete/catkin_ws2/install/localization:/home/mete/catkin_ws2/install/LibKML:/home/mete/catkin_ws2/install/GeographicLib:/opt/ros/foxy /usr/bin/cmake --build /home/mete/catkin_ws/build/pcl -- -j12 -l12
