[0.021s] Invoking command in '/home/mete/catkin_ws/build/pcl': CMAKE_PREFIX_PATH=${CMAKE_PREFIX_PATH}:/opt/ros/foxy /usr/bin/cmake --build /home/mete/catkin_ws/build/pcl -- -j12 -l12
[0.043s] -- Found ament_cmake: 0.9.9 (/opt/ros/foxy/share/ament_cmake/cmake)
[0.064s] -- Using PYTHON_EXECUTABLE: /usr/bin/python3
[0.230s] -- Eigen found (include: /usr/include/eigen3, version: 3.3.7)
[0.307s] -- The imported target "vtkParseOGLExt" references the file
[0.307s]    "/usr/bin/vtkParseOGLExt-7.1"
[0.307s] but this file does not exist.  Possible reasons include:
[0.307s] * The file was deleted, renamed, or moved to another location.
[0.307s] * An install or uninstall procedure did not complete successfully.
[0.307s] * The installation package was faulty and contained
[0.307s]    "/usr/lib/cmake/vtk-7.1/VTKTargets.cmake"
[0.307s] but not all the files it references.
[0.307s] 
[0.308s] -- The imported target "vtkRenderingPythonTkWidgets" references the file
[0.308s]    "/usr/lib/x86_64-linux-gnu/libvtkRenderingPythonTkWidgets.so"
[0.308s] but this file does not exist.  Possible reasons include:
[0.308s] * The file was deleted, renamed, or moved to another location.
[0.308s] * An install or uninstall procedure did not complete successfully.
[0.308s] * The installation package was faulty and contained
[0.308s]    "/usr/lib/cmake/vtk-7.1/VTKTargets.cmake"
[0.308s] but not all the files it references.
[0.308s] 
[0.309s] -- The imported target "vtk" references the file
[0.309s]    "/usr/bin/vtk"
[0.309s] but this file does not exist.  Possible reasons include:
[0.309s] * The file was deleted, renamed, or moved to another location.
[0.309s] * An install or uninstall procedure did not complete successfully.
[0.309s] * The installation package was faulty and contained
[0.309s]    "/usr/lib/cmake/vtk-7.1/VTKTargets.cmake"
[0.309s] but not all the files it references.
[0.309s] 
[0.309s] -- The imported target "pvtk" references the file
[0.309s]    "/usr/bin/pvtk"
[0.309s] but this file does not exist.  Possible reasons include:
[0.310s] * The file was deleted, renamed, or moved to another location.
[0.310s] * An install or uninstall procedure did not complete successfully.
[0.310s] * The installation package was faulty and contained
[0.310s]    "/usr/lib/cmake/vtk-7.1/VTKTargets.cmake"
[0.310s] but not all the files it references.
[0.310s] 
[0.325s] -- Checking for module 'libusb-1.0'
[0.328s] --   No package 'libusb-1.0' found
[0.330s] -- Could NOT find USB_10 (missing: USB_10_LIBRARY USB_10_INCLUDE_DIR) 
[0.330s] -- OpenNI disabled because libusb-1.0 not found.
[0.330s] ** WARNING ** io features related to openni will be disabled
[0.334s] -- Checking for module 'libusb-1.0'
[0.336s] --   No package 'libusb-1.0' found
[0.338s] -- Could NOT find USB_10 (missing: USB_10_LIBRARY USB_10_INCLUDE_DIR) 
[0.338s] -- OpenNI 2 disabled because libusb-1.0 not found.
[0.339s] ** WARNING ** io features related to openni2 will be disabled
[0.339s] ** WARNING ** io features related to pcap will be disabled
[0.339s] ** WARNING ** io features related to png will be disabled
[0.350s] -- LIBUSB_1_LIBRARY (missing: LIBUSB_1_INCLUDE_DIR) 
[0.350s] ** WARNING ** io features related to libusb-1.0 will be disabled
[0.353s] -- Checking for module 'libusb-1.0'
[0.355s] --   No package 'libusb-1.0' found
[0.358s] -- Could NOT find USB_10 (missing: USB_10_LIBRARY USB_10_INCLUDE_DIR) 
[0.358s] -- OpenNI disabled because libusb-1.0 not found.
[0.358s] ** WARNING ** visualization features related to openni will be disabled
[0.361s] -- Checking for module 'libusb-1.0'
[0.363s] --   No package 'libusb-1.0' found
[0.365s] -- Could NOT find USB_10 (missing: USB_10_LIBRARY USB_10_INCLUDE_DIR) 
[0.365s] -- OpenNI 2 disabled because libusb-1.0 not found.
[0.365s] ** WARNING ** visualization features related to openni2 will be disabled
[0.376s] -- QHULL found (include: /usr/include, lib: optimized;/usr/lib/x86_64-linux-gnu/libqhull.so;debug;/usr/lib/x86_64-linux-gnu/libqhull.so)
[0.379s] -- Checking for module 'libusb-1.0'
[0.381s] --   No package 'libusb-1.0' found
[0.383s] -- Could NOT find USB_10 (missing: USB_10_LIBRARY USB_10_INCLUDE_DIR) 
[0.383s] -- OpenNI disabled because libusb-1.0 not found.
[0.383s] ** WARNING ** apps features related to openni will be disabled
[0.393s] -- looking for PCL_COMMON
[0.394s] -- looking for PCL_KDTREE
[0.394s] -- looking for PCL_OCTREE
[0.395s] -- looking for PCL_SEARCH
[0.395s] -- looking for PCL_SAMPLE_CONSENSUS
[0.396s] -- looking for PCL_FILTERS
[0.396s] -- looking for PCL_2D
[0.397s] -- looking for PCL_GEOMETRY
[0.397s] -- looking for PCL_IO
[0.398s] -- looking for PCL_FEATURES
[0.398s] -- looking for PCL_ML
[0.399s] -- looking for PCL_SEGMENTATION
[0.399s] -- looking for PCL_VISUALIZATION
[0.400s] -- looking for PCL_SURFACE
[0.401s] -- looking for PCL_REGISTRATION
[0.401s] -- looking for PCL_KEYPOINTS
[0.402s] -- looking for PCL_TRACKING
[0.402s] -- looking for PCL_RECOGNITION
[0.403s] -- looking for PCL_STEREO
[0.404s] -- looking for PCL_APPS
[0.405s] -- looking for PCL_IN_HAND_SCANNER
[0.406s] -- looking for PCL_POINT_CLOUD_EDITOR
[0.406s] -- looking for PCL_OUTOFCORE
[0.407s] -- looking for PCL_PEOPLE
[0.408s] -- Found ament_lint_auto: 0.9.6 (/opt/ros/foxy/share/ament_lint_auto/cmake)
[0.459s] -- Added test 'copyright' to check source files copyright and LICENSE
[0.459s] -- Added test 'cppcheck' to perform static code analysis on C / C++ code
[0.460s] -- Configured cppcheck include dirs: 
[0.460s] -- Configured cppcheck exclude dirs and/or files: 
[0.460s] -- Added test 'cpplint' to check C / C++ code against the Google style
[0.460s] -- Configured cpplint exclude dirs and/or files: 
[0.461s] -- Added test 'lint_cmake' to check CMake code style
[0.462s] -- Added test 'uncrustify' to check C / C++ code style
[0.462s] -- Configured uncrustify additional arguments: 
[0.462s] -- Added test 'xmllint' to check XML markup files
[0.463s] -- Configuring done
[0.485s] -- Generating done
[0.486s] -- Build files have been written to: /home/mete/catkin_ws/build/pcl
[0.508s] [35m[1mScanning dependencies of target pcd_read[0m
[0.523s] [ 50%] [32mBuilding CXX object CMakeFiles/pcd_read.dir/src/pcd_read.cpp.o[0m
[1.751s] [01m[K/home/mete/catkin_ws/src/pcl/src/pcd_read.cpp:5:10:[m[K [01;31m[Kfatal error: [m[Kpcl_conversions/pcl_conversions.h: No such file or directory
[1.751s]     5 | #include [01;31m[K<pcl_conversions/pcl_conversions.h>[m[K
[1.751s]       |          [01;31m[K^~~~~~~~~~~~~~~~~~~~~~~~~~~~~~~~~~~[m[K
[1.751s] compilation terminated.
[1.767s] make[2]: *** [CMakeFiles/pcd_read.dir/build.make:63: CMakeFiles/pcd_read.dir/src/pcd_read.cpp.o] Error 1
[1.767s] make[1]: *** [CMakeFiles/Makefile2:105: CMakeFiles/pcd_read.dir/all] Error 2
[1.767s] make: *** [Makefile:141: all] Error 2
[1.769s] Invoked command in '/home/mete/catkin_ws/build/pcl' returned '2': CMAKE_PREFIX_PATH=${CMAKE_PREFIX_PATH}:/opt/ros/foxy /usr/bin/cmake --build /home/mete/catkin_ws/build/pcl -- -j12 -l12
