[0.018s] Invoking command in '/home/mete/catkin_ws/build/pcl': CMAKE_PREFIX_PATH=/home/mete/catkin_ws/install/pcl_conversions:/home/mete/catkin_ws/install/perception_pcl:/home/mete/catkin_ws/install/pcl_ros:/home/mete/catkin_ws/install/pcl:/home/mete/catkin_ws/install/localization:/home/mete/catkin_ws2/install/parser:/home/mete/catkin_ws2/install/localization:/home/mete/catkin_ws2/install/LibKML:/home/mete/catkin_ws2/install/GeographicLib /usr/bin/cmake --build /home/mete/catkin_ws/build/pcl -- -j12 -l12
[0.042s] -- Found ament_cmake: 0.9.9 (/opt/ros/foxy/share/ament_cmake/cmake)
[0.061s] -- Using PYTHON_EXECUTABLE: /usr/bin/python3
[0.232s] -- Eigen found (include: /usr/include/eigen3, version: 3.3.7)
[0.312s] -- The imported target "vtkParseOGLExt" references the file
[0.312s]    "/usr/bin/vtkParseOGLExt-7.1"
[0.312s] but this file does not exist.  Possible reasons include:
[0.312s] * The file was deleted, renamed, or moved to another location.
[0.312s] * An install or uninstall procedure did not complete successfully.
[0.312s] * The installation package was faulty and contained
[0.313s]    "/usr/lib/cmake/vtk-7.1/VTKTargets.cmake"
[0.313s] but not all the files it references.
[0.313s] 
[0.313s] -- The imported target "vtkRenderingPythonTkWidgets" references the file
[0.313s]    "/usr/lib/x86_64-linux-gnu/libvtkRenderingPythonTkWidgets.so"
[0.313s] but this file does not exist.  Possible reasons include:
[0.313s] * The file was deleted, renamed, or moved to another location.
[0.313s] * An install or uninstall procedure did not complete successfully.
[0.313s] * The installation package was faulty and contained
[0.313s]    "/usr/lib/cmake/vtk-7.1/VTKTargets.cmake"
[0.313s] but not all the files it references.
[0.313s] 
[0.314s] -- The imported target "vtk" references the file
[0.314s]    "/usr/bin/vtk"
[0.314s] but this file does not exist.  Possible reasons include:
[0.314s] * The file was deleted, renamed, or moved to another location.
[0.314s] * An install or uninstall procedure did not complete successfully.
[0.314s] * The installation package was faulty and contained
[0.314s]    "/usr/lib/cmake/vtk-7.1/VTKTargets.cmake"
[0.314s] but not all the files it references.
[0.314s] 
[0.314s] -- The imported target "pvtk" references the file
[0.314s]    "/usr/bin/pvtk"
[0.314s] but this file does not exist.  Possible reasons include:
[0.314s] * The file was deleted, renamed, or moved to another location.
[0.314s] * An install or uninstall procedure did not complete successfully.
[0.314s] * The installation package was faulty and contained
[0.314s]    "/usr/lib/cmake/vtk-7.1/VTKTargets.cmake"
[0.315s] but not all the files it references.
[0.315s] 
[0.330s] -- Checking for module 'libusb-1.0'
[0.332s] --   No package 'libusb-1.0' found
[0.335s] -- Could NOT find USB_10 (missing: USB_10_LIBRARY USB_10_INCLUDE_DIR) 
[0.335s] -- OpenNI disabled because libusb-1.0 not found.
[0.335s] ** WARNING ** io features related to openni will be disabled
[0.338s] -- Checking for module 'libusb-1.0'
[0.340s] --   No package 'libusb-1.0' found
[0.343s] -- Could NOT find USB_10 (missing: USB_10_LIBRARY USB_10_INCLUDE_DIR) 
[0.343s] -- OpenNI 2 disabled because libusb-1.0 not found.
[0.343s] ** WARNING ** io features related to openni2 will be disabled
[0.343s] ** WARNING ** io features related to pcap will be disabled
[0.343s] ** WARNING ** io features related to png will be disabled
[0.354s] -- LIBUSB_1_LIBRARY (missing: LIBUSB_1_INCLUDE_DIR) 
[0.354s] ** WARNING ** io features related to libusb-1.0 will be disabled
[0.358s] -- Checking for module 'libusb-1.0'
[0.360s] --   No package 'libusb-1.0' found
[0.362s] -- Could NOT find USB_10 (missing: USB_10_LIBRARY USB_10_INCLUDE_DIR) 
[0.362s] -- OpenNI disabled because libusb-1.0 not found.
[0.362s] ** WARNING ** visualization features related to openni will be disabled
[0.365s] -- Checking for module 'libusb-1.0'
[0.367s] --   No package 'libusb-1.0' found
[0.370s] -- Could NOT find USB_10 (missing: USB_10_LIBRARY USB_10_INCLUDE_DIR) 
[0.370s] -- OpenNI 2 disabled because libusb-1.0 not found.
[0.370s] ** WARNING ** visualization features related to openni2 will be disabled
[0.380s] -- QHULL found (include: /usr/include, lib: optimized;/usr/lib/x86_64-linux-gnu/libqhull.so;debug;/usr/lib/x86_64-linux-gnu/libqhull.so)
[0.384s] -- Checking for module 'libusb-1.0'
[0.386s] --   No package 'libusb-1.0' found
[0.388s] -- Could NOT find USB_10 (missing: USB_10_LIBRARY USB_10_INCLUDE_DIR) 
[0.388s] -- OpenNI disabled because libusb-1.0 not found.
[0.388s] ** WARNING ** apps features related to openni will be disabled
[0.398s] -- looking for PCL_COMMON
[0.399s] -- looking for PCL_KDTREE
[0.399s] -- looking for PCL_OCTREE
[0.400s] -- looking for PCL_SEARCH
[0.400s] -- looking for PCL_SAMPLE_CONSENSUS
[0.401s] -- looking for PCL_FILTERS
[0.401s] -- looking for PCL_2D
[0.401s] -- looking for PCL_GEOMETRY
[0.402s] -- looking for PCL_IO
[0.403s] -- looking for PCL_FEATURES
[0.403s] -- looking for PCL_ML
[0.404s] -- looking for PCL_SEGMENTATION
[0.404s] -- looking for PCL_VISUALIZATION
[0.405s] -- looking for PCL_SURFACE
[0.405s] -- looking for PCL_REGISTRATION
[0.406s] -- looking for PCL_KEYPOINTS
[0.406s] -- looking for PCL_TRACKING
[0.407s] -- looking for PCL_RECOGNITION
[0.408s] -- looking for PCL_STEREO
[0.408s] -- looking for PCL_APPS
[0.409s] -- looking for PCL_IN_HAND_SCANNER
[0.410s] -- looking for PCL_POINT_CLOUD_EDITOR
[0.410s] -- looking for PCL_OUTOFCORE
[0.411s] -- looking for PCL_PEOPLE
[0.412s] -- Found pcl_conversions: 2.2.1 (/opt/ros/foxy/share/pcl_conversions/cmake)
[0.429s] -- Using all available rosidl_typesupport_c: rosidl_typesupport_fastrtps_c;rosidl_typesupport_introspection_c
[0.431s] -- Found rosidl_adapter: 1.2.1 (/opt/ros/foxy/share/rosidl_adapter/cmake)
[0.525s] -- Using all available rosidl_typesupport_cpp: rosidl_typesupport_fastrtps_cpp;rosidl_typesupport_introspection_cpp
[0.833s] -- Found rmw_implementation_cmake: 1.0.3 (/opt/ros/foxy/share/rmw_implementation_cmake/cmake)
[0.834s] -- Using RMW implementation 'rmw_fastrtps_cpp' as default
[0.974s] -- Found tf2: 0.13.13 (/opt/ros/foxy/share/tf2/cmake)
[0.982s] -- Found tf2_geometry_msgs: 0.13.13 (/opt/ros/foxy/share/tf2_geometry_msgs/cmake)
[0.988s] -- Found eigen3_cmake_module: 0.1.1 (/opt/ros/foxy/share/eigen3_cmake_module/cmake)
[1.341s] -- Found ament_lint_auto: 0.9.6 (/opt/ros/foxy/share/ament_lint_auto/cmake)
[1.377s] Error parsing '/home/mete/catkin_ws/src/pcl/package.xml':
[1.483s] Traceback (most recent call last):
[1.483s]   File "/opt/ros/foxy/share/ament_cmake_core/cmake/core/package_xml_2_cmake.py", line 143, in <module>
[1.484s]     main()
[1.484s]   File "/opt/ros/foxy/share/ament_cmake_core/cmake/core/package_xml_2_cmake.py", line 52, in main
[1.484s]     raise e
[1.484s]   File "/opt/ros/foxy/share/ament_cmake_core/cmake/core/package_xml_2_cmake.py", line 48, in main
[1.484s]     package = parse_package_string(
[1.484s]   File "/usr/lib/python3/dist-packages/catkin_pkg/package.py", line 788, in parse_package_string
[1.484s]     pkg.validate(warnings=warnings)
[1.484s]   File "/usr/lib/python3/dist-packages/catkin_pkg/package.py", line 330, in validate
[1.484s]     raise InvalidPackage('\n'.join(errors), self.filename)
[1.484s] catkin_pkg.package.InvalidPackage: Error(s) in package '/home/mete/catkin_ws/src/pcl/package.xml':
[1.484s] The package "pcl" must not "build_depend" on a package with the same name as this package
[1.484s] The package "pcl" must not "build_export_depend" on a package with the same name as this package
[1.484s] The package "pcl" must not "exec_depend" on a package with the same name as this package
[1.516s] CMake Error at /opt/ros/foxy/share/ament_cmake_core/cmake/core/ament_package_xml.cmake:94 (message):
[1.516s]   execute_process(/usr/bin/python3
[1.517s]   /opt/ros/foxy/share/ament_cmake_core/cmake/core/package_xml_2_cmake.py
[1.517s]   /home/mete/catkin_ws/src/pcl/package.xml
[1.517s]   /home/mete/catkin_ws/build/pcl/ament_cmake_core/package.cmake) returned
[1.517s]   error code 1
[1.517s] Call Stack (most recent call first):
[1.517s]   /opt/ros/foxy/share/ament_cmake_core/cmake/core/ament_package_xml.cmake:49 (_ament_package_xml)
[1.517s]   /opt/ros/foxy/share/ament_lint_auto/cmake/ament_lint_auto_find_test_dependencies.cmake:31 (ament_package_xml)
[1.517s]   CMakeLists.txt:91 (ament_lint_auto_find_test_dependencies)
[1.517s] 
[1.517s] 
[1.519s] -- Configuring incomplete, errors occurred!
[1.519s] See also "/home/mete/catkin_ws/build/pcl/CMakeFiles/CMakeOutput.log".
[1.519s] See also "/home/mete/catkin_ws/build/pcl/CMakeFiles/CMakeError.log".
[1.530s] make: *** [Makefile:354: cmake_check_build_system] Error 1
[1.532s] Invoked command in '/home/mete/catkin_ws/build/pcl' returned '2': CMAKE_PREFIX_PATH=/home/mete/catkin_ws/install/pcl_conversions:/home/mete/catkin_ws/install/perception_pcl:/home/mete/catkin_ws/install/pcl_ros:/home/mete/catkin_ws/install/pcl:/home/mete/catkin_ws/install/localization:/home/mete/catkin_ws2/install/parser:/home/mete/catkin_ws2/install/localization:/home/mete/catkin_ws2/install/LibKML:/home/mete/catkin_ws2/install/GeographicLib /usr/bin/cmake --build /home/mete/catkin_ws/build/pcl -- -j12 -l12
