[01m[K/home/mete/catkin_ws/src/pcl/src/register.cpp:94:50:[m[K [01;31m[Kerror: [m[Kexpected identifier before â€˜[01m[Knew[m[Kâ€™
   94 |     pcl::PointCloud<pcl::PointXYZ>::Ptr cloud_1 ([01;31m[Knew[m[K pcl::PointCloud<pcl::PointXYZ>);
      |                                                  [01;31m[K^~~[m[K
[01m[K/home/mete/catkin_ws/src/pcl/src/register.cpp:94:50:[m[K [01;31m[Kerror: [m[Kexpected â€˜[01m[K,[m[Kâ€™ or â€˜[01m[K...[m[Kâ€™ before â€˜[01m[Knew[m[Kâ€™
[01m[K/home/mete/catkin_ws/src/pcl/src/register.cpp:95:50:[m[K [01;31m[Kerror: [m[Kexpected identifier before â€˜[01m[Knew[m[Kâ€™
   95 |     pcl::PointCloud<pcl::PointXYZ>::Ptr cloud_2 ([01;31m[Knew[m[K pcl::PointCloud<pcl::PointXYZ>);
      |                                                  [01;31m[K^~~[m[K
[01m[K/home/mete/catkin_ws/src/pcl/src/register.cpp:95:50:[m[K [01;31m[Kerror: [m[Kexpected â€˜[01m[K,[m[Kâ€™ or â€˜[01m[K...[m[Kâ€™ before â€˜[01m[Knew[m[Kâ€™
[01m[K/home/mete/catkin_ws/src/pcl/src/register.cpp:[m[K In constructor â€˜[01m[KMinimalPublisher::MinimalPublisher()[m[Kâ€™:
[01m[K/home/mete/catkin_ws/src/pcl/src/register.cpp:49:93:[m[K [01;31m[Kerror: [m[Kinvalid use of member function â€˜[01m[Kpcl::PointCloud<pcl::PointXYZ>::Ptr MinimalPublisher::cloud_1(int)[m[Kâ€™ (did you forget the â€˜[01m[K()[m[Kâ€™ ?)
   49 | pcl::PointXYZ> ("../catkin_ws/src/pcl/doc/capture0001.pcd", *[01;31m[Kcloud_1[m[K) == -1) //* load the file
      |                                                              [01;31m[K^~~~~~~[m[K

[01m[K/home/mete/catkin_ws/src/pcl/src/register.cpp:55:93:[m[K [01;31m[Kerror: [m[Kinvalid use of member function â€˜[01m[Kpcl::PointCloud<pcl::PointXYZ>::Ptr MinimalPublisher::cloud_2(int)[m[Kâ€™ (did you forget the â€˜[01m[K()[m[Kâ€™ ?)
   55 | pcl::PointXYZ> ("../catkin_ws/src/pcl/doc/capture0002.pcd", *[01;31m[Kcloud_2[m[K) == -1) //* load the file
      |                                                              [01;31m[K^~~~~~~[m[K

[01m[K/home/mete/catkin_ws/src/pcl/src/register.cpp:61:22:[m[K [01;31m[Kerror: [m[Kâ€˜[01m[Kpcl_cloud1[m[Kâ€™ was not declared in this scope; did you mean â€˜[01m[Kros_cloud1[m[Kâ€™?
   61 |       pcl::toROSMsg(*[01;31m[Kpcl_cloud1[m[K, cloud_1);
      |                      [01;31m[K^~~~~~~~~~[m[K
      |                      [32m[Kros_cloud1[m[K
[01m[K/home/mete/catkin_ws/src/pcl/src/register.cpp:62:22:[m[K [01;31m[Kerror: [m[Kâ€˜[01m[Kpcl_cloud2[m[Kâ€™ was not declared in this scope; did you mean â€˜[01m[Kros_cloud2[m[Kâ€™?
   62 |       pcl::toROSMsg(*[01;31m[Kpcl_cloud2[m[K, cloud_2);
      |                      [01;31m[K^~~~~~~~~~[m[K
      |                      [32m[Kros_cloud2[m[K
make[2]: *** [CMakeFiles/register.dir/build.make:63: CMakeFiles/register.dir/src/register.cpp.o] Error 1
make[1]: *** [CMakeFiles/Makefile2:80: CMakeFiles/register.dir/all] Error 2
make: *** [Makefile:141: all] Error 2
