[0.015s] Invoking command in '/home/mete/catkin_ws/build/pcl': CMAKE_PREFIX_PATH=/home/mete/catkin_ws/install/pcl_conversions:/home/mete/catkin_ws/install/perception_pcl:/home/mete/catkin_ws/install/pcl_ros:/home/mete/catkin_ws/install/pcl:/home/mete/catkin_ws/install/localization:/home/mete/catkin_ws2/install/pugixml:/home/mete/catkin_ws2/install/parser:/home/mete/catkin_ws2/install/localization:/home/mete/catkin_ws2/install/LibKML:/home/mete/catkin_ws2/install/GeographicLib:/opt/ros/foxy /usr/bin/cmake --build /home/mete/catkin_ws/build/pcl -- -j12 -l12
[0.053s] [35m[1mScanning dependencies of target register[0m
[0.071s] [ 50%] Built target matrix_transform
[0.095s] [ 75%] [32mBuilding CXX object CMakeFiles/register.dir/src/register.cpp.o[0m
[5.279s] [01m[K/home/mete/catkin_ws/src/pcl/src/register.cpp:94:50:[m[K [01;31m[Kerror: [m[Kexpected identifier before â€˜[01m[Knew[m[Kâ€™
[5.279s]    94 |     pcl::PointCloud<pcl::PointXYZ>::Ptr cloud_1 ([01;31m[Knew[m[K pcl::PointCloud<pcl::PointXYZ>);
[5.279s]       |                                                  [01;31m[K^~~[m[K
[5.279s] [01m[K/home/mete/catkin_ws/src/pcl/src/register.cpp:94:50:[m[K [01;31m[Kerror: [m[Kexpected â€˜[01m[K,[m[Kâ€™ or â€˜[01m[K...[m[Kâ€™ before â€˜[01m[Knew[m[Kâ€™
[5.279s] [01m[K/home/mete/catkin_ws/src/pcl/src/register.cpp:95:50:[m[K [01;31m[Kerror: [m[Kexpected identifier before â€˜[01m[Knew[m[Kâ€™
[5.279s]    95 |     pcl::PointCloud<pcl::PointXYZ>::Ptr cloud_2 ([01;31m[Knew[m[K pcl::PointCloud<pcl::PointXYZ>);
[5.280s]       |                                                  [01;31m[K^~~[m[K
[5.280s] [01m[K/home/mete/catkin_ws/src/pcl/src/register.cpp:95:50:[m[K [01;31m[Kerror: [m[Kexpected â€˜[01m[K,[m[Kâ€™ or â€˜[01m[K...[m[Kâ€™ before â€˜[01m[Knew[m[Kâ€™
[5.289s] [01m[K/home/mete/catkin_ws/src/pcl/src/register.cpp:[m[K In constructor â€˜[01m[KMinimalPublisher::MinimalPublisher()[m[Kâ€™:
[5.289s] [01m[K/home/mete/catkin_ws/src/pcl/src/register.cpp:49:93:[m[K [01;31m[Kerror: [m[Kinvalid use of member function â€˜[01m[Kpcl::PointCloud<pcl::PointXYZ>::Ptr MinimalPublisher::cloud_1(int)[m[Kâ€™ (did you forget the â€˜[01m[K()[m[Kâ€™ ?)
[5.289s]    49 | pcl::PointXYZ> ("../catkin_ws/src/pcl/doc/capture0001.pcd", *[01;31m[Kcloud_1[m[K) == -1) //* load the file
[5.289s]       |                                                              [01;31m[K^~~~~~~[m[K
[5.289s] 
[5.289s] [01m[K/home/mete/catkin_ws/src/pcl/src/register.cpp:55:93:[m[K [01;31m[Kerror: [m[Kinvalid use of member function â€˜[01m[Kpcl::PointCloud<pcl::PointXYZ>::Ptr MinimalPublisher::cloud_2(int)[m[Kâ€™ (did you forget the â€˜[01m[K()[m[Kâ€™ ?)
[5.289s]    55 | pcl::PointXYZ> ("../catkin_ws/src/pcl/doc/capture0002.pcd", *[01;31m[Kcloud_2[m[K) == -1) //* load the file
[5.289s]       |                                                              [01;31m[K^~~~~~~[m[K
[5.289s] 
[5.293s] [01m[K/home/mete/catkin_ws/src/pcl/src/register.cpp:61:22:[m[K [01;31m[Kerror: [m[Kâ€˜[01m[Kpcl_cloud1[m[Kâ€™ was not declared in this scope; did you mean â€˜[01m[Kros_cloud1[m[Kâ€™?
[5.293s]    61 |       pcl::toROSMsg(*[01;31m[Kpcl_cloud1[m[K, cloud_1);
[5.293s]       |                      [01;31m[K^~~~~~~~~~[m[K
[5.293s]       |                      [32m[Kros_cloud1[m[K
[5.296s] [01m[K/home/mete/catkin_ws/src/pcl/src/register.cpp:62:22:[m[K [01;31m[Kerror: [m[Kâ€˜[01m[Kpcl_cloud2[m[Kâ€™ was not declared in this scope; did you mean â€˜[01m[Kros_cloud2[m[Kâ€™?
[5.296s]    62 |       pcl::toROSMsg(*[01;31m[Kpcl_cloud2[m[K, cloud_2);
[5.296s]       |                      [01;31m[K^~~~~~~~~~[m[K
[5.296s]       |                      [32m[Kros_cloud2[m[K
[15.791s] make[2]: *** [CMakeFiles/register.dir/build.make:63: CMakeFiles/register.dir/src/register.cpp.o] Error 1
[15.791s] make[1]: *** [CMakeFiles/Makefile2:80: CMakeFiles/register.dir/all] Error 2
[15.792s] make: *** [Makefile:141: all] Error 2
[15.795s] Invoked command in '/home/mete/catkin_ws/build/pcl' returned '2': CMAKE_PREFIX_PATH=/home/mete/catkin_ws/install/pcl_conversions:/home/mete/catkin_ws/install/perception_pcl:/home/mete/catkin_ws/install/pcl_ros:/home/mete/catkin_ws/install/pcl:/home/mete/catkin_ws/install/localization:/home/mete/catkin_ws2/install/pugixml:/home/mete/catkin_ws2/install/parser:/home/mete/catkin_ws2/install/localization:/home/mete/catkin_ws2/install/LibKML:/home/mete/catkin_ws2/install/GeographicLib:/opt/ros/foxy /usr/bin/cmake --build /home/mete/catkin_ws/build/pcl -- -j12 -l12
