[0.021s] Invoking command in '/home/mete/catkin_ws/build/pcl': CMAKE_PREFIX_PATH=${CMAKE_PREFIX_PATH}:/opt/ros/foxy /usr/bin/cmake --build /home/mete/catkin_ws/build/pcl -- -j12 -l12
[0.061s] [35m[1mScanning dependencies of target pcd_read[0m
[0.107s] [ 50%] [32mBuilding CXX object CMakeFiles/pcd_read.dir/src/pcd_read.cpp.o[0m
[4.882s] [01m[K/home/mete/catkin_ws/src/pcl/src/pcd_read.cpp:[m[K In constructor â€˜[01m[KMinimalPublisher::MinimalPublisher()[m[Kâ€™:
[4.882s] [01m[K/home/mete/catkin_ws/src/pcl/src/pcd_read.cpp:22:7:[m[K [01;31m[Kerror: [m[Kâ€˜[01m[Kpublisher_[m[Kâ€™ was not declared in this scope; did you mean â€˜[01m[Krcl_publisher_t[m[Kâ€™?
[4.882s]    22 |       [01;31m[Kpublisher_[m[K = this->create_publisher<sensor_msgs::msg::PointCloud2>("topic", 10);
[4.882s]       |       [01;31m[K^~~~~~~~~~[m[K
[4.882s]       |       [32m[Krcl_publisher_t[m[K
[4.887s] [01m[K/home/mete/catkin_ws/src/pcl/src/pcd_read.cpp:23:7:[m[K [01;31m[Kerror: [m[Kâ€˜[01m[Ktimer_[m[Kâ€™ was not declared in this scope; did you mean â€˜[01m[Ktimer_t[m[Kâ€™?
[4.887s]    23 |       [01;31m[Ktimer_[m[K = this->create_wall_timer(
[4.887s]       |       [01;31m[K^~~~~~[m[K
[4.887s]       |       [32m[Ktimer_t[m[K
[4.887s] [01m[K/home/mete/catkin_ws/src/pcl/src/pcd_read.cpp:24:7:[m[K [01;31m[Kerror: [m[Kunable to find numeric literal operator â€˜[01m[Koperator""ms[m[Kâ€™
[4.887s]    24 |       [01;31m[K500ms[m[K, std::bind(&MinimalPublisher::timer_callback, this));
[4.887s]       |       [01;31m[K^~~~~[m[K
[4.887s] [01m[K/home/mete/catkin_ws/src/pcl/src/pcd_read.cpp:24:43:[m[K [01;31m[Kerror: [m[Kâ€˜[01m[Ktimer_callback[m[Kâ€™ is not a member of â€˜[01m[KMinimalPublisher[m[Kâ€™
[4.888s]    24 |       500ms, std::bind(&MinimalPublisher::[01;31m[Ktimer_callback[m[K, this));
[4.888s]       |                                           [01;31m[K^~~~~~~~~~~~~~[m[K
[5.967s] make[2]: *** [CMakeFiles/pcd_read.dir/build.make:63: CMakeFiles/pcd_read.dir/src/pcd_read.cpp.o] Error 1
[5.968s] make[1]: *** [CMakeFiles/Makefile2:105: CMakeFiles/pcd_read.dir/all] Error 2
[5.968s] make: *** [Makefile:141: all] Error 2
[5.971s] Invoked command in '/home/mete/catkin_ws/build/pcl' returned '2': CMAKE_PREFIX_PATH=${CMAKE_PREFIX_PATH}:/opt/ros/foxy /usr/bin/cmake --build /home/mete/catkin_ws/build/pcl -- -j12 -l12
