[01m[K/home/mete/catkin_ws/src/pcl/src/register.cpp:[m[K In constructor â€˜[01m[KMinimalPublisher::MinimalPublisher()[m[Kâ€™:
[01m[K/home/mete/catkin_ws/src/pcl/src/register.cpp:66:22:[m[K [01;31m[Kerror: [m[Kâ€˜[01m[Kpcl_cloud1[m[Kâ€™ was not declared in this scope; did you mean â€˜[01m[Kros_cloud1[m[Kâ€™?
   66 |       pcl::toROSMsg(*[01;31m[Kpcl_cloud1[m[K, cloud_1);
      |                      [01;31m[K^~~~~~~~~~[m[K
      |                      [32m[Kros_cloud1[m[K
[01m[K/home/mete/catkin_ws/src/pcl/src/register.cpp:67:22:[m[K [01;31m[Kerror: [m[Kâ€˜[01m[Kpcl_cloud2[m[Kâ€™ was not declared in this scope; did you mean â€˜[01m[Kros_cloud2[m[Kâ€™?
   67 |       pcl::toROSMsg(*[01;31m[Kpcl_cloud2[m[K, cloud_2);
      |                      [01;31m[K^~~~~~~~~~[m[K
      |                      [32m[Kros_cloud2[m[K
[01m[K/home/mete/catkin_ws/src/pcl/src/register.cpp:[m[K In member function â€˜[01m[Kvoid MinimalPublisher::timer_callback()[m[Kâ€™:
[01m[K/home/mete/catkin_ws/src/pcl/src/register.cpp:76:7:[m[K [01;31m[Kerror: [m[Kâ€˜[01m[Kros_cloud1[m[Kâ€™ was not declared in this scope
   76 |       [01;31m[Kros_cloud1[m[K.header.frame_id = "map";
      |       [01;31m[K^~~~~~~~~~[m[K
[01m[K/home/mete/catkin_ws/src/pcl/src/register.cpp:79:7:[m[K [01;31m[Kerror: [m[Kâ€˜[01m[Kros_cloud2[m[Kâ€™ was not declared in this scope
   79 |       [01;31m[Kros_cloud2[m[K.header.frame_id = "map";
      |       [01;31m[K^~~~~~~~~~[m[K
[01m[K/home/mete/catkin_ws/src/pcl/src/register.cpp:82:7:[m[K [01;31m[Kerror: [m[Kâ€˜[01m[Kpc_publisher_[m[Kâ€™ was not declared in this scope; did you mean â€˜[01m[Krcl_publisher_t[m[Kâ€™?
   82 |       [01;31m[Kpc_publisher_[m[K->publish(ros_cloud1);
      |       [01;31m[K^~~~~~~~~~~~~[m[K
      |       [32m[Krcl_publisher_t[m[K
[01m[K/home/mete/catkin_ws/src/pcl/src/register.cpp:83:7:[m[K [01;31m[Kerror: [m[Kâ€˜[01m[Kpc_publisher_2[m[Kâ€™ was not declared in this scope; did you mean â€˜[01m[Krcl_publisher_t[m[Kâ€™?
   83 |       [01;31m[Kpc_publisher_2[m[K->publish(ros_cloud2);
      |       [01;31m[K^~~~~~~~~~~~~~[m[K
      |       [32m[Krcl_publisher_t[m[K
make[2]: *** [CMakeFiles/register.dir/build.make:63: CMakeFiles/register.dir/src/register.cpp.o] Error 1
make[1]: *** [CMakeFiles/Makefile2:80: CMakeFiles/register.dir/all] Error 2
make: *** [Makefile:141: all] Error 2
