[35m[1mScanning dependencies of target register[0m
[ 33%] Built target matrix_transform
[ 66%] Built target pcd_read
[ 83%] [32mBuilding CXX object CMakeFiles/register.dir/src/register.cpp.o[0m
[01m[K/home/mete/catkin_ws/src/pcl/src/register.cpp:27:33:[m[K [01;31m[Kerror: [m[Kâ€˜[01m[Krclcpp[m[Kâ€™ has not been declared
   27 | class MinimalPublisher : public [01;31m[Krclcpp[m[K::Node
      |                                 [01;31m[K^~~~~~[m[K
[01m[K/home/mete/catkin_ws/src/pcl/src/register.cpp:27:41:[m[K [01;31m[Kerror: [m[Kexpected â€˜[01m[K{[m[Kâ€™ before â€˜[01m[KNode[m[Kâ€™
   27 | class MinimalPublisher : public rclcpp::[01;31m[KNode[m[K
      |                                         [01;31m[K^~~~[m[K
[01m[K/home/mete/catkin_ws/src/pcl/src/register.cpp:29:3:[m[K [01;31m[Kerror: [m[Kexpected primary-expression before â€˜[01m[Kpublic[m[Kâ€™
   29 |   [01;31m[Kpublic[m[K:
      |   [01;31m[K^~~~~~[m[K
[01m[K/home/mete/catkin_ws/src/pcl/src/register.cpp:29:3:[m[K [01;31m[Kerror: [m[Kexpected â€˜[01m[K}[m[Kâ€™ before â€˜[01m[Kpublic[m[Kâ€™
[01m[K/home/mete/catkin_ws/src/pcl/src/register.cpp:28:1:[m[K [01;36m[Knote: [m[Kto match this â€˜[01m[K{[m[Kâ€™
   28 | [01;36m[K{[m[K
      | [01;36m[K^[m[K
[01m[K/home/mete/catkin_ws/src/pcl/src/register.cpp:57:3:[m[K [01;31m[Kerror: [m[Kexpected unqualified-id before â€˜[01m[Kprivate[m[Kâ€™
   57 |   [01;31m[Kprivate[m[K:
      |   [01;31m[K^~~~~~~[m[K
[01m[K/home/mete/catkin_ws/src/pcl/src/register.cpp:65:5:[m[K [01;31m[Kerror: [m[Kâ€˜[01m[Krclcpp[m[Kâ€™ does not name a type
   65 |     [01;31m[Krclcpp[m[K::TimerBase::SharedPtr timer_;
      |     [01;31m[K^~~~~~[m[K
[01m[K/home/mete/catkin_ws/src/pcl/src/register.cpp:66:5:[m[K [01;31m[Kerror: [m[Kâ€˜[01m[Krclcpp[m[Kâ€™ does not name a type
   66 |     [01;31m[Krclcpp[m[K::Publisher<std_msgs::msg::String>::SharedPtr publisher_;
      |     [01;31m[K^~~~~~[m[K
[01m[K/home/mete/catkin_ws/src/pcl/src/register.cpp:68:1:[m[K [01;31m[Kerror: [m[Kexpected declaration before â€˜[01m[K}[m[Kâ€™ token
   68 | [01;31m[K}[m[K;
      | [01;31m[K^[m[K
[01m[K/home/mete/catkin_ws/src/pcl/src/register.cpp:[m[K In function â€˜[01m[Kint main(int, char**)[m[Kâ€™:
[01m[K/home/mete/catkin_ws/src/pcl/src/register.cpp:236:3:[m[K [01;31m[Kerror: [m[Kâ€˜[01m[Krclcpp[m[Kâ€™ has not been declared
  236 |   [01;31m[Krclcpp[m[K::init(argc, argv);
      |   [01;31m[K^~~~~~[m[K
[01m[K/home/mete/catkin_ws/src/pcl/src/register.cpp:237:3:[m[K [01;31m[Kerror: [m[Kâ€˜[01m[Krclcpp[m[Kâ€™ has not been declared
  237 |   [01;31m[Krclcpp[m[K::spin(std::make_shared<MinimalPublisher>());
      |   [01;31m[K^~~~~~[m[K
[01m[K/home/mete/catkin_ws/src/pcl/src/register.cpp:238:3:[m[K [01;31m[Kerror: [m[Kâ€˜[01m[Krclcpp[m[Kâ€™ has not been declared
  238 |   [01;31m[Krclcpp[m[K::shutdown();
      |   [01;31m[K^~~~~~[m[K
In file included from [01m[K/usr/include/c++/9/bits/shared_ptr_base.h:56[m[K,
                 from [01m[K/usr/include/c++/9/bits/shared_ptr.h:52[m[K,
                 from [01m[K/usr/include/c++/9/memory:81[m[K,
                 from [01m[K/usr/include/boost/config/no_tr1/memory.hpp:21[m[K,
                 from [01m[K/usr/include/boost/smart_ptr/shared_ptr.hpp:23[m[K,
                 from [01m[K/usr/include/pcl-1.10/pcl/pcl_macros.h:69[m[K,
                 from [01m[K/usr/include/pcl-1.10/pcl/point_types.h:42[m[K,
                 from [01m[K/home/mete/catkin_ws/src/pcl/src/register.cpp:1[m[K:
/usr/include/c++/9/ext/aligned_buffer.h: In instantiation of â€˜[01m[Kstruct __gnu_cxx::__aligned_buffer<MinimalPublisher>[m[Kâ€™:
[01m[K/usr/include/c++/9/bits/shared_ptr_base.h:535:35:[m[K   required from â€˜[01m[Kclass std::_Sp_counted_ptr_inplace<MinimalPublisher, std::allocator<MinimalPublisher>, __gnu_cxx::_S_atomic>::_Impl[m[Kâ€™
[01m[K/usr/include/c++/9/bits/shared_ptr_base.h:596:13:[m[K   required from â€˜[01m[Kclass std::_Sp_counted_ptr_inplace<MinimalPublisher, std::allocator<MinimalPublisher>, __gnu_cxx::_S_atomic>[m[Kâ€™
[01m[K/usr/include/c++/9/bits/shared_ptr_base.h:676:43:[m[K   required from â€˜[01m[Kstd::__shared_count<_Lp>::__shared_count(_Tp*&, std::_Sp_alloc_shared_tag<_Alloc>, _Args&& ...) [with _Tp = MinimalPublisher; _Alloc = std::allocator<MinimalPublisher>; _Args = {}; __gnu_cxx::_Lock_policy _Lp = __gnu_cxx::_S_atomic][m[Kâ€™
[01m[K/usr/include/c++/9/bits/shared_ptr_base.h:1344:71:[m[K   required from â€˜[01m[Kstd::__shared_ptr<_Tp, _Lp>::__shared_ptr(std::_Sp_alloc_shared_tag<_Tp>, _Args&& ...) [with _Alloc = std::allocator<MinimalPublisher>; _Args = {}; _Tp = MinimalPublisher; __gnu_cxx::_Lock_policy _Lp = __gnu_cxx::_S_atomic][m[Kâ€™
[01m[K/usr/include/c++/9/bits/shared_ptr.h:359:59:[m[K   required from â€˜[01m[Kstd::shared_ptr<_Tp>::shared_ptr(std::_Sp_alloc_shared_tag<_Tp>, _Args&& ...) [with _Alloc = std::allocator<MinimalPublisher>; _Args = {}; _Tp = MinimalPublisher][m[Kâ€™
[01m[K/usr/include/c++/9/bits/shared_ptr.h:701:14:[m[K   required from â€˜[01m[Kstd::shared_ptr<_Tp> std::allocate_shared(const _Alloc&, _Args&& ...) [with _Tp = MinimalPublisher; _Alloc = std::allocator<MinimalPublisher>; _Args = {}][m[Kâ€™
[01m[K/usr/include/c++/9/bits/shared_ptr.h:717:39:[m[K   required from â€˜[01m[Kstd::shared_ptr<_Tp> std::make_shared(_Args&& ...) [with _Tp = MinimalPublisher; _Args = {}][m[Kâ€™
[01m[K/home/mete/catkin_ws/src/pcl/src/register.cpp:237:51:[m[K   required from here
[01m[K/usr/include/c++/9/ext/aligned_buffer.h:91:28:[m[K [01;31m[Kerror: [m[Kinvalid application of â€˜[01m[Ksizeof[m[Kâ€™ to incomplete type â€˜[01m[KMinimalPublisher[m[Kâ€™
   91 |     : std::aligned_storage<[01;31m[Ksizeof(_Tp)[m[K, __alignof__(_Tp)>
      |                            [01;31m[K^~~~~~~~~~~[m[K
[01m[K/usr/include/c++/9/ext/aligned_buffer.h:91:28:[m[K [01;31m[Kerror: [m[Kinvalid application of â€˜[01m[Ksizeof[m[Kâ€™ to incomplete type â€˜[01m[KMinimalPublisher[m[Kâ€™
make[2]: *** [CMakeFiles/register.dir/build.make:63: CMakeFiles/register.dir/src/register.cpp.o] Error 1
make[1]: *** [CMakeFiles/Makefile2:82: CMakeFiles/register.dir/all] Error 2
make: *** [Makefile:141: all] Error 2
