[01m[K/home/mete/catkin_ws/src/pcl/src/register.cpp:[m[K In constructor â€˜[01m[KMinimalPublisher::MinimalPublisher()[m[Kâ€™:
[01m[K/home/mete/catkin_ws/src/pcl/src/register.cpp:199:14:[m[K [01;31m[Kerror: [m[Kâ€˜[01m[KGeneralizedIterativeClosestPoint[m[Kâ€™ is not a member of â€˜[01m[Kpcl[m[Kâ€™; did you mean â€˜[01m[KIterativeClosestPoint[m[Kâ€™?
  199 |         pcl::[01;31m[KGeneralizedIterativeClosestPoint[m[K<pcl::PointXYZ, pcl::PointXYZ> gicp;
      |              [01;31m[K^~~~~~~~~~~~~~~~~~~~~~~~~~~~~~~~[m[K
      |              [32m[KIterativeClosestPoint[m[K
[01m[K/home/mete/catkin_ws/src/pcl/src/register.cpp:199:60:[m[K [01;31m[Kerror: [m[Kexpected primary-expression before â€˜[01m[K,[m[Kâ€™ token
  199 |         pcl::GeneralizedIterativeClosestPoint<pcl::PointXYZ[01;31m[K,[m[K pcl::PointXYZ> gicp;
      |                                                            [01;31m[K^[m[K
[01m[K/home/mete/catkin_ws/src/pcl/src/register.cpp:199:75:[m[K [01;31m[Kerror: [m[Kexpected primary-expression before â€˜[01m[K>[m[Kâ€™ token
  199 | GeneralizedIterativeClosestPoint<pcl::PointXYZ, pcl::PointXYZ[01;31m[K>[m[K gicp;
      |                                                              [01;31m[K^[m[K

[01m[K/home/mete/catkin_ws/src/pcl/src/register.cpp:199:77:[m[K [01;31m[Kerror: [m[Kâ€˜[01m[Kgicp[m[Kâ€™ was not declared in this scope
  199 | neralizedIterativeClosestPoint<pcl::PointXYZ, pcl::PointXYZ> [01;31m[Kgicp[m[K;
      |                                                              [01;31m[K^~~~[m[K

[01m[K/home/mete/catkin_ws/src/pcl/src/register.cpp:211:9:[m[K [01;31m[Kerror: [m[Kâ€˜[01m[Kscore[m[Kâ€™ was not declared in this scope
  211 |         [01;31m[Kscore[m[K.data                = gicp.getFitnessScore();
      |         [01;31m[K^~~~~[m[K
make[2]: *** [CMakeFiles/register.dir/build.make:63: CMakeFiles/register.dir/src/register.cpp.o] Error 1
make[1]: *** [CMakeFiles/Makefile2:80: CMakeFiles/register.dir/all] Error 2
make: *** [Makefile:141: all] Error 2
