[0.018s] Invoking command in '/home/mete/catkin_ws/build/pcl': CMAKE_PREFIX_PATH=/home/mete/catkin_ws/install/pcl_conversions:/home/mete/catkin_ws/install/perception_pcl:/home/mete/catkin_ws/install/pcl_ros:/home/mete/catkin_ws/install/pcl:/home/mete/catkin_ws/install/localization:/home/mete/catkin_ws2/install/pugixml:/home/mete/catkin_ws2/install/parser:/home/mete/catkin_ws2/install/localization:/home/mete/catkin_ws2/install/LibKML:/home/mete/catkin_ws2/install/GeographicLib:/opt/ros/foxy /usr/bin/cmake --build /home/mete/catkin_ws/build/pcl -- -j12 -l12
[0.058s] [35m[1mScanning dependencies of target register[0m
[0.074s] [ 50%] Built target matrix_transform
[0.100s] [ 75%] [32mBuilding CXX object CMakeFiles/register.dir/src/register.cpp.o[0m
[5.602s] [01m[K/home/mete/catkin_ws/src/pcl/src/register.cpp:[m[K In constructor â€˜[01m[KMinimalPublisher::MinimalPublisher()[m[Kâ€™:
[5.602s] [01m[K/home/mete/catkin_ws/src/pcl/src/register.cpp:199:14:[m[K [01;31m[Kerror: [m[Kâ€˜[01m[KGeneralizedIterativeClosestPoint[m[Kâ€™ is not a member of â€˜[01m[Kpcl[m[Kâ€™; did you mean â€˜[01m[KIterativeClosestPoint[m[Kâ€™?
[5.602s]   199 |         pcl::[01;31m[KGeneralizedIterativeClosestPoint[m[K<pcl::PointXYZ, pcl::PointXYZ> gicp;
[5.602s]       |              [01;31m[K^~~~~~~~~~~~~~~~~~~~~~~~~~~~~~~~[m[K
[5.603s]       |              [32m[KIterativeClosestPoint[m[K
[5.603s] [01m[K/home/mete/catkin_ws/src/pcl/src/register.cpp:199:60:[m[K [01;31m[Kerror: [m[Kexpected primary-expression before â€˜[01m[K,[m[Kâ€™ token
[5.603s]   199 |         pcl::GeneralizedIterativeClosestPoint<pcl::PointXYZ[01;31m[K,[m[K pcl::PointXYZ> gicp;
[5.603s]       |                                                            [01;31m[K^[m[K
[5.603s] [01m[K/home/mete/catkin_ws/src/pcl/src/register.cpp:199:75:[m[K [01;31m[Kerror: [m[Kexpected primary-expression before â€˜[01m[K>[m[Kâ€™ token
[5.603s]   199 | GeneralizedIterativeClosestPoint<pcl::PointXYZ, pcl::PointXYZ[01;31m[K>[m[K gicp;
[5.603s]       |                                                              [01;31m[K^[m[K
[5.603s] 
[5.605s] [01m[K/home/mete/catkin_ws/src/pcl/src/register.cpp:199:77:[m[K [01;31m[Kerror: [m[Kâ€˜[01m[Kgicp[m[Kâ€™ was not declared in this scope
[5.605s]   199 | neralizedIterativeClosestPoint<pcl::PointXYZ, pcl::PointXYZ> [01;31m[Kgicp[m[K;
[5.605s]       |                                                              [01;31m[K^~~~[m[K
[5.605s] 
[5.608s] [01m[K/home/mete/catkin_ws/src/pcl/src/register.cpp:211:9:[m[K [01;31m[Kerror: [m[Kâ€˜[01m[Kscore[m[Kâ€™ was not declared in this scope
[5.608s]   211 |         [01;31m[Kscore[m[K.data                = gicp.getFitnessScore();
[5.608s]       |         [01;31m[K^~~~~[m[K
[15.764s] make[2]: *** [CMakeFiles/register.dir/build.make:63: CMakeFiles/register.dir/src/register.cpp.o] Error 1
[15.765s] make[1]: *** [CMakeFiles/Makefile2:80: CMakeFiles/register.dir/all] Error 2
[15.765s] make: *** [Makefile:141: all] Error 2
[15.767s] Invoked command in '/home/mete/catkin_ws/build/pcl' returned '2': CMAKE_PREFIX_PATH=/home/mete/catkin_ws/install/pcl_conversions:/home/mete/catkin_ws/install/perception_pcl:/home/mete/catkin_ws/install/pcl_ros:/home/mete/catkin_ws/install/pcl:/home/mete/catkin_ws/install/localization:/home/mete/catkin_ws2/install/pugixml:/home/mete/catkin_ws2/install/parser:/home/mete/catkin_ws2/install/localization:/home/mete/catkin_ws2/install/LibKML:/home/mete/catkin_ws2/install/GeographicLib:/opt/ros/foxy /usr/bin/cmake --build /home/mete/catkin_ws/build/pcl -- -j12 -l12
