[0.016s] Invoking command in '/home/mete/catkin_ws/build/pcl': CMAKE_PREFIX_PATH=/home/mete/catkin_ws/install/pcl_conversions:/home/mete/catkin_ws/install/perception_pcl:/home/mete/catkin_ws/install/pcl_ros:/home/mete/catkin_ws/install/pcl:/home/mete/catkin_ws/install/localization:/home/mete/catkin_ws2/install/pugixml:/home/mete/catkin_ws2/install/parser:/home/mete/catkin_ws2/install/localization:/home/mete/catkin_ws2/install/LibKML:/home/mete/catkin_ws2/install/GeographicLib:/opt/ros/foxy /usr/bin/cmake --build /home/mete/catkin_ws/build/pcl -- -j12 -l12
[0.055s] [35m[1mScanning dependencies of target register[0m
[0.079s] [ 33%] Built target pcd_read
[0.080s] [ 66%] Built target matrix_transform
[0.086s] [ 83%] [32mBuilding CXX object CMakeFiles/register.dir/src/register.cpp.o[0m
[4.734s] [01m[K/home/mete/catkin_ws/src/pcl/src/register.cpp:31:27:[m[K [01;31m[Kerror: [m[Kâ€˜[01m[Krclcpp[m[Kâ€™ has not been declared
[4.734s]    31 |  class MainClass : public [01;31m[Krclcpp[m[K::Node
[4.734s]       |                           [01;31m[K^~~~~~[m[K
[4.734s] [01m[K/home/mete/catkin_ws/src/pcl/src/register.cpp:31:35:[m[K [01;31m[Kerror: [m[Kexpected â€˜[01m[K{[m[Kâ€™ before â€˜[01m[KNode[m[Kâ€™
[4.734s]    31 |  class MainClass : public rclcpp::[01;31m[KNode[m[K
[4.734s]       |                                   [01;31m[K^~~~[m[K
[4.734s] [01m[K/home/mete/catkin_ws/src/pcl/src/register.cpp:33:1:[m[K [01;31m[Kerror: [m[Kexpected primary-expression before â€˜[01m[Kpublic[m[Kâ€™
[4.734s]    33 | [01;31m[Kpublic[m[K:
[4.734s]       | [01;31m[K^~~~~~[m[K
[4.734s] [01m[K/home/mete/catkin_ws/src/pcl/src/register.cpp:33:1:[m[K [01;31m[Kerror: [m[Kexpected â€˜[01m[K}[m[Kâ€™ before â€˜[01m[Kpublic[m[Kâ€™
[4.734s] [01m[K/home/mete/catkin_ws/src/pcl/src/register.cpp:32:1:[m[K [01;36m[Knote: [m[Kto match this â€˜[01m[K{[m[Kâ€™
[4.734s]    32 | [01;36m[K{[m[K
[4.734s]       | [01;36m[K^[m[K
[4.736s] [01m[K/home/mete/catkin_ws/src/pcl/src/register.cpp:35:5:[m[K [01;31m[Kerror: [m[Kâ€˜[01m[Krclcpp[m[Kâ€™ does not name a type
[4.736s]    35 |     [01;31m[Krclcpp[m[K::Publisher<sensor_msgs::msg::PointCloud2>::SharedPtr pc_publisher_2;
[4.736s]       |     [01;31m[K^~~~~~[m[K
[4.737s] [01m[K/home/mete/catkin_ws/src/pcl/src/register.cpp:36:5:[m[K [01;31m[Kerror: [m[Kâ€˜[01m[Krclcpp[m[Kâ€™ does not name a type
[4.737s]    36 |     [01;31m[Krclcpp[m[K::Publisher<sensor_msgs::msg::PointCloud2>::SharedPtr pc_publisher_aligned;
[4.737s]       |     [01;31m[K^~~~~~[m[K
[4.738s] [01m[K/home/mete/catkin_ws/src/pcl/src/register.cpp:37:5:[m[K [01;31m[Kerror: [m[Kâ€˜[01m[Krclcpp[m[Kâ€™ does not name a type
[4.738s]    37 |     [01;31m[Krclcpp[m[K::Publisher<std_msgs::msg::Float64>::SharedPtr pc_publisher_error;
[4.738s]       |     [01;31m[K^~~~~~[m[K
[4.787s] [01m[K/home/mete/catkin_ws/src/pcl/src/register.cpp:201:11:[m[K [01;31m[Kerror: [m[Kexpected unqualified-id before â€˜[01m[K)[m[Kâ€™ token
[4.787s]   201 | MainClass([01;31m[K)[m[K
[4.787s]       |           [01;31m[K^[m[K
[4.787s] [01m[K/home/mete/catkin_ws/src/pcl/src/register.cpp:289:1:[m[K [01;31m[Kerror: [m[Kexpected declaration before â€˜[01m[K}[m[Kâ€™ token
[4.787s]   289 | [01;31m[K}[m[K;
[4.787s]       | [01;31m[K^[m[K
[4.790s] [01m[K/home/mete/catkin_ws/src/pcl/src/register.cpp:[m[K In function â€˜[01m[Kint main(int, char**)[m[Kâ€™:
[4.790s] [01m[K/home/mete/catkin_ws/src/pcl/src/register.cpp:297:13:[m[K [01;31m[Kerror: [m[Kaggregate â€˜[01m[KMainClass obj[m[Kâ€™ has incomplete type and cannot be defined
[4.790s]   297 |   MainClass [01;31m[Kobj[m[K;
[4.790s]       |             [01;31m[K^~~[m[K
[13.708s] make[2]: *** [CMakeFiles/register.dir/build.make:63: CMakeFiles/register.dir/src/register.cpp.o] Error 1
[13.709s] make[1]: *** [CMakeFiles/Makefile2:82: CMakeFiles/register.dir/all] Error 2
[13.709s] make: *** [Makefile:141: all] Error 2
[13.711s] Invoked command in '/home/mete/catkin_ws/build/pcl' returned '2': CMAKE_PREFIX_PATH=/home/mete/catkin_ws/install/pcl_conversions:/home/mete/catkin_ws/install/perception_pcl:/home/mete/catkin_ws/install/pcl_ros:/home/mete/catkin_ws/install/pcl:/home/mete/catkin_ws/install/localization:/home/mete/catkin_ws2/install/pugixml:/home/mete/catkin_ws2/install/parser:/home/mete/catkin_ws2/install/localization:/home/mete/catkin_ws2/install/LibKML:/home/mete/catkin_ws2/install/GeographicLib:/opt/ros/foxy /usr/bin/cmake --build /home/mete/catkin_ws/build/pcl -- -j12 -l12
