[0.015s] Invoking command in '/home/mete/catkin_ws/build/pcl': CMAKE_PREFIX_PATH=${CMAKE_PREFIX_PATH}:/opt/ros/foxy /usr/bin/cmake --build /home/mete/catkin_ws/build/pcl -- -j12 -l12
[0.050s] [35m[1mScanning dependencies of target pcd_read[0m
[0.085s] [ 50%] [32mBuilding CXX object CMakeFiles/pcd_read.dir/src/pcd_read.cpp.o[0m
[3.810s] [01m[K/home/mete/catkin_ws/src/pcl/src/pcd_read.cpp:[m[K In function â€˜[01m[Kint main()[m[Kâ€™:
[3.810s] [01m[K/home/mete/catkin_ws/src/pcl/src/pcd_read.cpp:83:5:[m[K [01;31m[Kerror: [m[Kâ€˜[01m[Kcin[m[Kâ€™ was not declared in this scope; did you mean â€˜[01m[Kstd::cin[m[Kâ€™?
[3.810s]    83 |     [01;31m[Kcin[m[K >> arr1[point.x][point.y][point.z]
[3.810s]       |     [01;31m[K^~~[m[K
[3.810s]       |     [32m[Kstd::cin[m[K
[3.810s] In file included from [01m[K/home/mete/catkin_ws/src/pcl/src/pcd_read.cpp:1[m[K:
[3.810s] [01m[K/usr/include/c++/9/iostream:60:18:[m[K [01;36m[Knote: [m[Kâ€˜[01m[Kstd::cin[m[Kâ€™ declared here
[3.810s]    60 |   extern istream [01;36m[Kcin[m[K;  /// Linked to standard input
[3.810s]       |                  [01;36m[K^~~[m[K
[3.810s] [01m[K/home/mete/catkin_ws/src/pcl/src/pcd_read.cpp:83:24:[m[K [01;31m[Kerror: [m[Kinvalid types â€˜[01m[Kfloat*[const float][m[Kâ€™ for array subscript
[3.810s]    83 |     cin >> arr1[point.x[01;31m[K][m[K[point.y][point.z]
[3.810s]       |                        [01;31m[K^[m[K
[4.547s] make[2]: *** [CMakeFiles/pcd_read.dir/build.make:63: CMakeFiles/pcd_read.dir/src/pcd_read.cpp.o] Error 1
[4.547s] make[1]: *** [CMakeFiles/Makefile2:105: CMakeFiles/pcd_read.dir/all] Error 2
[4.547s] make: *** [Makefile:141: all] Error 2
[4.549s] Invoked command in '/home/mete/catkin_ws/build/pcl' returned '2': CMAKE_PREFIX_PATH=${CMAKE_PREFIX_PATH}:/opt/ros/foxy /usr/bin/cmake --build /home/mete/catkin_ws/build/pcl -- -j12 -l12
