[0.015s] Invoking command in '/home/mete/catkin_ws/build/pcl': CMAKE_PREFIX_PATH=/home/mete/catkin_ws/install/pcl_conversions:/home/mete/catkin_ws/install/perception_pcl:/home/mete/catkin_ws/install/pcl_ros:/home/mete/catkin_ws/install/pcl:/home/mete/catkin_ws/install/localization:/home/mete/catkin_ws2/install/pugixml:/home/mete/catkin_ws2/install/parser:/home/mete/catkin_ws2/install/localization:/home/mete/catkin_ws2/install/LibKML:/home/mete/catkin_ws2/install/GeographicLib:/opt/ros/foxy /usr/bin/cmake --build /home/mete/catkin_ws/build/pcl -- -j12 -l12
[0.050s] [35m[1mScanning dependencies of target register[0m
[0.072s] [ 33%] Built target matrix_transform
[0.077s] [ 50%] [32mBuilding CXX object CMakeFiles/register.dir/src/register.cpp.o[0m
[0.083s] [ 83%] Built target pcd_read
[4.886s] [01m[K/home/mete/catkin_ws/src/pcl/src/register.cpp:[m[K In member function â€˜[01m[Kvoid MyPointRepresentation::pairAlign(pcl::PointCloud<pcl::PointXYZ>::Ptr, pcl::PointCloud<pcl::PointXYZ>::Ptr, pcl::PointCloud<pcl::PointXYZ>::Ptr, Eigen::Matrix4f&, bool)[m[Kâ€™:
[4.887s] [01m[K/home/mete/catkin_ws/src/pcl/src/register.cpp:184:5:[m[K [01;31m[Kerror: [m[Kâ€˜[01m[KshowCloudsRight[m[Kâ€™ was not declared in this scope
[4.887s]   184 |     [01;31m[KshowCloudsRight[m[K(points_with_normals_tgt, points_with_normals_src);
[4.887s]       |     [01;31m[K^~~~~~~~~~~~~~~[m[K
[4.896s] [01m[K/home/mete/catkin_ws/src/pcl/src/register.cpp:[m[K In function â€˜[01m[Kint main(int, char**)[m[Kâ€™:
[4.896s] [01m[K/home/mete/catkin_ws/src/pcl/src/register.cpp:205:3:[m[K [01;31m[Kerror: [m[Kâ€˜[01m[KloadData[m[Kâ€™ was not declared in this scope
[4.896s]   205 |   [01;31m[KloadData[m[K (argc, argv, data);
[4.896s]       |   [01;31m[K^~~~~~~~[m[K
[4.900s] [01m[K/home/mete/catkin_ws/src/pcl/src/register.cpp:228:5:[m[K [01;31m[Kerror: [m[Kâ€˜[01m[KpairAlign[m[Kâ€™ was not declared in this scope
[4.900s]   228 |     [01;31m[KpairAlign[m[K (source, target, temp, pairTransform, true);
[4.900s]       |     [01;31m[K^~~~~~~~~[m[K
[10.349s] make[2]: *** [CMakeFiles/register.dir/build.make:63: CMakeFiles/register.dir/src/register.cpp.o] Interrupt
[10.349s] make[1]: *** [CMakeFiles/Makefile2:82: CMakeFiles/register.dir/all] Interrupt
[10.349s] make: *** [Makefile:141: all] Interrupt
[10.385s] Invoked command in '/home/mete/catkin_ws/build/pcl' returned '-2': CMAKE_PREFIX_PATH=/home/mete/catkin_ws/install/pcl_conversions:/home/mete/catkin_ws/install/perception_pcl:/home/mete/catkin_ws/install/pcl_ros:/home/mete/catkin_ws/install/pcl:/home/mete/catkin_ws/install/localization:/home/mete/catkin_ws2/install/pugixml:/home/mete/catkin_ws2/install/parser:/home/mete/catkin_ws2/install/localization:/home/mete/catkin_ws2/install/LibKML:/home/mete/catkin_ws2/install/GeographicLib:/opt/ros/foxy /usr/bin/cmake --build /home/mete/catkin_ws/build/pcl -- -j12 -l12
