[35m[1mScanning dependencies of target matrix_transform[0m
[ 25%] [32mBuilding CXX object CMakeFiles/matrix_transform.dir/src/matrix_transform.cpp.o[0m
[ 75%] Built target pcd_read
[01m[K/home/mete/catkin_ws/src/pcl/src/matrix_transform.cpp:[m[K In function â€˜[01m[Kint main()[m[Kâ€™:
[01m[K/home/mete/catkin_ws/src/pcl/src/matrix_transform.cpp:131:46:[m[K [01;31m[Kerror: [m[Kâ€˜[01m[Kcloud[m[Kâ€™ was not declared in this scope
  131 |   pcl::io::savePCDFileASCII ("test_pcd.pcd", [01;31m[Kcloud[m[K);
      |                                              [01;31m[K^~~~~[m[K
make[2]: *** [CMakeFiles/matrix_transform.dir/build.make:63: CMakeFiles/matrix_transform.dir/src/matrix_transform.cpp.o] Error 1
make[1]: *** [CMakeFiles/Makefile2:80: CMakeFiles/matrix_transform.dir/all] Error 2
make: *** [Makefile:141: all] Error 2
