[0.014s] Invoking command in '/home/mete/catkin_ws/build/pcl': CMAKE_PREFIX_PATH=/home/mete/catkin_ws/install/pcl_conversions:/home/mete/catkin_ws/install/perception_pcl:/home/mete/catkin_ws/install/pcl_ros:/home/mete/catkin_ws/install/pcl:/home/mete/catkin_ws/install/localization:/opt/ros/foxy /usr/bin/cmake --build /home/mete/catkin_ws/build/pcl -- -j12 -l12
[0.050s] [35m[1mScanning dependencies of target matrix_transform[0m
[0.072s] [ 25%] [32mBuilding CXX object CMakeFiles/matrix_transform.dir/src/matrix_transform.cpp.o[0m
[0.074s] [ 75%] Built target pcd_read
[4.110s] [01m[K/home/mete/catkin_ws/src/pcl/src/matrix_transform.cpp:[m[K In function â€˜[01m[Kint main()[m[Kâ€™:
[4.110s] [01m[K/home/mete/catkin_ws/src/pcl/src/matrix_transform.cpp:131:46:[m[K [01;31m[Kerror: [m[Kâ€˜[01m[Kcloud[m[Kâ€™ was not declared in this scope
[4.110s]   131 |   pcl::io::savePCDFileASCII ("test_pcd.pcd", [01;31m[Kcloud[m[K);
[4.110s]       |                                              [01;31m[K^~~~~[m[K
[7.417s] make[2]: *** [CMakeFiles/matrix_transform.dir/build.make:63: CMakeFiles/matrix_transform.dir/src/matrix_transform.cpp.o] Error 1
[7.417s] make[1]: *** [CMakeFiles/Makefile2:80: CMakeFiles/matrix_transform.dir/all] Error 2
[7.417s] make: *** [Makefile:141: all] Error 2
[7.419s] Invoked command in '/home/mete/catkin_ws/build/pcl' returned '2': CMAKE_PREFIX_PATH=/home/mete/catkin_ws/install/pcl_conversions:/home/mete/catkin_ws/install/perception_pcl:/home/mete/catkin_ws/install/pcl_ros:/home/mete/catkin_ws/install/pcl:/home/mete/catkin_ws/install/localization:/opt/ros/foxy /usr/bin/cmake --build /home/mete/catkin_ws/build/pcl -- -j12 -l12
