[0.023s] Invoking command in '/home/mete/catkin_ws/build/pcl': CMAKE_PREFIX_PATH=${CMAKE_PREFIX_PATH}:/opt/ros/foxy /usr/bin/cmake --build /home/mete/catkin_ws/build/pcl -- -j12 -l12
[0.071s] [35m[1mScanning dependencies of target pcd_read[0m
[0.117s] [ 50%] [32mBuilding CXX object CMakeFiles/pcd_read.dir/src/pcd_read.cpp.o[0m
[4.505s] [01m[K/home/mete/catkin_ws/src/pcl/src/pcd_read.cpp:[m[K In constructor â€˜[01m[KMinimalPublisher::MinimalPublisher()[m[Kâ€™:
[4.506s] [01m[K/home/mete/catkin_ws/src/pcl/src/pcd_read.cpp:22:7:[m[K [01;31m[Kerror: [m[Kâ€˜[01m[Kpublisher_[m[Kâ€™ was not declared in this scope; did you mean â€˜[01m[Krcl_publisher_t[m[Kâ€™?
[4.506s]    22 |       [01;31m[Kpublisher_[m[K = this->create_publisher<std_msgs::msg::PointCloud2>("topic", 10);
[4.506s]       |       [01;31m[K^~~~~~~~~~[m[K
[4.506s]       |       [32m[Krcl_publisher_t[m[K
[4.506s] [01m[K/home/mete/catkin_ws/src/pcl/src/pcd_read.cpp:22:58:[m[K [01;31m[Kerror: [m[Kâ€˜[01m[KPointCloud2[m[Kâ€™ is not a member of â€˜[01m[Kstd_msgs::msg[m[Kâ€™; did you mean â€˜[01m[Ksensor_msgs::msg::PointCloud2[m[Kâ€™?
[4.506s]    22 |       publisher_ = this->create_publisher<std_msgs::msg::[01;31m[KPointCloud2[m[K>("topic", 10);
[4.507s]       |                                                          [01;31m[K^~~~~~~~~~~[m[K
[4.507s] In file included from [01m[K/opt/ros/foxy/include/sensor_msgs/msg/point_cloud2.hpp:7[m[K,
[4.507s]                  from [01m[K/opt/ros/foxy/include/pcl_conversions/pcl_conversions.h:58[m[K,
[4.507s]                  from [01m[K/home/mete/catkin_ws/src/pcl/src/pcd_read.cpp:10[m[K:
[4.507s] [01m[K/opt/ros/foxy/include/sensor_msgs/msg/detail/point_cloud2__struct.hpp:234:7:[m[K [01;36m[Knote: [m[Kâ€˜[01m[Ksensor_msgs::msg::PointCloud2[m[Kâ€™ declared here
[4.507s]   234 | using [01;36m[KPointCloud2[m[K =
[4.507s]       |       [01;36m[K^~~~~~~~~~~[m[K
[4.507s] [01m[K/home/mete/catkin_ws/src/pcl/src/pcd_read.cpp:22:58:[m[K [01;31m[Kerror: [m[Kâ€˜[01m[KPointCloud2[m[Kâ€™ is not a member of â€˜[01m[Kstd_msgs::msg[m[Kâ€™; did you mean â€˜[01m[Ksensor_msgs::msg::PointCloud2[m[Kâ€™?
[4.507s]    22 |       publisher_ = this->create_publisher<std_msgs::msg::[01;31m[KPointCloud2[m[K>("topic", 10);
[4.508s]       |                                                          [01;31m[K^~~~~~~~~~~[m[K
[4.508s] In file included from [01m[K/opt/ros/foxy/include/sensor_msgs/msg/point_cloud2.hpp:7[m[K,
[4.508s]                  from [01m[K/opt/ros/foxy/include/pcl_conversions/pcl_conversions.h:58[m[K,
[4.508s]                  from [01m[K/home/mete/catkin_ws/src/pcl/src/pcd_read.cpp:10[m[K:
[4.508s] [01m[K/opt/ros/foxy/include/sensor_msgs/msg/detail/point_cloud2__struct.hpp:234:7:[m[K [01;36m[Knote: [m[Kâ€˜[01m[Ksensor_msgs::msg::PointCloud2[m[Kâ€™ declared here
[4.508s]   234 | using [01;36m[KPointCloud2[m[K =
[4.508s]       |       [01;36m[K^~~~~~~~~~~[m[K
[4.508s] [01m[K/home/mete/catkin_ws/src/pcl/src/pcd_read.cpp:22:82:[m[K [01;31m[Kerror: [m[Kno matching function for call to â€˜[01m[KMinimalPublisher::create_publisher<<expression error> >(const char [6], int)[m[Kâ€™
[4.508s]    22 | his->create_publisher<std_msgs::msg::PointCloud2>("topic", 10[01;31m[K)[m[K;
[4.508s]       |                                                              [01;31m[K^[m[K
[4.508s] 
[4.508s] In file included from [01m[K/opt/ros/foxy/include/rclcpp/executors/single_threaded_executor.hpp:28[m[K,
[4.508s]                  from [01m[K/opt/ros/foxy/include/rclcpp/executors.hpp:22[m[K,
[4.508s]                  from [01m[K/opt/ros/foxy/include/rclcpp/rclcpp.hpp:146[m[K,
[4.508s]                  from [01m[K/opt/ros/foxy/include/pcl_conversions/pcl_conversions.h:42[m[K,
[4.509s]                  from [01m[K/home/mete/catkin_ws/src/pcl/src/pcd_read.cpp:10[m[K:
[4.509s] [01m[K/opt/ros/foxy/include/rclcpp/node.hpp:184:3:[m[K [01;36m[Knote: [m[Kcandidate: â€˜[01m[Ktemplate<class MessageT, class AllocatorT, class PublisherT> std::shared_ptr<PublisherT> rclcpp::Node::create_publisher(const string&, const rclcpp::QoS&, const rclcpp::PublisherOptionsWithAllocator<AllocatorT>&)[m[Kâ€™
[4.509s]   184 |   [01;36m[Kcreate_publisher[m[K(
[4.509s]       |   [01;36m[K^~~~~~~~~~~~~~~~[m[K
[4.509s] [01m[K/opt/ros/foxy/include/rclcpp/node.hpp:184:3:[m[K [01;36m[Knote: [m[K  template argument deduction/substitution failed:
[4.509s] [01m[K/home/mete/catkin_ws/src/pcl/src/pcd_read.cpp:22:82:[m[K [01;31m[Kerror: [m[Ktemplate argument 1 is invalid
[4.509s]    22 | his->create_publisher<std_msgs::msg::PointCloud2>("topic", 10[01;31m[K)[m[K;
[4.509s]       |                                                              [01;31m[K^[m[K
[4.509s] 
[4.509s] [01m[K/home/mete/catkin_ws/src/pcl/src/pcd_read.cpp:23:7:[m[K [01;31m[Kerror: [m[Kâ€˜[01m[Ktimer_[m[Kâ€™ was not declared in this scope; did you mean â€˜[01m[Ktimer_t[m[Kâ€™?
[4.509s]    23 |       [01;31m[Ktimer_[m[K = this->create_wall_timer(
[4.509s]       |       [01;31m[K^~~~~~[m[K
[4.509s]       |       [32m[Ktimer_t[m[K
[4.510s] [01m[K/home/mete/catkin_ws/src/pcl/src/pcd_read.cpp:24:7:[m[K [01;31m[Kerror: [m[Kunable to find numeric literal operator â€˜[01m[Koperator""ms[m[Kâ€™
[4.510s]    24 |       [01;31m[K500ms[m[K, std::bind(&MinimalPublisher::timer_callback, this));
[4.510s]       |       [01;31m[K^~~~~[m[K
[4.510s] [01m[K/home/mete/catkin_ws/src/pcl/src/pcd_read.cpp:24:43:[m[K [01;31m[Kerror: [m[Kâ€˜[01m[Ktimer_callback[m[Kâ€™ is not a member of â€˜[01m[KMinimalPublisher[m[Kâ€™
[4.510s]    24 |       500ms, std::bind(&MinimalPublisher::[01;31m[Ktimer_callback[m[K, this));
[4.510s]       |                                           [01;31m[K^~~~~~~~~~~~~~[m[K
[5.348s] make[2]: *** [CMakeFiles/pcd_read.dir/build.make:63: CMakeFiles/pcd_read.dir/src/pcd_read.cpp.o] Error 1
[5.349s] make[1]: *** [CMakeFiles/Makefile2:105: CMakeFiles/pcd_read.dir/all] Error 2
[5.349s] make: *** [Makefile:141: all] Error 2
[5.351s] Invoked command in '/home/mete/catkin_ws/build/pcl' returned '2': CMAKE_PREFIX_PATH=${CMAKE_PREFIX_PATH}:/opt/ros/foxy /usr/bin/cmake --build /home/mete/catkin_ws/build/pcl -- -j12 -l12
