[0.015s] Invoking command in '/home/mete/catkin_ws/build/pcl_ros': AMENT_PREFIX_PATH=/home/mete/catkin_ws/install/pcl_conversions:${AMENT_PREFIX_PATH} CMAKE_PREFIX_PATH=/home/mete/catkin_ws/install/pcl_conversions:/home/mete/catkin_ws/install/pcl:/home/mete/catkin_ws/install/localization:/opt/ros/foxy /usr/bin/cmake /home/mete/catkin_ws/src/perception_pcl/pcl_ros -DCMAKE_INSTALL_PREFIX=/home/mete/catkin_ws/install/pcl_ros
[0.056s] -- The C compiler identification is GNU 9.4.0
[0.098s] -- The CXX compiler identification is GNU 9.4.0
[0.104s] -- Check for working C compiler: /usr/bin/cc
[0.156s] -- Check for working C compiler: /usr/bin/cc -- works
[0.157s] -- Detecting C compiler ABI info
[0.212s] -- Detecting C compiler ABI info - done
[0.222s] -- Detecting C compile features
[0.222s] -- Detecting C compile features - done
[0.224s] -- Check for working CXX compiler: /usr/bin/c++
[0.289s] -- Check for working CXX compiler: /usr/bin/c++ -- works
[0.290s] -- Detecting CXX compiler ABI info
[0.353s] -- Detecting CXX compiler ABI info - done
[0.363s] -- Detecting CXX compile features
[0.363s] -- Detecting CXX compile features - done
[0.376s] -- Checking for module 'eigen3'
[0.386s] --   Found eigen3, version 3.3.7
[0.409s] -- Found Eigen: /usr/include/eigen3 (Required is at least version "3.1") 
[0.409s] -- Eigen found (include: /usr/include/eigen3, version: 3.3.7)
[0.468s] -- Checking for module 'flann'
[0.477s] --   Found flann, version 1.9.1
[0.505s] -- Found FLANN: /usr/lib/x86_64-linux-gnu/libflann_cpp.so  
[0.553s] -- The imported target "vtkParseOGLExt" references the file
[0.553s]    "/usr/bin/vtkParseOGLExt-7.1"
[0.553s] but this file does not exist.  Possible reasons include:
[0.553s] * The file was deleted, renamed, or moved to another location.
[0.553s] * An install or uninstall procedure did not complete successfully.
[0.553s] * The installation package was faulty and contained
[0.553s]    "/usr/lib/cmake/vtk-7.1/VTKTargets.cmake"
[0.553s] but not all the files it references.
[0.553s] 
[0.554s] -- The imported target "vtkRenderingPythonTkWidgets" references the file
[0.554s]    "/usr/lib/x86_64-linux-gnu/libvtkRenderingPythonTkWidgets.so"
[0.554s] but this file does not exist.  Possible reasons include:
[0.554s] * The file was deleted, renamed, or moved to another location.
[0.554s] * An install or uninstall procedure did not complete successfully.
[0.554s] * The installation package was faulty and contained
[0.554s]    "/usr/lib/cmake/vtk-7.1/VTKTargets.cmake"
[0.554s] but not all the files it references.
[0.554s] 
[0.554s] -- The imported target "vtk" references the file
[0.554s]    "/usr/bin/vtk"
[0.554s] but this file does not exist.  Possible reasons include:
[0.554s] * The file was deleted, renamed, or moved to another location.
[0.554s] * An install or uninstall procedure did not complete successfully.
[0.555s] * The installation package was faulty and contained
[0.555s]    "/usr/lib/cmake/vtk-7.1/VTKTargets.cmake"
[0.555s] but not all the files it references.
[0.555s] 
[0.555s] -- The imported target "pvtk" references the file
[0.555s]    "/usr/bin/pvtk"
[0.555s] but this file does not exist.  Possible reasons include:
[0.555s] * The file was deleted, renamed, or moved to another location.
[0.555s] * An install or uninstall procedure did not complete successfully.
[0.555s] * The installation package was faulty and contained
[0.555s]    "/usr/lib/cmake/vtk-7.1/VTKTargets.cmake"
[0.555s] but not all the files it references.
[0.555s] 
[0.580s] -- Checking for module 'libusb-1.0'
[0.582s] --   No package 'libusb-1.0' found
[0.584s] -- Could NOT find USB_10 (missing: USB_10_LIBRARY USB_10_INCLUDE_DIR) 
[0.584s] -- OpenNI disabled because libusb-1.0 not found.
[0.587s] -- Checking for module 'libusb-1.0'
[0.589s] --   No package 'libusb-1.0' found
[0.591s] -- Could NOT find USB_10 (missing: USB_10_LIBRARY USB_10_INCLUDE_DIR) 
[0.591s] -- OpenNI 2 disabled because libusb-1.0 not found.
[0.602s] -- LIBUSB_1_LIBRARY (missing: LIBUSB_1_INCLUDE_DIR) 
[0.615s] -- Found Qhull: optimized;/usr/lib/x86_64-linux-gnu/libqhull.so;debug;/usr/lib/x86_64-linux-gnu/libqhull.so  
[0.615s] -- QHULL found (include: /usr/include, lib: optimized;/usr/lib/x86_64-linux-gnu/libqhull.so;debug;/usr/lib/x86_64-linux-gnu/libqhull.so)
[0.616s] -- Could NOT find PCL_CORE (missing: PCL_CORE_LIBRARY PCL_CORE_INCLUDE_DIR) 
[0.617s] -- Found PCL_COMMON: /usr/lib/x86_64-linux-gnu/libpcl_common.so  
[0.618s] -- Found PCL_KDTREE: /usr/lib/x86_64-linux-gnu/libpcl_kdtree.so  
[0.619s] -- Found PCL_OCTREE: /usr/lib/x86_64-linux-gnu/libpcl_octree.so  
[0.620s] -- Found PCL_SEARCH: /usr/lib/x86_64-linux-gnu/libpcl_search.so  
[0.621s] -- Found PCL_2D: /usr/include/pcl-1.10  
[0.622s] -- Found PCL_FEATURES: /usr/lib/x86_64-linux-gnu/libpcl_features.so  
[0.623s] -- Found PCL_SAMPLE_CONSENSUS: /usr/lib/x86_64-linux-gnu/libpcl_sample_consensus.so  
[0.624s] -- Found PCL_FILTERS: /usr/lib/x86_64-linux-gnu/libpcl_filters.so  
[0.625s] -- Found PCL_IO: /usr/lib/x86_64-linux-gnu/libpcl_io.so  
[0.625s] -- Found PCL_GEOMETRY: /usr/include/pcl-1.10  
[0.626s] -- Found PCL_ML: /usr/lib/x86_64-linux-gnu/libpcl_ml.so  
[0.627s] -- Found PCL_SEGMENTATION: /usr/lib/x86_64-linux-gnu/libpcl_segmentation.so  
[0.628s] -- Found PCL_SURFACE: /usr/lib/x86_64-linux-gnu/libpcl_surface.so  
[0.631s] -- Found ament_cmake: 0.9.9 (/opt/ros/foxy/share/ament_cmake/cmake)
[0.649s] -- Found PythonInterp: /usr/bin/python3 (found suitable version "3.8.10", minimum required is "3") 
[0.650s] -- Using PYTHON_EXECUTABLE: /usr/bin/python3
[0.798s] -- Found pcl_conversions: 2.4.1 (/home/mete/catkin_ws/install/pcl_conversions/share/pcl_conversions/cmake)
[0.822s] -- Using all available rosidl_typesupport_c: rosidl_typesupport_fastrtps_c;rosidl_typesupport_introspection_c
[0.827s] -- Found rosidl_adapter: 1.2.1 (/opt/ros/foxy/share/rosidl_adapter/cmake)
[0.882s] -- Found OpenSSL: /usr/lib/x86_64-linux-gnu/libcrypto.so (found version "1.1.1f")  
[0.901s] -- Found FastRTPS: /opt/ros/foxy/include  
[0.963s] -- Using all available rosidl_typesupport_cpp: rosidl_typesupport_fastrtps_cpp;rosidl_typesupport_introspection_cpp
[1.264s] -- Found rmw_implementation_cmake: 1.0.3 (/opt/ros/foxy/share/rmw_implementation_cmake/cmake)
[1.265s] -- Using RMW implementation 'rmw_fastrtps_cpp' as default
[1.266s] -- Looking for pthread.h
[1.317s] -- Looking for pthread.h - found
[1.317s] -- Performing Test CMAKE_HAVE_LIBC_PTHREAD
[1.374s] -- Performing Test CMAKE_HAVE_LIBC_PTHREAD - Failed
[1.374s] -- Looking for pthread_create in pthreads
[1.422s] -- Looking for pthread_create in pthreads - not found
[1.423s] -- Looking for pthread_create in pthread
[1.485s] -- Looking for pthread_create in pthread - found
[1.486s] -- Found Threads: TRUE  
[1.638s] -- Found rclcpp_components: 2.4.1 (/opt/ros/foxy/share/rclcpp_components/cmake)
[1.695s] -- Found tf2: 0.13.13 (/opt/ros/foxy/share/tf2/cmake)
[1.703s] -- Found tf2_geometry_msgs: 0.13.13 (/opt/ros/foxy/share/tf2_geometry_msgs/cmake)
[1.710s] -- Found eigen3_cmake_module: 0.1.1 (/opt/ros/foxy/share/eigen3_cmake_module/cmake)
[1.712s] -- Found Eigen3: TRUE (found version "3.3.7") 
[2.069s] -- Found ament_lint_auto: 0.9.6 (/opt/ros/foxy/share/ament_lint_auto/cmake)
[2.134s] -- Added test 'cppcheck' to perform static code analysis on C / C++ code
[2.135s] -- Configured cppcheck include dirs: $<BUILD_INTERFACE:/home/mete/catkin_ws/src/perception_pcl/pcl_ros/include>
[2.135s] -- Configured cppcheck exclude dirs and/or files: 
[2.139s] -- Added test 'cpplint' to check C / C++ code against the Google style
[2.139s] -- Configured cpplint exclude dirs and/or files: 
[2.140s] -- Added test 'flake8' to check Python code syntax and style conventions
[2.142s] -- Added test 'lint_cmake' to check CMake code style
[2.143s] -- Added test 'pep257' to check Python code against some of the style conventions in PEP 257
[2.147s] -- Added test 'uncrustify' to check C / C++ code style
[2.147s] -- Configured uncrustify additional arguments: 
[2.148s] -- Added test 'xmllint' to check XML markup files
[2.153s] -- Configuring done
[2.200s] -- Generating done
[2.201s] -- Build files have been written to: /home/mete/catkin_ws/build/pcl_ros
[2.210s] Invoked command in '/home/mete/catkin_ws/build/pcl_ros' returned '0': AMENT_PREFIX_PATH=/home/mete/catkin_ws/install/pcl_conversions:${AMENT_PREFIX_PATH} CMAKE_PREFIX_PATH=/home/mete/catkin_ws/install/pcl_conversions:/home/mete/catkin_ws/install/pcl:/home/mete/catkin_ws/install/localization:/opt/ros/foxy /usr/bin/cmake /home/mete/catkin_ws/src/perception_pcl/pcl_ros -DCMAKE_INSTALL_PREFIX=/home/mete/catkin_ws/install/pcl_ros
[2.212s] Invoking command in '/home/mete/catkin_ws/build/pcl_ros': AMENT_PREFIX_PATH=/home/mete/catkin_ws/install/pcl_conversions:${AMENT_PREFIX_PATH} CMAKE_PREFIX_PATH=/home/mete/catkin_ws/install/pcl_conversions:/home/mete/catkin_ws/install/pcl:/home/mete/catkin_ws/install/localization:/opt/ros/foxy /usr/bin/cmake --build /home/mete/catkin_ws/build/pcl_ros -- -j12 -l12
[2.244s] [35m[1mScanning dependencies of target pcl_ros_tf[0m
[2.244s] [35m[1mScanning dependencies of target pcd_to_pointcloud[0m
[2.244s] [35m[1mScanning dependencies of target pcd_to_pointcloud_lib[0m
[2.273s] [ 16%] [32mBuilding CXX object CMakeFiles/pcd_to_pointcloud.dir/rclcpp_components/node_main_pcd_to_pointcloud.cpp.o[0m
[2.297s] [ 33%] [32mBuilding CXX object CMakeFiles/pcd_to_pointcloud_lib.dir/tools/pcd_to_pointcloud.cpp.o[0m
[2.307s] [ 50%] [32mBuilding CXX object CMakeFiles/pcl_ros_tf.dir/src/transforms.cpp.o[0m
[3.720s] In file included from [01m[K/home/mete/catkin_ws/src/perception_pcl/pcl_ros/src/transforms.cpp:38[m[K:
[3.720s] [01m[K/home/mete/catkin_ws/src/perception_pcl/pcl_ros/include/pcl_ros/impl/transforms.hpp:48:10:[m[K [01;31m[Kfatal error: [m[Ktf2_geometry_msgs/tf2_geometry_msgs.hpp: No such file or directory
[3.721s]    48 | #include [01;31m[K<tf2_geometry_msgs/tf2_geometry_msgs.hpp>[m[K
[3.721s]       |          [01;31m[K^~~~~~~~~~~~~~~~~~~~~~~~~~~~~~~~~~~~~~~~~[m[K
[3.721s] compilation terminated.
[3.730s] make[2]: *** [CMakeFiles/pcl_ros_tf.dir/build.make:63: CMakeFiles/pcl_ros_tf.dir/src/transforms.cpp.o] Error 1
[3.730s] make[1]: *** [CMakeFiles/Makefile2:136: CMakeFiles/pcl_ros_tf.dir/all] Error 2
[3.730s] make[1]: *** Waiting for unfinished jobs....
[3.933s] [ 66%] [32m[1mLinking CXX executable pcd_to_pointcloud[0m
[4.029s] [ 66%] Built target pcd_to_pointcloud
[6.033s] [01m[K/home/mete/catkin_ws/src/perception_pcl/pcl_ros/tools/pcd_to_pointcloud.cpp:[m[K In constructor â€˜[01m[Kpcl_ros::PCDPublisher::PCDPublisher(const rclcpp::NodeOptions&)[m[Kâ€™:
[6.033s] [01m[K/home/mete/catkin_ws/src/perception_pcl/pcl_ros/tools/pcd_to_pointcloud.cpp:88:66:[m[K [01;31m[Kerror: [m[Kno matching function for call to â€˜[01m[Kpcl_ros::PCDPublisher::declare_parameter<std::string>(const char [10])[m[Kâ€™
[6.033s]    88 |     file_name_ = this->declare_parameter<std::string>("file_name"[01;31m[K)[m[K;
[6.033s]       |                                                                  [01;31m[K^[m[K
[6.033s] In file included from [01m[K/opt/ros/foxy/include/rclcpp/node.hpp:1224[m[K,
[6.033s]                  from [01m[K/opt/ros/foxy/include/rclcpp/executors/single_threaded_executor.hpp:28[m[K,
[6.033s]                  from [01m[K/opt/ros/foxy/include/rclcpp/executors.hpp:22[m[K,
[6.033s]                  from [01m[K/opt/ros/foxy/include/rclcpp/rclcpp.hpp:146[m[K,
[6.033s]                  from [01m[K/home/mete/catkin_ws/src/perception_pcl/pcl_ros/tools/pcd_to_pointcloud.cpp:57[m[K:
[6.033s] [01m[K/opt/ros/foxy/include/rclcpp/node_impl.hpp:157:1:[m[K [01;36m[Knote: [m[Kcandidate: â€˜[01m[Kauto rclcpp::Node::declare_parameter(const string&, const ParameterT&, const ParameterDescriptor&, bool) [with ParameterT = std::__cxx11::basic_string<char>; std::string = std::__cxx11::basic_string<char>; rcl_interfaces::msg::ParameterDescriptor = rcl_interfaces::msg::ParameterDescriptor_<std::allocator<void> >][m[Kâ€™
[6.033s]   157 | [01;36m[KNode[m[K::declare_parameter(
[6.033s]       | [01;36m[K^~~~[m[K
[6.033s] [01m[K/opt/ros/foxy/include/rclcpp/node_impl.hpp:157:1:[m[K [01;36m[Knote: [m[K  candidate expects 4 arguments, 1 provided
[6.033s] [01m[K/home/mete/catkin_ws/src/perception_pcl/pcl_ros/tools/pcd_to_pointcloud.cpp:99:42:[m[K [01;31m[Kerror: [m[Kâ€˜[01m[Kusing element_type = class rclcpp::node_interfaces::NodeTopicsInterface[m[Kâ€™ {aka â€˜[01m[Kclass rclcpp::node_interfaces::NodeTopicsInterface[m[Kâ€™} has no member named â€˜[01m[Kresolve_topic_name[m[Kâ€™
[6.033s]    99 |       this->get_node_topics_interface()->[01;31m[Kresolve_topic_name[m[K(cloud_topic_);
[6.034s]       |                                          [01;31m[K^~~~~~~~~~~~~~~~~~[m[K
[6.993s] make[2]: *** [CMakeFiles/pcd_to_pointcloud_lib.dir/build.make:63: CMakeFiles/pcd_to_pointcloud_lib.dir/tools/pcd_to_pointcloud.cpp.o] Error 1
[6.993s] make[1]: *** [CMakeFiles/Makefile2:109: CMakeFiles/pcd_to_pointcloud_lib.dir/all] Error 2
[6.993s] make: *** [Makefile:141: all] Error 2
[6.995s] Invoked command in '/home/mete/catkin_ws/build/pcl_ros' returned '2': AMENT_PREFIX_PATH=/home/mete/catkin_ws/install/pcl_conversions:${AMENT_PREFIX_PATH} CMAKE_PREFIX_PATH=/home/mete/catkin_ws/install/pcl_conversions:/home/mete/catkin_ws/install/pcl:/home/mete/catkin_ws/install/localization:/opt/ros/foxy /usr/bin/cmake --build /home/mete/catkin_ws/build/pcl_ros -- -j12 -l12
