[01m[K/home/mete/catkin_ws/src/pcl/src/register.cpp:[m[K In function â€˜[01m[Kint main(int, char**)[m[Kâ€™:
[01m[K/home/mete/catkin_ws/src/pcl/src/register.cpp:204:3:[m[K [01;31m[Kerror: [m[Kâ€˜[01m[KloadData[m[Kâ€™ was not declared in this scope
  204 |   [01;31m[KloadData[m[K (argc, argv, data);
      |   [01;31m[K^~~~~~~~[m[K
[01m[K/home/mete/catkin_ws/src/pcl/src/register.cpp:227:5:[m[K [01;31m[Kerror: [m[Kâ€˜[01m[KpairAlign[m[Kâ€™ was not declared in this scope
  227 |     [01;31m[KpairAlign[m[K (source, target, temp, pairTransform, true);
      |     [01;31m[K^~~~~~~~~[m[K
make[2]: *** [CMakeFiles/register.dir/build.make:63: CMakeFiles/register.dir/src/register.cpp.o] Error 1
make[1]: *** [CMakeFiles/Makefile2:82: CMakeFiles/register.dir/all] Error 2
make: *** [Makefile:141: all] Error 2
