[0.019s] Invoking command in '/home/mete/catkin_ws/build/pcl': CMAKE_PREFIX_PATH=${CMAKE_PREFIX_PATH}:/opt/ros/foxy /usr/bin/cmake --build /home/mete/catkin_ws/build/pcl -- -j12 -l12
[0.084s] [35m[1mScanning dependencies of target pcd_read[0m
[0.123s] [ 50%] [32mBuilding CXX object CMakeFiles/pcd_read.dir/src/pcd_read.cpp.o[0m
[4.119s] [01m[K/home/mete/catkin_ws/src/pcl/src/pcd_read.cpp:[m[K In member function â€˜[01m[Kvoid MinimalPublisher::timer_callback()[m[Kâ€™:
[4.119s] [01m[K/home/mete/catkin_ws/src/pcl/src/pcd_read.cpp:39:33:[m[K [01;31m[Kerror: [m[Kâ€˜[01m[Kusing Ptr = pcl::shared_ptr<pcl::PointCloud<pcl::PointXYZ> >[m[Kâ€™ {aka â€˜[01m[Kclass boost::shared_ptr<pcl::PointCloud<pcl::PointXYZ> >[m[Kâ€™} has no member named â€˜[01m[Kdata[m[Kâ€™
[4.119s]    39 |       publisher_->publish(cloud.[01;31m[Kdata[m[K);
[4.119s]       |                                 [01;31m[K^~~~[m[K
[5.124s] make[2]: *** [CMakeFiles/pcd_read.dir/build.make:63: CMakeFiles/pcd_read.dir/src/pcd_read.cpp.o] Error 1
[5.124s] make[1]: *** [CMakeFiles/Makefile2:105: CMakeFiles/pcd_read.dir/all] Error 2
[5.124s] make: *** [Makefile:141: all] Error 2
[5.126s] Invoked command in '/home/mete/catkin_ws/build/pcl' returned '2': CMAKE_PREFIX_PATH=${CMAKE_PREFIX_PATH}:/opt/ros/foxy /usr/bin/cmake --build /home/mete/catkin_ws/build/pcl -- -j12 -l12
