[0.025s] Invoking command in '/home/mete/catkin_ws/build/pcl': CMAKE_PREFIX_PATH=${CMAKE_PREFIX_PATH}:/opt/ros/foxy /usr/bin/cmake --build /home/mete/catkin_ws/build/pcl -- -j12 -l12
[0.049s] -- Found ament_cmake: 0.9.9 (/opt/ros/foxy/share/ament_cmake/cmake)
[0.076s] -- Using PYTHON_EXECUTABLE: /usr/bin/python3
[0.256s] -- Eigen found (include: /usr/include/eigen3, version: 3.3.7)
[0.341s] -- The imported target "vtkParseOGLExt" references the file
[0.341s]    "/usr/bin/vtkParseOGLExt-7.1"
[0.341s] but this file does not exist.  Possible reasons include:
[0.341s] * The file was deleted, renamed, or moved to another location.
[0.341s] * An install or uninstall procedure did not complete successfully.
[0.341s] * The installation package was faulty and contained
[0.342s]    "/usr/lib/cmake/vtk-7.1/VTKTargets.cmake"
[0.342s] but not all the files it references.
[0.342s] 
[0.342s] -- The imported target "vtkRenderingPythonTkWidgets" references the file
[0.342s]    "/usr/lib/x86_64-linux-gnu/libvtkRenderingPythonTkWidgets.so"
[0.342s] but this file does not exist.  Possible reasons include:
[0.342s] * The file was deleted, renamed, or moved to another location.
[0.342s] * An install or uninstall procedure did not complete successfully.
[0.342s] * The installation package was faulty and contained
[0.342s]    "/usr/lib/cmake/vtk-7.1/VTKTargets.cmake"
[0.342s] but not all the files it references.
[0.342s] 
[0.343s] -- The imported target "vtk" references the file
[0.343s]    "/usr/bin/vtk"
[0.343s] but this file does not exist.  Possible reasons include:
[0.343s] * The file was deleted, renamed, or moved to another location.
[0.343s] * An install or uninstall procedure did not complete successfully.
[0.343s] * The installation package was faulty and contained
[0.343s]    "/usr/lib/cmake/vtk-7.1/VTKTargets.cmake"
[0.343s] but not all the files it references.
[0.343s] 
[0.343s] -- The imported target "pvtk" references the file
[0.343s]    "/usr/bin/pvtk"
[0.344s] but this file does not exist.  Possible reasons include:
[0.344s] * The file was deleted, renamed, or moved to another location.
[0.344s] * An install or uninstall procedure did not complete successfully.
[0.344s] * The installation package was faulty and contained
[0.344s]    "/usr/lib/cmake/vtk-7.1/VTKTargets.cmake"
[0.344s] but not all the files it references.
[0.344s] 
[0.360s] -- Checking for module 'libusb-1.0'
[0.362s] --   No package 'libusb-1.0' found
[0.364s] -- Could NOT find USB_10 (missing: USB_10_LIBRARY USB_10_INCLUDE_DIR) 
[0.365s] -- OpenNI disabled because libusb-1.0 not found.
[0.365s] ** WARNING ** io features related to openni will be disabled
[0.368s] -- Checking for module 'libusb-1.0'
[0.370s] --   No package 'libusb-1.0' found
[0.372s] -- Could NOT find USB_10 (missing: USB_10_LIBRARY USB_10_INCLUDE_DIR) 
[0.373s] -- OpenNI 2 disabled because libusb-1.0 not found.
[0.373s] ** WARNING ** io features related to openni2 will be disabled
[0.373s] ** WARNING ** io features related to pcap will be disabled
[0.373s] ** WARNING ** io features related to png will be disabled
[0.384s] -- LIBUSB_1_LIBRARY (missing: LIBUSB_1_INCLUDE_DIR) 
[0.384s] ** WARNING ** io features related to libusb-1.0 will be disabled
[0.388s] -- Checking for module 'libusb-1.0'
[0.390s] --   No package 'libusb-1.0' found
[0.392s] -- Could NOT find USB_10 (missing: USB_10_LIBRARY USB_10_INCLUDE_DIR) 
[0.392s] -- OpenNI disabled because libusb-1.0 not found.
[0.392s] ** WARNING ** visualization features related to openni will be disabled
[0.395s] -- Checking for module 'libusb-1.0'
[0.397s] --   No package 'libusb-1.0' found
[0.399s] -- Could NOT find USB_10 (missing: USB_10_LIBRARY USB_10_INCLUDE_DIR) 
[0.400s] -- OpenNI 2 disabled because libusb-1.0 not found.
[0.400s] ** WARNING ** visualization features related to openni2 will be disabled
[0.414s] -- QHULL found (include: /usr/include, lib: optimized;/usr/lib/x86_64-linux-gnu/libqhull.so;debug;/usr/lib/x86_64-linux-gnu/libqhull.so)
[0.418s] -- Checking for module 'libusb-1.0'
[0.421s] --   No package 'libusb-1.0' found
[0.425s] -- Could NOT find USB_10 (missing: USB_10_LIBRARY USB_10_INCLUDE_DIR) 
[0.425s] -- OpenNI disabled because libusb-1.0 not found.
[0.425s] ** WARNING ** apps features related to openni will be disabled
[0.437s] -- looking for PCL_COMMON
[0.438s] -- looking for PCL_KDTREE
[0.439s] -- looking for PCL_OCTREE
[0.439s] -- looking for PCL_SEARCH
[0.440s] -- looking for PCL_SAMPLE_CONSENSUS
[0.440s] -- looking for PCL_FILTERS
[0.441s] -- looking for PCL_2D
[0.441s] -- looking for PCL_GEOMETRY
[0.442s] -- looking for PCL_IO
[0.443s] -- looking for PCL_FEATURES
[0.443s] -- looking for PCL_ML
[0.444s] -- looking for PCL_SEGMENTATION
[0.445s] -- looking for PCL_VISUALIZATION
[0.445s] -- looking for PCL_SURFACE
[0.446s] -- looking for PCL_REGISTRATION
[0.447s] -- looking for PCL_KEYPOINTS
[0.447s] -- looking for PCL_TRACKING
[0.448s] -- looking for PCL_RECOGNITION
[0.449s] -- looking for PCL_STEREO
[0.449s] -- looking for PCL_APPS
[0.450s] -- looking for PCL_IN_HAND_SCANNER
[0.451s] -- looking for PCL_POINT_CLOUD_EDITOR
[0.452s] -- looking for PCL_OUTOFCORE
[0.452s] -- looking for PCL_PEOPLE
[0.454s] -- Found ament_lint_auto: 0.9.6 (/opt/ros/foxy/share/ament_lint_auto/cmake)
[0.514s] -- Added test 'copyright' to check source files copyright and LICENSE
[0.515s] -- Added test 'cppcheck' to perform static code analysis on C / C++ code
[0.516s] -- Configured cppcheck include dirs: 
[0.516s] -- Configured cppcheck exclude dirs and/or files: 
[0.516s] -- Added test 'cpplint' to check C / C++ code against the Google style
[0.516s] -- Configured cpplint exclude dirs and/or files: 
[0.517s] -- Added test 'lint_cmake' to check CMake code style
[0.518s] -- Added test 'uncrustify' to check C / C++ code style
[0.518s] -- Configured uncrustify additional arguments: 
[0.518s] -- Added test 'xmllint' to check XML markup files
[0.520s] -- Configuring done
[0.546s] -- Generating done
[0.547s] -- Build files have been written to: /home/mete/catkin_ws/build/pcl
[0.577s] [ 50%] [32mBuilding CXX object CMakeFiles/pcd_read.dir/src/pcd_read.cpp.o[0m
[1.823s] [01m[K/home/mete/catkin_ws/src/pcl/src/pcd_read.cpp:5:10:[m[K [01;31m[Kfatal error: [m[Kpcl_conversions/pcl_conversions.h: No such file or directory
[1.823s]     5 | #include [01;31m[K<pcl_conversions/pcl_conversions.h>[m[K
[1.823s]       |          [01;31m[K^~~~~~~~~~~~~~~~~~~~~~~~~~~~~~~~~~~[m[K
[1.823s] compilation terminated.
[1.839s] make[2]: *** [CMakeFiles/pcd_read.dir/build.make:63: CMakeFiles/pcd_read.dir/src/pcd_read.cpp.o] Error 1
[1.839s] make[1]: *** [CMakeFiles/Makefile2:105: CMakeFiles/pcd_read.dir/all] Error 2
[1.840s] make: *** [Makefile:141: all] Error 2
[1.843s] Invoked command in '/home/mete/catkin_ws/build/pcl' returned '2': CMAKE_PREFIX_PATH=${CMAKE_PREFIX_PATH}:/opt/ros/foxy /usr/bin/cmake --build /home/mete/catkin_ws/build/pcl -- -j12 -l12
