[0.017s] Invoking command in '/home/mete/catkin_ws/build/pcl': CMAKE_PREFIX_PATH=/home/mete/catkin_ws/install/pcl_conversions:/home/mete/catkin_ws/install/perception_pcl:/home/mete/catkin_ws/install/pcl_ros:/home/mete/catkin_ws/install/pcl:/home/mete/catkin_ws/install/localization:/home/mete/catkin_ws2/install/pugixml:/home/mete/catkin_ws2/install/parser:/home/mete/catkin_ws2/install/localization:/home/mete/catkin_ws2/install/LibKML:/home/mete/catkin_ws2/install/GeographicLib:/opt/ros/foxy /usr/bin/cmake --build /home/mete/catkin_ws/build/pcl -- -j12 -l12
[0.058s] [35m[1mScanning dependencies of target register[0m
[0.085s] [ 33%] Built target matrix_transform
[0.087s] [ 50%] [32mBuilding CXX object CMakeFiles/register.dir/src/register.cpp.o[0m
[0.089s] [ 83%] Built target pcd_read
[4.868s] [01m[K/home/mete/catkin_ws/src/pcl/src/register.cpp:243:1:[m[K [01;31m[Kerror: [m[Kexpected â€˜[01m[K}[m[Kâ€™ at end of input
[4.868s]   243 | [01;31m[K}[m[K
[4.868s]       | [01;31m[K^[m[K
[4.868s] [01m[K/home/mete/catkin_ws/src/pcl/src/register.cpp:47:1:[m[K [01;36m[Knote: [m[Kto match this â€˜[01m[K{[m[Kâ€™
[4.868s]    47 | [01;36m[K{[m[K
[4.868s]       | [01;36m[K^[m[K
[4.915s] [01m[K/home/mete/catkin_ws/src/pcl/src/register.cpp:[m[K In member function â€˜[01m[Kvoid MyPointRepresentation::pairAlign(pcl::PointCloud<pcl::PointXYZ>::Ptr, pcl::PointCloud<pcl::PointXYZ>::Ptr, pcl::PointCloud<pcl::PointXYZ>::Ptr, Eigen::Matrix4f&, bool)[m[Kâ€™:
[4.916s] [01m[K/home/mete/catkin_ws/src/pcl/src/register.cpp:184:5:[m[K [01;31m[Kerror: [m[Kâ€˜[01m[KshowCloudsRight[m[Kâ€™ was not declared in this scope
[4.916s]   184 |     [01;31m[KshowCloudsRight[m[K(points_with_normals_tgt, points_with_normals_src);
[4.916s]       |     [01;31m[K^~~~~~~~~~~~~~~[m[K
[4.931s] [01m[K/home/mete/catkin_ws/src/pcl/src/register.cpp:[m[K In member function â€˜[01m[Kint MyPointRepresentation::main(int, char**)[m[Kâ€™:
[4.931s] [01m[K/home/mete/catkin_ws/src/pcl/src/register.cpp:225:5:[m[K [01;31m[Kerror: [m[Kâ€˜[01m[KshowCloudsLeft[m[Kâ€™ was not declared in this scope
[4.931s]   225 |     [01;31m[KshowCloudsLeft[m[K(source, target);
[4.931s]       |     [01;31m[K^~~~~~~~~~~~~~[m[K
[4.932s] [01m[K/home/mete/catkin_ws/src/pcl/src/register.cpp:[m[K At global scope:
[4.932s] [01m[K/home/mete/catkin_ws/src/pcl/src/register.cpp:243:1:[m[K [01;31m[Kerror: [m[Kexpected unqualified-id at end of input
[4.932s]   243 | [01;31m[K}[m[K
[4.932s]       | [01;31m[K^[m[K
[9.658s] make[2]: *** [CMakeFiles/register.dir/build.make:63: CMakeFiles/register.dir/src/register.cpp.o] Interrupt
[9.658s] make[1]: *** [CMakeFiles/Makefile2:82: CMakeFiles/register.dir/all] Interrupt
[9.658s] make: *** [Makefile:141: all] Interrupt
[9.693s] Invoked command in '/home/mete/catkin_ws/build/pcl' returned '-2': CMAKE_PREFIX_PATH=/home/mete/catkin_ws/install/pcl_conversions:/home/mete/catkin_ws/install/perception_pcl:/home/mete/catkin_ws/install/pcl_ros:/home/mete/catkin_ws/install/pcl:/home/mete/catkin_ws/install/localization:/home/mete/catkin_ws2/install/pugixml:/home/mete/catkin_ws2/install/parser:/home/mete/catkin_ws2/install/localization:/home/mete/catkin_ws2/install/LibKML:/home/mete/catkin_ws2/install/GeographicLib:/opt/ros/foxy /usr/bin/cmake --build /home/mete/catkin_ws/build/pcl -- -j12 -l12
