[0.017s] Invoking command in '/home/mete/catkin_ws/build/pcl': CMAKE_PREFIX_PATH=/home/mete/catkin_ws/install/pcl_conversions:/home/mete/catkin_ws/install/perception_pcl:/home/mete/catkin_ws/install/pcl_ros:/home/mete/catkin_ws/install/pcl:/home/mete/catkin_ws/install/localization:/home/mete/catkin_ws2/install/pugixml:/home/mete/catkin_ws2/install/parser:/home/mete/catkin_ws2/install/localization:/home/mete/catkin_ws2/install/LibKML:/home/mete/catkin_ws2/install/GeographicLib:/opt/ros/foxy /usr/bin/cmake --build /home/mete/catkin_ws/build/pcl -- -j12 -l12
[0.058s] [35m[1mScanning dependencies of target register[0m
[0.072s] [ 50%] Built target matrix_transform
[0.101s] [ 75%] [32mBuilding CXX object CMakeFiles/register.dir/src/register.cpp.o[0m
[5.405s] [01m[K/home/mete/catkin_ws/src/pcl/src/register.cpp:[m[K In constructor â€˜[01m[KMinimalPublisher::MinimalPublisher()[m[Kâ€™:
[5.405s] [01m[K/home/mete/catkin_ws/src/pcl/src/register.cpp:143:7:[m[K [01;31m[Kerror: [m[Kâ€˜[01m[Kpoint_cloud_align_publisher[m[Kâ€™ was not declared in this scope; did you mean â€˜[01m[Kpoint_cloud_publisher_2[m[Kâ€™?
[5.405s]   143 |       [01;31m[Kpoint_cloud_align_publisher[m[K = this->create_publisher<sensor_msgs::msg::PointCloud2>("/pointcloud_align", 10);
[5.405s]       |       [01;31m[K^~~~~~~~~~~~~~~~~~~~~~~~~~~[m[K
[5.405s]       |       [32m[Kpoint_cloud_publisher_2[m[K
[5.456s] [01m[K/home/mete/catkin_ws/src/pcl/src/register.cpp:212:9:[m[K [01;31m[Kerror: [m[Kâ€˜[01m[Kpc_publisher_aligned[m[Kâ€™ was not declared in this scope; did you mean â€˜[01m[Krcl_publisher_fini[m[Kâ€™?
[5.456s]   212 |         [01;31m[Kpc_publisher_aligned[m[K->publish(aligned_ros);
[5.456s]       |         [01;31m[K^~~~~~~~~~~~~~~~~~~~[m[K
[5.456s]       |         [32m[Krcl_publisher_fini[m[K
[15.555s] make[2]: *** [CMakeFiles/register.dir/build.make:63: CMakeFiles/register.dir/src/register.cpp.o] Error 1
[15.555s] make[1]: *** [CMakeFiles/Makefile2:80: CMakeFiles/register.dir/all] Error 2
[15.555s] make: *** [Makefile:141: all] Error 2
[15.557s] Invoked command in '/home/mete/catkin_ws/build/pcl' returned '2': CMAKE_PREFIX_PATH=/home/mete/catkin_ws/install/pcl_conversions:/home/mete/catkin_ws/install/perception_pcl:/home/mete/catkin_ws/install/pcl_ros:/home/mete/catkin_ws/install/pcl:/home/mete/catkin_ws/install/localization:/home/mete/catkin_ws2/install/pugixml:/home/mete/catkin_ws2/install/parser:/home/mete/catkin_ws2/install/localization:/home/mete/catkin_ws2/install/LibKML:/home/mete/catkin_ws2/install/GeographicLib:/opt/ros/foxy /usr/bin/cmake --build /home/mete/catkin_ws/build/pcl -- -j12 -l12
