[01m[K/home/mete/catkin_ws/src/pcl/src/register.cpp:[m[K In function â€˜[01m[Kint main(int, char**)[m[Kâ€™:
[01m[K/home/mete/catkin_ws/src/pcl/src/register.cpp:220:5:[m[K [01;31m[Kerror: [m[Kâ€˜[01m[KshowCloudsLeft[m[Kâ€™ was not declared in this scope
  220 |     [01;31m[KshowCloudsLeft[m[K(source, target);
      |     [01;31m[K^~~~~~~~~~~~~~[m[K
make[2]: *** [CMakeFiles/register.dir/build.make:63: CMakeFiles/register.dir/src/register.cpp.o] Error 1
make[1]: *** [CMakeFiles/Makefile2:82: CMakeFiles/register.dir/all] Error 2
make: *** [Makefile:141: all] Error 2
