[35m[1mScanning dependencies of target register[0m
[ 33%] Built target matrix_transform
[ 50%] [32mBuilding CXX object CMakeFiles/register.dir/src/register.cpp.o[0m
[ 83%] Built target pcd_read
[01m[K/home/mete/catkin_ws/src/pcl/src/register.cpp:[m[K In function â€˜[01m[Kint main(int, char**)[m[Kâ€™:
[01m[K/home/mete/catkin_ws/src/pcl/src/register.cpp:216:7:[m[K [01;31m[Kerror: [m[Kâ€˜[01m[Kdata[m[Kâ€™ was not declared in this scope; did you mean â€˜[01m[Kdata_2[m[Kâ€™?
  216 |   if ([01;31m[Kdata[m[K.empty ())
      |       [01;31m[K^~~~[m[K
      |       [32m[Kdata_2[m[K
In file included from [01m[K/usr/include/pcl-1.10/pcl/conversions.h:53[m[K,
                 from [01m[K/usr/include/pcl-1.10/pcl/common/io.h:48[m[K,
                 from [01m[K/usr/include/pcl-1.10/pcl/io/file_io.h:41[m[K,
                 from [01m[K/usr/include/pcl-1.10/pcl/io/pcd_io.h:44[m[K,
                 from [01m[K/home/mete/catkin_ws/src/pcl/src/register.cpp:5[m[K:
[01m[K/home/mete/catkin_ws/src/pcl/src/register.cpp:222:43:[m[K [01;31m[Kerror: [m[Kâ€˜[01m[Kdata[m[Kâ€™ was not declared in this scope; did you mean â€˜[01m[Kdata_2[m[Kâ€™?
  222 |   PCL_INFO ("Loaded %d datasets.\n", (int)[01;31m[Kdata[m[K.size ());
      |                                           [01;31m[K^~~~[m[K
[01m[K/home/mete/catkin_ws/src/pcl/src/register.cpp:207:15:[m[K [01;35m[Kwarning: [m[Kunused parameter â€˜[01m[Kargc[m[Kâ€™ [[01;35m[K-Wunused-parameter[m[K]
  207 | int main ([01;35m[Kint argc[m[K, char** argv)
      |           [01;35m[K~~~~^~~~[m[K
make[2]: *** [CMakeFiles/register.dir/build.make:63: CMakeFiles/register.dir/src/register.cpp.o] Error 1
make[1]: *** [CMakeFiles/Makefile2:82: CMakeFiles/register.dir/all] Error 2
make: *** [Makefile:141: all] Error 2
