[0.020s] Invoking command in '/home/mete/catkin_ws/build/pcl': /usr/bin/cmake --build /home/mete/catkin_ws/build/pcl -- -j12 -l12
[0.041s] -- Found ament_cmake: 0.9.9 (/opt/ros/foxy/share/ament_cmake/cmake)
[0.061s] -- Using PYTHON_EXECUTABLE: /usr/bin/python3
[0.231s] -- Eigen found (include: /usr/include/eigen3, version: 3.3.7)
[0.309s] -- The imported target "vtkParseOGLExt" references the file
[0.309s]    "/usr/bin/vtkParseOGLExt-7.1"
[0.309s] but this file does not exist.  Possible reasons include:
[0.309s] * The file was deleted, renamed, or moved to another location.
[0.309s] * An install or uninstall procedure did not complete successfully.
[0.309s] * The installation package was faulty and contained
[0.309s]    "/usr/lib/cmake/vtk-7.1/VTKTargets.cmake"
[0.309s] but not all the files it references.
[0.309s] 
[0.309s] -- The imported target "vtkRenderingPythonTkWidgets" references the file
[0.309s]    "/usr/lib/x86_64-linux-gnu/libvtkRenderingPythonTkWidgets.so"
[0.310s] but this file does not exist.  Possible reasons include:
[0.310s] * The file was deleted, renamed, or moved to another location.
[0.310s] * An install or uninstall procedure did not complete successfully.
[0.310s] * The installation package was faulty and contained
[0.310s]    "/usr/lib/cmake/vtk-7.1/VTKTargets.cmake"
[0.310s] but not all the files it references.
[0.310s] 
[0.310s] -- The imported target "vtk" references the file
[0.310s]    "/usr/bin/vtk"
[0.310s] but this file does not exist.  Possible reasons include:
[0.310s] * The file was deleted, renamed, or moved to another location.
[0.310s] * An install or uninstall procedure did not complete successfully.
[0.311s] * The installation package was faulty and contained
[0.311s]    "/usr/lib/cmake/vtk-7.1/VTKTargets.cmake"
[0.311s] but not all the files it references.
[0.311s] 
[0.311s] -- The imported target "pvtk" references the file
[0.311s]    "/usr/bin/pvtk"
[0.311s] but this file does not exist.  Possible reasons include:
[0.311s] * The file was deleted, renamed, or moved to another location.
[0.311s] * An install or uninstall procedure did not complete successfully.
[0.311s] * The installation package was faulty and contained
[0.311s]    "/usr/lib/cmake/vtk-7.1/VTKTargets.cmake"
[0.311s] but not all the files it references.
[0.311s] 
[0.327s] -- Checking for module 'libusb-1.0'
[0.329s] --   No package 'libusb-1.0' found
[0.331s] -- Could NOT find USB_10 (missing: USB_10_LIBRARY USB_10_INCLUDE_DIR) 
[0.331s] -- OpenNI disabled because libusb-1.0 not found.
[0.332s] ** WARNING ** io features related to openni will be disabled
[0.335s] -- Checking for module 'libusb-1.0'
[0.337s] --   No package 'libusb-1.0' found
[0.339s] -- Could NOT find USB_10 (missing: USB_10_LIBRARY USB_10_INCLUDE_DIR) 
[0.339s] -- OpenNI 2 disabled because libusb-1.0 not found.
[0.340s] ** WARNING ** io features related to openni2 will be disabled
[0.340s] ** WARNING ** io features related to pcap will be disabled
[0.340s] ** WARNING ** io features related to png will be disabled
[0.351s] -- LIBUSB_1_LIBRARY (missing: LIBUSB_1_INCLUDE_DIR) 
[0.351s] ** WARNING ** io features related to libusb-1.0 will be disabled
[0.354s] -- Checking for module 'libusb-1.0'
[0.356s] --   No package 'libusb-1.0' found
[0.358s] -- Could NOT find USB_10 (missing: USB_10_LIBRARY USB_10_INCLUDE_DIR) 
[0.358s] -- OpenNI disabled because libusb-1.0 not found.
[0.359s] ** WARNING ** visualization features related to openni will be disabled
[0.362s] -- Checking for module 'libusb-1.0'
[0.364s] --   No package 'libusb-1.0' found
[0.366s] -- Could NOT find USB_10 (missing: USB_10_LIBRARY USB_10_INCLUDE_DIR) 
[0.366s] -- OpenNI 2 disabled because libusb-1.0 not found.
[0.366s] ** WARNING ** visualization features related to openni2 will be disabled
[0.377s] -- QHULL found (include: /usr/include, lib: optimized;/usr/lib/x86_64-linux-gnu/libqhull.so;debug;/usr/lib/x86_64-linux-gnu/libqhull.so)
[0.380s] -- Checking for module 'libusb-1.0'
[0.382s] --   No package 'libusb-1.0' found
[0.384s] -- Could NOT find USB_10 (missing: USB_10_LIBRARY USB_10_INCLUDE_DIR) 
[0.385s] -- OpenNI disabled because libusb-1.0 not found.
[0.385s] ** WARNING ** apps features related to openni will be disabled
[0.394s] -- looking for PCL_COMMON
[0.395s] -- looking for PCL_KDTREE
[0.396s] -- looking for PCL_OCTREE
[0.396s] -- looking for PCL_SEARCH
[0.397s] -- looking for PCL_SAMPLE_CONSENSUS
[0.397s] -- looking for PCL_FILTERS
[0.398s] -- looking for PCL_2D
[0.398s] -- looking for PCL_GEOMETRY
[0.399s] -- looking for PCL_IO
[0.399s] -- looking for PCL_FEATURES
[0.400s] -- looking for PCL_ML
[0.401s] -- looking for PCL_SEGMENTATION
[0.401s] -- looking for PCL_VISUALIZATION
[0.402s] -- looking for PCL_SURFACE
[0.402s] -- looking for PCL_REGISTRATION
[0.403s] -- looking for PCL_KEYPOINTS
[0.404s] -- looking for PCL_TRACKING
[0.405s] -- looking for PCL_RECOGNITION
[0.405s] -- looking for PCL_STEREO
[0.406s] -- looking for PCL_APPS
[0.407s] -- looking for PCL_IN_HAND_SCANNER
[0.408s] -- looking for PCL_POINT_CLOUD_EDITOR
[0.408s] -- looking for PCL_OUTOFCORE
[0.409s] -- looking for PCL_PEOPLE
[0.411s] -- Found ament_lint_auto: 0.9.6 (/opt/ros/foxy/share/ament_lint_auto/cmake)
[0.448s] Error parsing '/home/mete/catkin_ws/src/pcl/package.xml':
[0.540s] Traceback (most recent call last):
[0.540s]   File "/opt/ros/foxy/share/ament_cmake_core/cmake/core/package_xml_2_cmake.py", line 143, in <module>
[0.540s]     main()
[0.540s]   File "/opt/ros/foxy/share/ament_cmake_core/cmake/core/package_xml_2_cmake.py", line 52, in main
[0.541s]     raise e
[0.541s]   File "/opt/ros/foxy/share/ament_cmake_core/cmake/core/package_xml_2_cmake.py", line 48, in main
[0.541s]     package = parse_package_string(
[0.541s]   File "/usr/lib/python3/dist-packages/catkin_pkg/package.py", line 786, in parse_package_string
[0.541s]     raise InvalidPackage('Error(s):%s' % (''.join(['\n- %s' % e for e in errors])), filename)
[0.541s] catkin_pkg.package.InvalidPackage: Error(s) in package '/home/mete/catkin_ws/src/pcl/package.xml':
[0.541s] Error(s):
[0.541s] - The manifest of package "pcl" (with format version 3) must not contain the following tags: run_depend
[0.541s] - Please replace <run_depend> tags with <exec_depend> tags.
[0.555s] CMake Error at /opt/ros/foxy/share/ament_cmake_core/cmake/core/ament_package_xml.cmake:94 (message):
[0.555s]   execute_process(/usr/bin/python3
[0.555s]   /opt/ros/foxy/share/ament_cmake_core/cmake/core/package_xml_2_cmake.py
[0.555s]   /home/mete/catkin_ws/src/pcl/package.xml
[0.555s]   /home/mete/catkin_ws/build/pcl/ament_cmake_core/package.cmake) returned
[0.555s]   error code 1
[0.555s] Call Stack (most recent call first):
[0.555s]   /opt/ros/foxy/share/ament_cmake_core/cmake/core/ament_package_xml.cmake:49 (_ament_package_xml)
[0.555s]   /opt/ros/foxy/share/ament_lint_auto/cmake/ament_lint_auto_find_test_dependencies.cmake:31 (ament_package_xml)
[0.555s]   CMakeLists.txt:58 (ament_lint_auto_find_test_dependencies)
[0.555s] 
[0.555s] 
[0.556s] -- Configuring incomplete, errors occurred!
[0.556s] See also "/home/mete/catkin_ws/build/pcl/CMakeFiles/CMakeOutput.log".
[0.561s] make: *** [Makefile:266: cmake_check_build_system] Error 1
[0.563s] Invoked command in '/home/mete/catkin_ws/build/pcl' returned '2': /usr/bin/cmake --build /home/mete/catkin_ws/build/pcl -- -j12 -l12
