[0.021s] Invoking command in '/home/mete/catkin_ws/build/pcl': CMAKE_PREFIX_PATH=${CMAKE_PREFIX_PATH}:/opt/ros/foxy /usr/bin/cmake --build /home/mete/catkin_ws/build/pcl -- -j12 -l12
[0.042s] -- Found ament_cmake: 0.9.9 (/opt/ros/foxy/share/ament_cmake/cmake)
[0.063s] -- Using PYTHON_EXECUTABLE: /usr/bin/python3
[0.231s] -- Eigen found (include: /usr/include/eigen3, version: 3.3.7)
[0.308s] -- The imported target "vtkParseOGLExt" references the file
[0.308s]    "/usr/bin/vtkParseOGLExt-7.1"
[0.308s] but this file does not exist.  Possible reasons include:
[0.308s] * The file was deleted, renamed, or moved to another location.
[0.308s] * An install or uninstall procedure did not complete successfully.
[0.308s] * The installation package was faulty and contained
[0.308s]    "/usr/lib/cmake/vtk-7.1/VTKTargets.cmake"
[0.308s] but not all the files it references.
[0.308s] 
[0.308s] -- The imported target "vtkRenderingPythonTkWidgets" references the file
[0.309s]    "/usr/lib/x86_64-linux-gnu/libvtkRenderingPythonTkWidgets.so"
[0.309s] but this file does not exist.  Possible reasons include:
[0.309s] * The file was deleted, renamed, or moved to another location.
[0.309s] * An install or uninstall procedure did not complete successfully.
[0.309s] * The installation package was faulty and contained
[0.309s]    "/usr/lib/cmake/vtk-7.1/VTKTargets.cmake"
[0.309s] but not all the files it references.
[0.309s] 
[0.309s] -- The imported target "vtk" references the file
[0.309s]    "/usr/bin/vtk"
[0.309s] but this file does not exist.  Possible reasons include:
[0.310s] * The file was deleted, renamed, or moved to another location.
[0.310s] * An install or uninstall procedure did not complete successfully.
[0.310s] * The installation package was faulty and contained
[0.310s]    "/usr/lib/cmake/vtk-7.1/VTKTargets.cmake"
[0.310s] but not all the files it references.
[0.310s] 
[0.310s] -- The imported target "pvtk" references the file
[0.310s]    "/usr/bin/pvtk"
[0.310s] but this file does not exist.  Possible reasons include:
[0.310s] * The file was deleted, renamed, or moved to another location.
[0.310s] * An install or uninstall procedure did not complete successfully.
[0.310s] * The installation package was faulty and contained
[0.310s]    "/usr/lib/cmake/vtk-7.1/VTKTargets.cmake"
[0.310s] but not all the files it references.
[0.310s] 
[0.327s] -- Checking for module 'libusb-1.0'
[0.329s] --   No package 'libusb-1.0' found
[0.331s] -- Could NOT find USB_10 (missing: USB_10_LIBRARY USB_10_INCLUDE_DIR) 
[0.332s] -- OpenNI disabled because libusb-1.0 not found.
[0.332s] ** WARNING ** io features related to openni will be disabled
[0.335s] -- Checking for module 'libusb-1.0'
[0.337s] --   No package 'libusb-1.0' found
[0.339s] -- Could NOT find USB_10 (missing: USB_10_LIBRARY USB_10_INCLUDE_DIR) 
[0.339s] -- OpenNI 2 disabled because libusb-1.0 not found.
[0.340s] ** WARNING ** io features related to openni2 will be disabled
[0.340s] ** WARNING ** io features related to pcap will be disabled
[0.340s] ** WARNING ** io features related to png will be disabled
[0.351s] -- LIBUSB_1_LIBRARY (missing: LIBUSB_1_INCLUDE_DIR) 
[0.351s] ** WARNING ** io features related to libusb-1.0 will be disabled
[0.354s] -- Checking for module 'libusb-1.0'
[0.356s] --   No package 'libusb-1.0' found
[0.358s] -- Could NOT find USB_10 (missing: USB_10_LIBRARY USB_10_INCLUDE_DIR) 
[0.359s] -- OpenNI disabled because libusb-1.0 not found.
[0.359s] ** WARNING ** visualization features related to openni will be disabled
[0.362s] -- Checking for module 'libusb-1.0'
[0.364s] --   No package 'libusb-1.0' found
[0.366s] -- Could NOT find USB_10 (missing: USB_10_LIBRARY USB_10_INCLUDE_DIR) 
[0.366s] -- OpenNI 2 disabled because libusb-1.0 not found.
[0.366s] ** WARNING ** visualization features related to openni2 will be disabled
[0.377s] -- QHULL found (include: /usr/include, lib: optimized;/usr/lib/x86_64-linux-gnu/libqhull.so;debug;/usr/lib/x86_64-linux-gnu/libqhull.so)
[0.380s] -- Checking for module 'libusb-1.0'
[0.382s] --   No package 'libusb-1.0' found
[0.384s] -- Could NOT find USB_10 (missing: USB_10_LIBRARY USB_10_INCLUDE_DIR) 
[0.385s] -- OpenNI disabled because libusb-1.0 not found.
[0.385s] ** WARNING ** apps features related to openni will be disabled
[0.395s] -- looking for PCL_COMMON
[0.396s] -- looking for PCL_KDTREE
[0.396s] -- looking for PCL_OCTREE
[0.397s] -- looking for PCL_SEARCH
[0.397s] -- looking for PCL_SAMPLE_CONSENSUS
[0.398s] -- looking for PCL_FILTERS
[0.398s] -- looking for PCL_2D
[0.399s] -- looking for PCL_GEOMETRY
[0.399s] -- looking for PCL_IO
[0.400s] -- looking for PCL_FEATURES
[0.401s] -- looking for PCL_ML
[0.401s] -- looking for PCL_SEGMENTATION
[0.402s] -- looking for PCL_VISUALIZATION
[0.403s] -- looking for PCL_SURFACE
[0.403s] -- looking for PCL_REGISTRATION
[0.404s] -- looking for PCL_KEYPOINTS
[0.405s] -- looking for PCL_TRACKING
[0.405s] -- looking for PCL_RECOGNITION
[0.406s] -- looking for PCL_STEREO
[0.407s] -- looking for PCL_APPS
[0.408s] -- looking for PCL_IN_HAND_SCANNER
[0.409s] -- looking for PCL_POINT_CLOUD_EDITOR
[0.409s] -- looking for PCL_OUTOFCORE
[0.410s] -- looking for PCL_PEOPLE
[0.412s] -- Found ament_lint_auto: 0.9.6 (/opt/ros/foxy/share/ament_lint_auto/cmake)
[0.499s] -- Using all available rosidl_typesupport_c: rosidl_typesupport_fastrtps_c;rosidl_typesupport_introspection_c
[0.506s] -- Found rosidl_adapter: 1.2.1 (/opt/ros/foxy/share/rosidl_adapter/cmake)
[0.569s] -- Found OpenSSL: /usr/lib/x86_64-linux-gnu/libcrypto.so (found version "1.1.1f")  
[0.592s] -- Found FastRTPS: /opt/ros/foxy/include  
[0.664s] -- Using all available rosidl_typesupport_cpp: rosidl_typesupport_fastrtps_cpp;rosidl_typesupport_introspection_cpp
[1.005s] -- Found rmw_implementation_cmake: 1.0.3 (/opt/ros/foxy/share/rmw_implementation_cmake/cmake)
[1.007s] -- Using RMW implementation 'rmw_fastrtps_cpp' as default
[1.008s] -- Looking for pthread.h
[1.065s] -- Looking for pthread.h - found
[1.065s] -- Performing Test CMAKE_HAVE_LIBC_PTHREAD
[1.125s] -- Performing Test CMAKE_HAVE_LIBC_PTHREAD - Failed
[1.125s] -- Looking for pthread_create in pthreads
[1.172s] -- Looking for pthread_create in pthreads - not found
[1.172s] -- Looking for pthread_create in pthread
[1.230s] -- Looking for pthread_create in pthread - found
[1.231s] -- Found Threads: TRUE  
[1.390s] -- Added test 'copyright' to check source files copyright and LICENSE
[1.391s] -- Added test 'cppcheck' to perform static code analysis on C / C++ code
[1.391s] -- Configured cppcheck include dirs: 
[1.391s] -- Configured cppcheck exclude dirs and/or files: 
[1.392s] -- Added test 'cpplint' to check C / C++ code against the Google style
[1.392s] -- Configured cpplint exclude dirs and/or files: 
[1.392s] -- Added test 'lint_cmake' to check CMake code style
[1.393s] -- Added test 'uncrustify' to check C / C++ code style
[1.393s] -- Configured uncrustify additional arguments: 
[1.393s] -- Added test 'xmllint' to check XML markup files
[1.396s] -- Configuring done
[1.418s] -- Generating done
[1.420s] -- Build files have been written to: /home/mete/catkin_ws/build/pcl
[1.443s] [35m[1mScanning dependencies of target pcd_read[0m
[1.458s] [ 50%] [32mBuilding CXX object CMakeFiles/pcd_read.dir/src/pcd_read.cpp.o[0m
[2.696s] [01m[K/home/mete/catkin_ws/src/pcl/src/pcd_read.cpp:5:10:[m[K [01;31m[Kfatal error: [m[Kpcl_conversions/pcl_conversions.h: No such file or directory
[2.696s]     5 | #include [01;31m[K<pcl_conversions/pcl_conversions.h>[m[K
[2.697s]       |          [01;31m[K^~~~~~~~~~~~~~~~~~~~~~~~~~~~~~~~~~~[m[K
[2.697s] compilation terminated.
[2.711s] make[2]: *** [CMakeFiles/pcd_read.dir/build.make:63: CMakeFiles/pcd_read.dir/src/pcd_read.cpp.o] Error 1
[2.712s] make[1]: *** [CMakeFiles/Makefile2:105: CMakeFiles/pcd_read.dir/all] Error 2
[2.712s] make: *** [Makefile:141: all] Error 2
[2.715s] Invoked command in '/home/mete/catkin_ws/build/pcl' returned '2': CMAKE_PREFIX_PATH=${CMAKE_PREFIX_PATH}:/opt/ros/foxy /usr/bin/cmake --build /home/mete/catkin_ws/build/pcl -- -j12 -l12
