[0.015s] Invoking command in '/home/mete/catkin_ws/build/pcl': CMAKE_PREFIX_PATH=/home/mete/catkin_ws/install/pcl_conversions:/home/mete/catkin_ws/install/perception_pcl:/home/mete/catkin_ws/install/pcl_ros:/home/mete/catkin_ws/install/pcl:/home/mete/catkin_ws/install/localization:/home/mete/catkin_ws2/install/pugixml:/home/mete/catkin_ws2/install/parser:/home/mete/catkin_ws2/install/localization:/home/mete/catkin_ws2/install/LibKML:/home/mete/catkin_ws2/install/GeographicLib:/opt/ros/foxy /usr/bin/cmake --build /home/mete/catkin_ws/build/pcl -- -j12 -l12
[0.057s] [35m[1mScanning dependencies of target register[0m
[0.073s] [ 50%] Built target matrix_transform
[0.101s] [ 75%] [32mBuilding CXX object CMakeFiles/register.dir/src/register.cpp.o[0m
[5.416s] [01m[K/home/mete/catkin_ws/src/pcl/src/register.cpp:[m[K In constructor â€˜[01m[KMinimalPublisher::MinimalPublisher()[m[Kâ€™:
[5.416s] [01m[K/home/mete/catkin_ws/src/pcl/src/register.cpp:68:21:[m[K [01;31m[Kerror: [m[Kno match for â€˜[01m[Koperator*[m[Kâ€™ (operand type is â€˜[01m[Ksensor_msgs::msg::PointCloud2[m[Kâ€™ {aka â€˜[01m[Ksensor_msgs::msg::PointCloud2_<std::allocator<void> >[m[Kâ€™})
[5.416s]    68 |       pcl::toROSMsg([01;31m[K*ros_cloud1[m[K, cloud_1);
[5.416s]       |                     [01;31m[K^~~~~~~~~~~[m[K
[5.417s] In file included from [01m[K/usr/include/eigen3/Eigen/Core:96[m[K,
[5.417s]                  from [01m[K/usr/include/pcl-1.10/pcl/pcl_macros.h:75[m[K,
[5.417s]                  from [01m[K/usr/include/pcl-1.10/pcl/PCLPointField.h:10[m[K,
[5.417s]                  from [01m[K/usr/include/pcl-1.10/pcl/conversions.h:46[m[K,
[5.417s]                  from [01m[K/opt/ros/foxy/include/pcl_conversions/pcl_conversions.h:46[m[K,
[5.417s]                  from [01m[K/home/mete/catkin_ws/src/pcl/src/register.cpp:1[m[K:
[5.417s] [01m[K/usr/include/c++/9/complex:391:5:[m[K [01;36m[Knote: [m[Kcandidate: â€˜[01m[Ktemplate<class _Tp> std::complex<_Tp> std::operator*(const std::complex<_Tp>&, const std::complex<_Tp>&)[m[Kâ€™
[5.417s]   391 |     [01;36m[Koperator[m[K*(const complex<_Tp>& __x, const complex<_Tp>& __y)
[5.417s]       |     [01;36m[K^~~~~~~~[m[K
[5.417s] [01m[K/usr/include/c++/9/complex:391:5:[m[K [01;36m[Knote: [m[K  template argument deduction/substitution failed:
[5.417s] [01m[K/home/mete/catkin_ws/src/pcl/src/register.cpp:68:22:[m[K [01;36m[Knote: [m[K  â€˜[01m[Ksensor_msgs::msg::PointCloud2[m[Kâ€™ {aka â€˜[01m[Ksensor_msgs::msg::PointCloud2_<std::allocator<void> >[m[Kâ€™} is not derived from â€˜[01m[Kconst std::complex<_Tp>[m[Kâ€™
[5.417s]    68 |       pcl::toROSMsg(*[01;36m[Kros_cloud1[m[K, cloud_1);
[5.417s]       |                      [01;36m[K^~~~~~~~~~[m[K
[5.417s] In file included from [01m[K/usr/include/eigen3/Eigen/Core:96[m[K,
[5.417s]                  from [01m[K/usr/include/pcl-1.10/pcl/pcl_macros.h:75[m[K,
[5.417s]                  from [01m[K/usr/include/pcl-1.10/pcl/PCLPointField.h:10[m[K,
[5.417s]                  from [01m[K/usr/include/pcl-1.10/pcl/conversions.h:46[m[K,
[5.417s]                  from [01m[K/opt/ros/foxy/include/pcl_conversions/pcl_conversions.h:46[m[K,
[5.417s]                  from [01m[K/home/mete/catkin_ws/src/pcl/src/register.cpp:1[m[K:
[5.417s] [01m[K/usr/include/c++/9/complex:400:5:[m[K [01;36m[Knote: [m[Kcandidate: â€˜[01m[Ktemplate<class _Tp> std::complex<_Tp> std::operator*(const std::complex<_Tp>&, const _Tp&)[m[Kâ€™
[5.417s]   400 |     [01;36m[Koperator[m[K*(const complex<_Tp>& __x, const _Tp& __y)
[5.418s]       |     [01;36m[K^~~~~~~~[m[K
[5.418s] [01m[K/usr/include/c++/9/complex:400:5:[m[K [01;36m[Knote: [m[K  template argument deduction/substitution failed:
[5.418s] [01m[K/home/mete/catkin_ws/src/pcl/src/register.cpp:68:22:[m[K [01;36m[Knote: [m[K  â€˜[01m[Ksensor_msgs::msg::PointCloud2[m[Kâ€™ {aka â€˜[01m[Ksensor_msgs::msg::PointCloud2_<std::allocator<void> >[m[Kâ€™} is not derived from â€˜[01m[Kconst std::complex<_Tp>[m[Kâ€™
[5.418s]    68 |       pcl::toROSMsg(*[01;36m[Kros_cloud1[m[K, cloud_1);
[5.418s]       |                      [01;36m[K^~~~~~~~~~[m[K
[5.418s] In file included from [01m[K/usr/include/eigen3/Eigen/Core:96[m[K,
[5.418s]                  from [01m[K/usr/include/pcl-1.10/pcl/pcl_macros.h:75[m[K,
[5.418s]                  from [01m[K/usr/include/pcl-1.10/pcl/PCLPointField.h:10[m[K,
[5.418s]                  from [01m[K/usr/include/pcl-1.10/pcl/conversions.h:46[m[K,
[5.418s]                  from [01m[K/opt/ros/foxy/include/pcl_conversions/pcl_conversions.h:46[m[K,
[5.418s]                  from [01m[K/home/mete/catkin_ws/src/pcl/src/register.cpp:1[m[K:
[5.418s] [01m[K/usr/include/c++/9/complex:409:5:[m[K [01;36m[Knote: [m[Kcandidate: â€˜[01m[Ktemplate<class _Tp> std::complex<_Tp> std::operator*(const _Tp&, const std::complex<_Tp>&)[m[Kâ€™
[5.418s]   409 |     [01;36m[Koperator[m[K*(const _Tp& __x, const complex<_Tp>& __y)
[5.418s]       |     [01;36m[K^~~~~~~~[m[K
[5.418s] [01m[K/usr/include/c++/9/complex:409:5:[m[K [01;36m[Knote: [m[K  template argument deduction/substitution failed:
[5.418s] [01m[K/home/mete/catkin_ws/src/pcl/src/register.cpp:68:22:[m[K [01;36m[Knote: [m[K  candidate expects 2 arguments, 1 provided
[5.418s]    68 |       pcl::toROSMsg(*[01;36m[Kros_cloud1[m[K, cloud_1);
[5.419s]       |                      [01;36m[K^~~~~~~~~~[m[K
[5.419s] [01m[K/home/mete/catkin_ws/src/pcl/src/register.cpp:69:21:[m[K [01;31m[Kerror: [m[Kno match for â€˜[01m[Koperator*[m[Kâ€™ (operand type is â€˜[01m[Ksensor_msgs::msg::PointCloud2[m[Kâ€™ {aka â€˜[01m[Ksensor_msgs::msg::PointCloud2_<std::allocator<void> >[m[Kâ€™})
[5.419s]    69 |       pcl::toROSMsg([01;31m[K*ros_cloud2[m[K, cloud_2);
[5.419s]       |                     [01;31m[K^~~~~~~~~~~[m[K
[5.419s] In file included from [01m[K/usr/include/eigen3/Eigen/Core:96[m[K,
[5.419s]                  from [01m[K/usr/include/pcl-1.10/pcl/pcl_macros.h:75[m[K,
[5.419s]                  from [01m[K/usr/include/pcl-1.10/pcl/PCLPointField.h:10[m[K,
[5.419s]                  from [01m[K/usr/include/pcl-1.10/pcl/conversions.h:46[m[K,
[5.419s]                  from [01m[K/opt/ros/foxy/include/pcl_conversions/pcl_conversions.h:46[m[K,
[5.419s]                  from [01m[K/home/mete/catkin_ws/src/pcl/src/register.cpp:1[m[K:
[5.419s] [01m[K/usr/include/c++/9/complex:391:5:[m[K [01;36m[Knote: [m[Kcandidate: â€˜[01m[Ktemplate<class _Tp> std::complex<_Tp> std::operator*(const std::complex<_Tp>&, const std::complex<_Tp>&)[m[Kâ€™
[5.419s]   391 |     [01;36m[Koperator[m[K*(const complex<_Tp>& __x, const complex<_Tp>& __y)
[5.419s]       |     [01;36m[K^~~~~~~~[m[K
[5.419s] [01m[K/usr/include/c++/9/complex:391:5:[m[K [01;36m[Knote: [m[K  template argument deduction/substitution failed:
[5.419s] [01m[K/home/mete/catkin_ws/src/pcl/src/register.cpp:69:22:[m[K [01;36m[Knote: [m[K  â€˜[01m[Ksensor_msgs::msg::PointCloud2[m[Kâ€™ {aka â€˜[01m[Ksensor_msgs::msg::PointCloud2_<std::allocator<void> >[m[Kâ€™} is not derived from â€˜[01m[Kconst std::complex<_Tp>[m[Kâ€™
[5.419s]    69 |       pcl::toROSMsg(*[01;36m[Kros_cloud2[m[K, cloud_2);
[5.419s]       |                      [01;36m[K^~~~~~~~~~[m[K
[5.419s] In file included from [01m[K/usr/include/eigen3/Eigen/Core:96[m[K,
[5.419s]                  from [01m[K/usr/include/pcl-1.10/pcl/pcl_macros.h:75[m[K,
[5.419s]                  from [01m[K/usr/include/pcl-1.10/pcl/PCLPointField.h:10[m[K,
[5.419s]                  from [01m[K/usr/include/pcl-1.10/pcl/conversions.h:46[m[K,
[5.420s]                  from [01m[K/opt/ros/foxy/include/pcl_conversions/pcl_conversions.h:46[m[K,
[5.420s]                  from [01m[K/home/mete/catkin_ws/src/pcl/src/register.cpp:1[m[K:
[5.420s] [01m[K/usr/include/c++/9/complex:400:5:[m[K [01;36m[Knote: [m[Kcandidate: â€˜[01m[Ktemplate<class _Tp> std::complex<_Tp> std::operator*(const std::complex<_Tp>&, const _Tp&)[m[Kâ€™
[5.420s]   400 |     [01;36m[Koperator[m[K*(const complex<_Tp>& __x, const _Tp& __y)
[5.420s]       |     [01;36m[K^~~~~~~~[m[K
[5.420s] [01m[K/usr/include/c++/9/complex:400:5:[m[K [01;36m[Knote: [m[K  template argument deduction/substitution failed:
[5.420s] [01m[K/home/mete/catkin_ws/src/pcl/src/register.cpp:69:22:[m[K [01;36m[Knote: [m[K  â€˜[01m[Ksensor_msgs::msg::PointCloud2[m[Kâ€™ {aka â€˜[01m[Ksensor_msgs::msg::PointCloud2_<std::allocator<void> >[m[Kâ€™} is not derived from â€˜[01m[Kconst std::complex<_Tp>[m[Kâ€™
[5.420s]    69 |       pcl::toROSMsg(*[01;36m[Kros_cloud2[m[K, cloud_2);
[5.420s]       |                      [01;36m[K^~~~~~~~~~[m[K
[5.420s] In file included from [01m[K/usr/include/eigen3/Eigen/Core:96[m[K,
[5.420s]                  from [01m[K/usr/include/pcl-1.10/pcl/pcl_macros.h:75[m[K,
[5.420s]                  from [01m[K/usr/include/pcl-1.10/pcl/PCLPointField.h:10[m[K,
[5.420s]                  from [01m[K/usr/include/pcl-1.10/pcl/conversions.h:46[m[K,
[5.421s]                  from [01m[K/opt/ros/foxy/include/pcl_conversions/pcl_conversions.h:46[m[K,
[5.421s]                  from [01m[K/home/mete/catkin_ws/src/pcl/src/register.cpp:1[m[K:
[5.421s] [01m[K/usr/include/c++/9/complex:409:5:[m[K [01;36m[Knote: [m[Kcandidate: â€˜[01m[Ktemplate<class _Tp> std::complex<_Tp> std::operator*(const _Tp&, const std::complex<_Tp>&)[m[Kâ€™
[5.421s]   409 |     [01;36m[Koperator[m[K*(const _Tp& __x, const complex<_Tp>& __y)
[5.421s]       |     [01;36m[K^~~~~~~~[m[K
[5.421s] [01m[K/usr/include/c++/9/complex:409:5:[m[K [01;36m[Knote: [m[K  template argument deduction/substitution failed:
[5.421s] [01m[K/home/mete/catkin_ws/src/pcl/src/register.cpp:69:22:[m[K [01;36m[Knote: [m[K  candidate expects 2 arguments, 1 provided
[5.421s]    69 |       pcl::toROSMsg(*[01;36m[Kros_cloud2[m[K, cloud_2);
[5.421s]       |                      [01;36m[K^~~~~~~~~~[m[K
[15.916s] make[2]: *** [CMakeFiles/register.dir/build.make:63: CMakeFiles/register.dir/src/register.cpp.o] Error 1
[15.916s] make[1]: *** [CMakeFiles/Makefile2:80: CMakeFiles/register.dir/all] Error 2
[15.917s] make: *** [Makefile:141: all] Error 2
[15.918s] Invoked command in '/home/mete/catkin_ws/build/pcl' returned '2': CMAKE_PREFIX_PATH=/home/mete/catkin_ws/install/pcl_conversions:/home/mete/catkin_ws/install/perception_pcl:/home/mete/catkin_ws/install/pcl_ros:/home/mete/catkin_ws/install/pcl:/home/mete/catkin_ws/install/localization:/home/mete/catkin_ws2/install/pugixml:/home/mete/catkin_ws2/install/parser:/home/mete/catkin_ws2/install/localization:/home/mete/catkin_ws2/install/LibKML:/home/mete/catkin_ws2/install/GeographicLib:/opt/ros/foxy /usr/bin/cmake --build /home/mete/catkin_ws/build/pcl -- -j12 -l12
