[0.016s] Invoking command in '/home/mete/catkin_ws/build/pcl_ros': CMAKE_PREFIX_PATH=/home/mete/catkin_ws/install/pcl_conversions:/home/mete/catkin_ws/install/pcl:/home/mete/catkin_ws/install/localization:/opt/ros/foxy /usr/bin/cmake --build /home/mete/catkin_ws/build/pcl_ros -- -j12 -l12
[0.048s] -- Eigen found (include: /usr/include/eigen3, version: 3.3.7)
[0.127s] -- The imported target "vtkParseOGLExt" references the file
[0.127s]    "/usr/bin/vtkParseOGLExt-7.1"
[0.127s] but this file does not exist.  Possible reasons include:
[0.127s] * The file was deleted, renamed, or moved to another location.
[0.127s] * An install or uninstall procedure did not complete successfully.
[0.127s] * The installation package was faulty and contained
[0.127s]    "/usr/lib/cmake/vtk-7.1/VTKTargets.cmake"
[0.127s] but not all the files it references.
[0.127s] 
[0.127s] -- The imported target "vtkRenderingPythonTkWidgets" references the file
[0.127s]    "/usr/lib/x86_64-linux-gnu/libvtkRenderingPythonTkWidgets.so"
[0.127s] but this file does not exist.  Possible reasons include:
[0.128s] * The file was deleted, renamed, or moved to another location.
[0.128s] * An install or uninstall procedure did not complete successfully.
[0.128s] * The installation package was faulty and contained
[0.128s]    "/usr/lib/cmake/vtk-7.1/VTKTargets.cmake"
[0.128s] but not all the files it references.
[0.128s] 
[0.128s] -- The imported target "vtk" references the file
[0.128s]    "/usr/bin/vtk"
[0.128s] but this file does not exist.  Possible reasons include:
[0.128s] * The file was deleted, renamed, or moved to another location.
[0.128s] * An install or uninstall procedure did not complete successfully.
[0.128s] * The installation package was faulty and contained
[0.128s]    "/usr/lib/cmake/vtk-7.1/VTKTargets.cmake"
[0.128s] but not all the files it references.
[0.129s] 
[0.129s] -- The imported target "pvtk" references the file
[0.129s]    "/usr/bin/pvtk"
[0.129s] but this file does not exist.  Possible reasons include:
[0.129s] * The file was deleted, renamed, or moved to another location.
[0.129s] * An install or uninstall procedure did not complete successfully.
[0.129s] * The installation package was faulty and contained
[0.129s]    "/usr/lib/cmake/vtk-7.1/VTKTargets.cmake"
[0.129s] but not all the files it references.
[0.129s] 
[0.155s] -- Checking for module 'libusb-1.0'
[0.157s] --   No package 'libusb-1.0' found
[0.159s] -- Could NOT find USB_10 (missing: USB_10_LIBRARY USB_10_INCLUDE_DIR) 
[0.159s] -- OpenNI disabled because libusb-1.0 not found.
[0.162s] -- Checking for module 'libusb-1.0'
[0.164s] --   No package 'libusb-1.0' found
[0.166s] -- Could NOT find USB_10 (missing: USB_10_LIBRARY USB_10_INCLUDE_DIR) 
[0.167s] -- OpenNI 2 disabled because libusb-1.0 not found.
[0.178s] -- LIBUSB_1_LIBRARY (missing: LIBUSB_1_INCLUDE_DIR) 
[0.179s] -- QHULL found (include: /usr/include, lib: optimized;/usr/lib/x86_64-linux-gnu/libqhull.so;debug;/usr/lib/x86_64-linux-gnu/libqhull.so)
[0.180s] -- Could NOT find PCL_CORE (missing: PCL_CORE_LIBRARY PCL_CORE_INCLUDE_DIR) 
[0.186s] -- Found ament_cmake: 0.9.9 (/opt/ros/foxy/share/ament_cmake/cmake)
[0.203s] -- Using PYTHON_EXECUTABLE: /usr/bin/python3
[0.342s] -- Found pcl_conversions: 2.4.1 (/home/mete/catkin_ws/install/pcl_conversions/share/pcl_conversions/cmake)
[0.358s] -- Using all available rosidl_typesupport_c: rosidl_typesupport_fastrtps_c;rosidl_typesupport_introspection_c
[0.361s] -- Found rosidl_adapter: 1.2.1 (/opt/ros/foxy/share/rosidl_adapter/cmake)
[0.448s] -- Using all available rosidl_typesupport_cpp: rosidl_typesupport_fastrtps_cpp;rosidl_typesupport_introspection_cpp
[0.728s] -- Found rmw_implementation_cmake: 1.0.3 (/opt/ros/foxy/share/rmw_implementation_cmake/cmake)
[0.729s] -- Using RMW implementation 'rmw_fastrtps_cpp' as default
[0.860s] -- Found rclcpp_components: 2.4.1 (/opt/ros/foxy/share/rclcpp_components/cmake)
[0.904s] -- Found tf2: 0.13.13 (/opt/ros/foxy/share/tf2/cmake)
[0.911s] -- Found tf2_geometry_msgs: 0.13.13 (/opt/ros/foxy/share/tf2_geometry_msgs/cmake)
[0.916s] -- Found eigen3_cmake_module: 0.1.1 (/opt/ros/foxy/share/eigen3_cmake_module/cmake)
[1.237s] -- Found ament_lint_auto: 0.9.6 (/opt/ros/foxy/share/ament_lint_auto/cmake)
[1.292s] -- Added test 'cppcheck' to perform static code analysis on C / C++ code
[1.293s] -- Configured cppcheck include dirs: $<BUILD_INTERFACE:/home/mete/catkin_ws/src/perception_pcl/pcl_ros/include>
[1.293s] -- Configured cppcheck exclude dirs and/or files: 
[1.297s] -- Added test 'cpplint' to check C / C++ code against the Google style
[1.297s] -- Configured cpplint exclude dirs and/or files: 
[1.298s] -- Added test 'flake8' to check Python code syntax and style conventions
[1.299s] -- Added test 'lint_cmake' to check CMake code style
[1.300s] -- Added test 'pep257' to check Python code against some of the style conventions in PEP 257
[1.304s] -- Added test 'uncrustify' to check C / C++ code style
[1.304s] -- Configured uncrustify additional arguments: 
[1.305s] -- Added test 'xmllint' to check XML markup files
[1.308s] -- Configuring done
[1.356s] -- Generating done
[1.357s] -- Build files have been written to: /home/mete/catkin_ws/build/pcl_ros
[1.380s] [35m[1mScanning dependencies of target pcd_to_pointcloud_lib_2[0m
[1.385s] [35m[1mScanning dependencies of target pcd_to_pointcloud_lib[0m
[1.388s] [ 12%] [32mBuilding CXX object CMakeFiles/pcd_to_pointcloud_lib_2.dir/tools/pcd_to_pointcloud_2.cpp.o[0m
[1.396s] [ 37%] Built target pcd_to_pointcloud
[1.398s] [ 62%] Built target pcl_ros_tf
[1.416s] [ 75%] [32mBuilding CXX object CMakeFiles/pcd_to_pointcloud_lib.dir/tools/pcd_to_pointcloud.cpp.o[0m
[1.419s] [01m[K/home/mete/catkin_ws/src/perception_pcl/pcl_ros/tools/pcd_to_pointcloud_2.cpp:52:10:[m[K [01;31m[Kfatal error: [m[Kpcl/common/io.h: No such file or directory
[1.419s]    52 | #include [01;31m[K<pcl/common/io.h>[m[K
[1.419s]       |          [01;31m[K^~~~~~~~~~~~~~~~~[m[K
[1.419s] compilation terminated.
[1.420s] make[2]: *** [CMakeFiles/pcd_to_pointcloud_lib_2.dir/build.make:63: CMakeFiles/pcd_to_pointcloud_lib_2.dir/tools/pcd_to_pointcloud_2.cpp.o] Error 1
[1.420s] make[1]: *** [CMakeFiles/Makefile2:84: CMakeFiles/pcd_to_pointcloud_lib_2.dir/all] Error 2
[1.420s] make[1]: *** Waiting for unfinished jobs....
[6.829s] [ 87%] [32m[1mLinking CXX shared library libpcd_to_pointcloud_lib.so[0m
[7.197s] [ 87%] Built target pcd_to_pointcloud_lib
[7.198s] make: *** [Makefile:141: all] Error 2
[7.199s] Invoked command in '/home/mete/catkin_ws/build/pcl_ros' returned '2': CMAKE_PREFIX_PATH=/home/mete/catkin_ws/install/pcl_conversions:/home/mete/catkin_ws/install/pcl:/home/mete/catkin_ws/install/localization:/opt/ros/foxy /usr/bin/cmake --build /home/mete/catkin_ws/build/pcl_ros -- -j12 -l12
