[0.016s] Invoking command in '/home/mete/catkin_ws/build/pcl': CMAKE_PREFIX_PATH=/home/mete/catkin_ws/install/pcl_conversions:/home/mete/catkin_ws/install/perception_pcl:/home/mete/catkin_ws/install/pcl_ros:/home/mete/catkin_ws/install/pcl:/home/mete/catkin_ws/install/localization:/home/mete/catkin_ws2/install/pugixml:/home/mete/catkin_ws2/install/parser:/home/mete/catkin_ws2/install/localization:/home/mete/catkin_ws2/install/LibKML:/home/mete/catkin_ws2/install/GeographicLib:/opt/ros/foxy /usr/bin/cmake --build /home/mete/catkin_ws/build/pcl -- -j12 -l12
[0.058s] [35m[1mScanning dependencies of target register[0m
[0.078s] [ 33%] Built target matrix_transform
[0.087s] [ 66%] Built target pcd_read
[0.092s] [ 83%] [32mBuilding CXX object CMakeFiles/register.dir/src/register.cpp.o[0m
[4.739s] [01m[K/home/mete/catkin_ws/src/pcl/src/register.cpp:[m[K In member function â€˜[01m[Kvoid MyPointRepresentation::pairAlign(pcl::PointCloud<pcl::PointXYZ>::Ptr, pcl::PointCloud<pcl::PointXYZ>::Ptr, pcl::PointCloud<pcl::PointXYZ>::Ptr, Eigen::Matrix4f&, bool)[m[Kâ€™:
[4.739s] [01m[K/home/mete/catkin_ws/src/pcl/src/register.cpp:135:25:[m[K [01;31m[Kerror: [m[Kcannot declare variable â€˜[01m[Kpoint_representation[m[Kâ€™ to be of abstract type â€˜[01m[KMyPointRepresentation[m[Kâ€™
[4.739s]   135 |   MyPointRepresentation [01;31m[Kpoint_representation[m[K;
[4.739s]       |                         [01;31m[K^~~~~~~~~~~~~~~~~~~~[m[K
[4.739s] [01m[K/home/mete/catkin_ws/src/pcl/src/register.cpp:38:7:[m[K [01;36m[Knote: [m[K  because the following virtual functions are pure within â€˜[01m[KMyPointRepresentation[m[Kâ€™:
[4.739s]    38 | class [01;36m[KMyPointRepresentation[m[K : public pcl::PointRepresentation <PointNormalT>
[4.739s]       |       [01;36m[K^~~~~~~~~~~~~~~~~~~~~[m[K
[4.740s] In file included from [01m[K/home/mete/catkin_ws/src/pcl/src/register.cpp:3[m[K:
[4.740s] [01m[K/usr/include/pcl-1.10/pcl/point_representation.h:87:20:[m[K [01;36m[Knote: [m[K	â€˜[01m[Kvoid pcl::PointRepresentation<PointT>::copyToFloatArray(const PointT&, float*) const [with PointT = pcl::PointNormal][m[Kâ€™
[4.740s]    87 |       virtual void [01;36m[KcopyToFloatArray[m[K (const PointT &p, float *out) const = 0;
[4.740s]       |                    [01;36m[K^~~~~~~~~~~~~~~~[m[K
[4.781s] [01m[K/home/mete/catkin_ws/src/pcl/src/register.cpp:[m[K In member function â€˜[01m[Kint MyPointRepresentation::main(int, char**)[m[Kâ€™:
[4.781s] [01m[K/home/mete/catkin_ws/src/pcl/src/register.cpp:227:5:[m[K [01;31m[Kerror: [m[Kâ€˜[01m[KshowCloudsLeft[m[Kâ€™ was not declared in this scope
[4.781s]   227 |     [01;31m[KshowCloudsLeft[m[K(source, target);
[4.781s]       |     [01;31m[K^~~~~~~~~~~~~~[m[K
[5.582s] In file included from [01m[K/usr/include/boost/smart_ptr/make_shared.hpp:14[m[K,
[5.582s]                  from [01m[K/usr/include/boost/make_shared.hpp:14[m[K,
[5.582s]                  from [01m[K/usr/include/pcl-1.10/pcl/make_shared.h:44[m[K,
[5.582s]                  from [01m[K/usr/include/pcl-1.10/pcl/point_cloud.h:52[m[K,
[5.582s]                  from [01m[K/home/mete/catkin_ws/src/pcl/src/register.cpp:2[m[K:
[5.583s] /usr/include/boost/smart_ptr/make_shared_object.hpp: In instantiation of â€˜[01m[Ktypename boost::detail::sp_if_not_array<T>::type boost::make_shared(Args&& ...) [with T = const MyPointRepresentation; Args = {MyPointRepresentation&}; typename boost::detail::sp_if_not_array<T>::type = boost::shared_ptr<const MyPointRepresentation>][m[Kâ€™:
[5.583s] [01m[K/usr/include/pcl-1.10/pcl/make_shared.h:81:31:[m[K   required from â€˜[01m[Kstd::enable_if_t<(! pcl::has_custom_allocator<T>::value), boost::shared_ptr<X> > pcl::make_shared(Args&& ...) [with T = const MyPointRepresentation; Args = {MyPointRepresentation&}; std::enable_if_t<(! pcl::has_custom_allocator<T>::value), boost::shared_ptr<X> > = boost::shared_ptr<const MyPointRepresentation>][m[Kâ€™
[5.583s] [01m[K/home/mete/catkin_ws/src/pcl/src/register.cpp:148:98:[m[K   required from here
[5.583s] [01m[K/usr/include/boost/smart_ptr/make_shared_object.hpp:256:5:[m[K [01;31m[Kerror: [m[Kinvalid new-expression of abstract class type â€˜[01m[KMyPointRepresentation[m[Kâ€™
[5.583s]   256 |     [01;31m[K::new( pv ) T( boost::detail::sp_forward<Args>( args )... )[m[K;
[5.583s]       |     [01;31m[K^~~~~~~~~~~~~~~~~~~~~~~~~~~~~~~~~~~~~~~~~~~~~~~~~~~~~~~~~~~[m[K
[12.404s] make[2]: *** [CMakeFiles/register.dir/build.make:63: CMakeFiles/register.dir/src/register.cpp.o] Error 1
[12.404s] make[1]: *** [CMakeFiles/Makefile2:82: CMakeFiles/register.dir/all] Error 2
[12.404s] make: *** [Makefile:141: all] Error 2
[12.406s] Invoked command in '/home/mete/catkin_ws/build/pcl' returned '2': CMAKE_PREFIX_PATH=/home/mete/catkin_ws/install/pcl_conversions:/home/mete/catkin_ws/install/perception_pcl:/home/mete/catkin_ws/install/pcl_ros:/home/mete/catkin_ws/install/pcl:/home/mete/catkin_ws/install/localization:/home/mete/catkin_ws2/install/pugixml:/home/mete/catkin_ws2/install/parser:/home/mete/catkin_ws2/install/localization:/home/mete/catkin_ws2/install/LibKML:/home/mete/catkin_ws2/install/GeographicLib:/opt/ros/foxy /usr/bin/cmake --build /home/mete/catkin_ws/build/pcl -- -j12 -l12
