[01m[K/home/mete/catkin_ws/src/pcl/src/pcd_read.cpp:10:10:[m[K [01;31m[Kfatal error: [m[Kpcl_conversions/pcl_conversions.h: No such file or directory
   10 | #include [01;31m[K<pcl_conversions/pcl_conversions.h>[m[K
      |          [01;31m[K^~~~~~~~~~~~~~~~~~~~~~~~~~~~~~~~~~~[m[K
compilation terminated.
make[2]: *** [CMakeFiles/pcd_read.dir/build.make:63: CMakeFiles/pcd_read.dir/src/pcd_read.cpp.o] Error 1
make[1]: *** [CMakeFiles/Makefile2:163: CMakeFiles/pcd_read.dir/all] Error 2
make[1]: *** Waiting for unfinished jobs....
[01m[K/home/mete/catkin_ws/src/pcl/src/register.cpp:[m[K In constructor â€˜[01m[KMinimalPublisher::MinimalPublisher()[m[Kâ€™:
[01m[K/home/mete/catkin_ws/src/pcl/src/register.cpp:54:19:[m[K [01;31m[Kerror: [m[Kreturning a value from a constructor
   54 |         return (-1[01;31m[K)[m[K;
      |                   [01;31m[K^[m[K
[01m[K/home/mete/catkin_ws/src/pcl/src/register.cpp:60:19:[m[K [01;31m[Kerror: [m[Kreturning a value from a constructor
   60 |         return (-1[01;31m[K)[m[K;
      |                   [01;31m[K^[m[K
[01m[K/home/mete/catkin_ws/src/pcl/src/register.cpp:[m[K In function â€˜[01m[Kvoid pairAlign(pcl::PointCloud<pcl::PointXYZ>::Ptr, pcl::PointCloud<pcl::PointXYZ>::Ptr, pcl::PointCloud<pcl::PointXYZ>::Ptr, Eigen::Matrix4f&, bool)[m[Kâ€™:
[01m[K/home/mete/catkin_ws/src/pcl/src/register.cpp:135:8:[m[K [01;31m[Kerror: [m[Kâ€˜[01m[KNormalEstimation[m[Kâ€™ is not a member of â€˜[01m[Kpcl[m[Kâ€™
  135 |   pcl::[01;31m[KNormalEstimation[m[K<PointT, PointNormalT> norm_est;
      |        [01;31m[K^~~~~~~~~~~~~~~~[m[K
[01m[K/home/mete/catkin_ws/src/pcl/src/register.cpp:135:31:[m[K [01;31m[Kerror: [m[Kexpected primary-expression before â€˜[01m[K,[m[Kâ€™ token
  135 |   pcl::NormalEstimation<PointT[01;31m[K,[m[K PointNormalT> norm_est;
      |                               [01;31m[K^[m[K
[01m[K/home/mete/catkin_ws/src/pcl/src/register.cpp:135:45:[m[K [01;31m[Kerror: [m[Kexpected primary-expression before â€˜[01m[K>[m[Kâ€™ token
  135 |   pcl::NormalEstimation<PointT, PointNormalT[01;31m[K>[m[K norm_est;
      |                                             [01;31m[K^[m[K
[01m[K/home/mete/catkin_ws/src/pcl/src/register.cpp:135:47:[m[K [01;31m[Kerror: [m[Kâ€˜[01m[Knorm_est[m[Kâ€™ was not declared in this scope
  135 |   pcl::NormalEstimation<PointT, PointNormalT> [01;31m[Knorm_est[m[K;
      |                                               [01;31m[K^~~~~~~~[m[K
make[2]: *** [CMakeFiles/register.dir/build.make:63: CMakeFiles/register.dir/src/register.cpp.o] Error 1
make[1]: *** [CMakeFiles/Makefile2:82: CMakeFiles/register.dir/all] Error 2
make: *** [Makefile:141: all] Error 2
