[0.016s] Invoking command in '/home/mete/catkin_ws/build/pcl': CMAKE_PREFIX_PATH=/home/mete/catkin_ws/install/pcl_conversions:/home/mete/catkin_ws/install/perception_pcl:/home/mete/catkin_ws/install/pcl_ros:/home/mete/catkin_ws/install/pcl:/home/mete/catkin_ws/install/localization:/home/mete/catkin_ws2/install/pugixml:/home/mete/catkin_ws2/install/parser:/home/mete/catkin_ws2/install/localization:/home/mete/catkin_ws2/install/LibKML:/home/mete/catkin_ws2/install/GeographicLib:/opt/ros/foxy /usr/bin/cmake --build /home/mete/catkin_ws/build/pcl -- -j12 -l12
[0.057s] [35m[1mScanning dependencies of target register[0m
[0.071s] [ 16%] [32mBuilding CXX object CMakeFiles/pcd_read.dir/src/pcd_read.cpp.o[0m
[0.079s] [ 50%] Built target matrix_transform
[0.102s] [ 66%] [32mBuilding CXX object CMakeFiles/register.dir/src/register.cpp.o[0m
[1.247s] [01m[K/home/mete/catkin_ws/src/pcl/src/pcd_read.cpp:10:10:[m[K [01;31m[Kfatal error: [m[Kpcl_conversions/pcl_conversions.h: No such file or directory
[1.247s]    10 | #include [01;31m[K<pcl_conversions/pcl_conversions.h>[m[K
[1.247s]       |          [01;31m[K^~~~~~~~~~~~~~~~~~~~~~~~~~~~~~~~~~~[m[K
[1.247s] compilation terminated.
[1.263s] make[2]: *** [CMakeFiles/pcd_read.dir/build.make:63: CMakeFiles/pcd_read.dir/src/pcd_read.cpp.o] Error 1
[1.263s] make[1]: *** [CMakeFiles/Makefile2:163: CMakeFiles/pcd_read.dir/all] Error 2
[1.263s] make[1]: *** Waiting for unfinished jobs....
[5.211s] [01m[K/home/mete/catkin_ws/src/pcl/src/register.cpp:[m[K In constructor â€˜[01m[KMinimalPublisher::MinimalPublisher()[m[Kâ€™:
[5.211s] [01m[K/home/mete/catkin_ws/src/pcl/src/register.cpp:54:19:[m[K [01;31m[Kerror: [m[Kreturning a value from a constructor
[5.211s]    54 |         return (-1[01;31m[K)[m[K;
[5.212s]       |                   [01;31m[K^[m[K
[5.212s] [01m[K/home/mete/catkin_ws/src/pcl/src/register.cpp:60:19:[m[K [01;31m[Kerror: [m[Kreturning a value from a constructor
[5.212s]    60 |         return (-1[01;31m[K)[m[K;
[5.212s]       |                   [01;31m[K^[m[K
[5.219s] [01m[K/home/mete/catkin_ws/src/pcl/src/register.cpp:[m[K In function â€˜[01m[Kvoid pairAlign(pcl::PointCloud<pcl::PointXYZ>::Ptr, pcl::PointCloud<pcl::PointXYZ>::Ptr, pcl::PointCloud<pcl::PointXYZ>::Ptr, Eigen::Matrix4f&, bool)[m[Kâ€™:
[5.219s] [01m[K/home/mete/catkin_ws/src/pcl/src/register.cpp:135:8:[m[K [01;31m[Kerror: [m[Kâ€˜[01m[KNormalEstimation[m[Kâ€™ is not a member of â€˜[01m[Kpcl[m[Kâ€™
[5.219s]   135 |   pcl::[01;31m[KNormalEstimation[m[K<PointT, PointNormalT> norm_est;
[5.219s]       |        [01;31m[K^~~~~~~~~~~~~~~~[m[K
[5.219s] [01m[K/home/mete/catkin_ws/src/pcl/src/register.cpp:135:31:[m[K [01;31m[Kerror: [m[Kexpected primary-expression before â€˜[01m[K,[m[Kâ€™ token
[5.219s]   135 |   pcl::NormalEstimation<PointT[01;31m[K,[m[K PointNormalT> norm_est;
[5.219s]       |                               [01;31m[K^[m[K
[5.219s] [01m[K/home/mete/catkin_ws/src/pcl/src/register.cpp:135:45:[m[K [01;31m[Kerror: [m[Kexpected primary-expression before â€˜[01m[K>[m[Kâ€™ token
[5.220s]   135 |   pcl::NormalEstimation<PointT, PointNormalT[01;31m[K>[m[K norm_est;
[5.220s]       |                                             [01;31m[K^[m[K
[5.222s] [01m[K/home/mete/catkin_ws/src/pcl/src/register.cpp:135:47:[m[K [01;31m[Kerror: [m[Kâ€˜[01m[Knorm_est[m[Kâ€™ was not declared in this scope
[5.222s]   135 |   pcl::NormalEstimation<PointT, PointNormalT> [01;31m[Knorm_est[m[K;
[5.222s]       |                                               [01;31m[K^~~~~~~~[m[K
[14.863s] make[2]: *** [CMakeFiles/register.dir/build.make:63: CMakeFiles/register.dir/src/register.cpp.o] Error 1
[14.863s] make[1]: *** [CMakeFiles/Makefile2:82: CMakeFiles/register.dir/all] Error 2
[14.864s] make: *** [Makefile:141: all] Error 2
[14.866s] Invoked command in '/home/mete/catkin_ws/build/pcl' returned '2': CMAKE_PREFIX_PATH=/home/mete/catkin_ws/install/pcl_conversions:/home/mete/catkin_ws/install/perception_pcl:/home/mete/catkin_ws/install/pcl_ros:/home/mete/catkin_ws/install/pcl:/home/mete/catkin_ws/install/localization:/home/mete/catkin_ws2/install/pugixml:/home/mete/catkin_ws2/install/parser:/home/mete/catkin_ws2/install/localization:/home/mete/catkin_ws2/install/LibKML:/home/mete/catkin_ws2/install/GeographicLib:/opt/ros/foxy /usr/bin/cmake --build /home/mete/catkin_ws/build/pcl -- -j12 -l12
