[35m[1mScanning dependencies of target register[0m
[ 33%] Built target matrix_transform
[ 66%] Built target pcd_read
[ 83%] [32mBuilding CXX object CMakeFiles/register.dir/src/register.cpp.o[0m
[01m[K/home/mete/catkin_ws/src/pcl/src/register.cpp:245:1:[m[K [01;31m[Kerror: [m[Kexpected â€˜[01m[K}[m[Kâ€™ at end of input
  245 | [01;31m[K}[m[K
      | [01;31m[K^[m[K
[01m[K/home/mete/catkin_ws/src/pcl/src/register.cpp:39:1:[m[K [01;36m[Knote: [m[Kto match this â€˜[01m[K{[m[Kâ€™
   39 | [01;36m[K{[m[K
      | [01;36m[K^[m[K
[01m[K/home/mete/catkin_ws/src/pcl/src/register.cpp:[m[K In member function â€˜[01m[Kvoid MyPointRepresentation::pairAlign(pcl::PointCloud<pcl::PointXYZ>::Ptr, pcl::PointCloud<pcl::PointXYZ>::Ptr, pcl::PointCloud<pcl::PointXYZ>::Ptr, Eigen::Matrix4f&, bool)[m[Kâ€™:
[01m[K/home/mete/catkin_ws/src/pcl/src/register.cpp:135:25:[m[K [01;31m[Kerror: [m[Kcannot declare variable â€˜[01m[Kpoint_representation[m[Kâ€™ to be of abstract type â€˜[01m[KMyPointRepresentation[m[Kâ€™
  135 |   MyPointRepresentation [01;31m[Kpoint_representation[m[K;
      |                         [01;31m[K^~~~~~~~~~~~~~~~~~~~[m[K
[01m[K/home/mete/catkin_ws/src/pcl/src/register.cpp:38:7:[m[K [01;36m[Knote: [m[K  because the following virtual functions are pure within â€˜[01m[KMyPointRepresentation[m[Kâ€™:
   38 | class [01;36m[KMyPointRepresentation[m[K : public pcl::PointRepresentation <PointNormalT>
      |       [01;36m[K^~~~~~~~~~~~~~~~~~~~~[m[K
In file included from [01m[K/home/mete/catkin_ws/src/pcl/src/register.cpp:3[m[K:
[01m[K/usr/include/pcl-1.10/pcl/point_representation.h:87:20:[m[K [01;36m[Knote: [m[K	â€˜[01m[Kvoid pcl::PointRepresentation<PointT>::copyToFloatArray(const PointT&, float*) const [with PointT = pcl::PointNormal][m[Kâ€™
   87 |       virtual void [01;36m[KcopyToFloatArray[m[K (const PointT &p, float *out) const = 0;
      |                    [01;36m[K^~~~~~~~~~~~~~~~[m[K
[01m[K/home/mete/catkin_ws/src/pcl/src/register.cpp:[m[K In member function â€˜[01m[Kint MyPointRepresentation::main(int, char**)[m[Kâ€™:
[01m[K/home/mete/catkin_ws/src/pcl/src/register.cpp:227:5:[m[K [01;31m[Kerror: [m[Kâ€˜[01m[KshowCloudsLeft[m[Kâ€™ was not declared in this scope
  227 |     [01;31m[KshowCloudsLeft[m[K(source, target);
      |     [01;31m[K^~~~~~~~~~~~~~[m[K
[01m[K/home/mete/catkin_ws/src/pcl/src/register.cpp:[m[K At global scope:
[01m[K/home/mete/catkin_ws/src/pcl/src/register.cpp:245:1:[m[K [01;31m[Kerror: [m[Kexpected unqualified-id at end of input
  245 | [01;31m[K}[m[K
      | [01;31m[K^[m[K
In file included from [01m[K/usr/include/boost/smart_ptr/make_shared.hpp:14[m[K,
                 from [01m[K/usr/include/boost/make_shared.hpp:14[m[K,
                 from [01m[K/usr/include/pcl-1.10/pcl/make_shared.h:44[m[K,
                 from [01m[K/usr/include/pcl-1.10/pcl/point_cloud.h:52[m[K,
                 from [01m[K/home/mete/catkin_ws/src/pcl/src/register.cpp:2[m[K:
/usr/include/boost/smart_ptr/make_shared_object.hpp: In instantiation of â€˜[01m[Ktypename boost::detail::sp_if_not_array<T>::type boost::make_shared(Args&& ...) [with T = const MyPointRepresentation; Args = {MyPointRepresentation&}; typename boost::detail::sp_if_not_array<T>::type = boost::shared_ptr<const MyPointRepresentation>][m[Kâ€™:
[01m[K/usr/include/pcl-1.10/pcl/make_shared.h:81:31:[m[K   required from â€˜[01m[Kstd::enable_if_t<(! pcl::has_custom_allocator<T>::value), boost::shared_ptr<X> > pcl::make_shared(Args&& ...) [with T = const MyPointRepresentation; Args = {MyPointRepresentation&}; std::enable_if_t<(! pcl::has_custom_allocator<T>::value), boost::shared_ptr<X> > = boost::shared_ptr<const MyPointRepresentation>][m[Kâ€™
[01m[K/home/mete/catkin_ws/src/pcl/src/register.cpp:148:98:[m[K   required from here
[01m[K/usr/include/boost/smart_ptr/make_shared_object.hpp:256:5:[m[K [01;31m[Kerror: [m[Kinvalid new-expression of abstract class type â€˜[01m[KMyPointRepresentation[m[Kâ€™
  256 |     [01;31m[K::new( pv ) T( boost::detail::sp_forward<Args>( args )... )[m[K;
      |     [01;31m[K^~~~~~~~~~~~~~~~~~~~~~~~~~~~~~~~~~~~~~~~~~~~~~~~~~~~~~~~~~~[m[K
make[2]: *** [CMakeFiles/register.dir/build.make:63: CMakeFiles/register.dir/src/register.cpp.o] Error 1
make[1]: *** [CMakeFiles/Makefile2:82: CMakeFiles/register.dir/all] Error 2
make: *** [Makefile:141: all] Error 2
