[0.015s] Invoking command in '/home/mete/catkin_ws/build/pcl_ros': CMAKE_PREFIX_PATH=/home/mete/catkin_ws/install/pcl_conversions:/home/mete/catkin_ws/install/pcl:/home/mete/catkin_ws/install/localization:/opt/ros/foxy /usr/bin/cmake --build /home/mete/catkin_ws/build/pcl_ros -- -j12 -l12
[0.047s] -- Eigen found (include: /usr/include/eigen3, version: 3.3.7)
[0.125s] -- The imported target "vtkParseOGLExt" references the file
[0.125s]    "/usr/bin/vtkParseOGLExt-7.1"
[0.125s] but this file does not exist.  Possible reasons include:
[0.126s] * The file was deleted, renamed, or moved to another location.
[0.126s] * An install or uninstall procedure did not complete successfully.
[0.126s] * The installation package was faulty and contained
[0.126s]    "/usr/lib/cmake/vtk-7.1/VTKTargets.cmake"
[0.126s] but not all the files it references.
[0.126s] 
[0.126s] -- The imported target "vtkRenderingPythonTkWidgets" references the file
[0.126s]    "/usr/lib/x86_64-linux-gnu/libvtkRenderingPythonTkWidgets.so"
[0.126s] but this file does not exist.  Possible reasons include:
[0.126s] * The file was deleted, renamed, or moved to another location.
[0.126s] * An install or uninstall procedure did not complete successfully.
[0.126s] * The installation package was faulty and contained
[0.126s]    "/usr/lib/cmake/vtk-7.1/VTKTargets.cmake"
[0.126s] but not all the files it references.
[0.127s] 
[0.127s] -- The imported target "vtk" references the file
[0.127s]    "/usr/bin/vtk"
[0.127s] but this file does not exist.  Possible reasons include:
[0.127s] * The file was deleted, renamed, or moved to another location.
[0.127s] * An install or uninstall procedure did not complete successfully.
[0.127s] * The installation package was faulty and contained
[0.127s]    "/usr/lib/cmake/vtk-7.1/VTKTargets.cmake"
[0.127s] but not all the files it references.
[0.127s] 
[0.127s] -- The imported target "pvtk" references the file
[0.127s]    "/usr/bin/pvtk"
[0.127s] but this file does not exist.  Possible reasons include:
[0.127s] * The file was deleted, renamed, or moved to another location.
[0.128s] * An install or uninstall procedure did not complete successfully.
[0.128s] * The installation package was faulty and contained
[0.128s]    "/usr/lib/cmake/vtk-7.1/VTKTargets.cmake"
[0.128s] but not all the files it references.
[0.128s] 
[0.153s] -- Checking for module 'libusb-1.0'
[0.156s] --   No package 'libusb-1.0' found
[0.158s] -- Could NOT find USB_10 (missing: USB_10_LIBRARY USB_10_INCLUDE_DIR) 
[0.158s] -- OpenNI disabled because libusb-1.0 not found.
[0.161s] -- Checking for module 'libusb-1.0'
[0.163s] --   No package 'libusb-1.0' found
[0.165s] -- Could NOT find USB_10 (missing: USB_10_LIBRARY USB_10_INCLUDE_DIR) 
[0.165s] -- OpenNI 2 disabled because libusb-1.0 not found.
[0.177s] -- LIBUSB_1_LIBRARY (missing: LIBUSB_1_INCLUDE_DIR) 
[0.178s] -- QHULL found (include: /usr/include, lib: optimized;/usr/lib/x86_64-linux-gnu/libqhull.so;debug;/usr/lib/x86_64-linux-gnu/libqhull.so)
[0.178s] -- Could NOT find PCL_CORE (missing: PCL_CORE_LIBRARY PCL_CORE_INCLUDE_DIR) 
[0.185s] -- Found ament_cmake: 0.9.9 (/opt/ros/foxy/share/ament_cmake/cmake)
[0.202s] -- Using PYTHON_EXECUTABLE: /usr/bin/python3
[0.340s] -- Found pcl_conversions: 2.4.1 (/home/mete/catkin_ws/install/pcl_conversions/share/pcl_conversions/cmake)
[0.356s] -- Using all available rosidl_typesupport_c: rosidl_typesupport_fastrtps_c;rosidl_typesupport_introspection_c
[0.358s] -- Found rosidl_adapter: 1.2.1 (/opt/ros/foxy/share/rosidl_adapter/cmake)
[0.445s] -- Using all available rosidl_typesupport_cpp: rosidl_typesupport_fastrtps_cpp;rosidl_typesupport_introspection_cpp
[0.722s] -- Found rmw_implementation_cmake: 1.0.3 (/opt/ros/foxy/share/rmw_implementation_cmake/cmake)
[0.724s] -- Using RMW implementation 'rmw_fastrtps_cpp' as default
[0.850s] -- Found rclcpp_components: 2.4.1 (/opt/ros/foxy/share/rclcpp_components/cmake)
[0.895s] -- Found tf2: 0.13.13 (/opt/ros/foxy/share/tf2/cmake)
[0.902s] -- Found tf2_geometry_msgs: 0.13.13 (/opt/ros/foxy/share/tf2_geometry_msgs/cmake)
[0.907s] -- Found eigen3_cmake_module: 0.1.1 (/opt/ros/foxy/share/eigen3_cmake_module/cmake)
[1.229s] -- Found ament_lint_auto: 0.9.6 (/opt/ros/foxy/share/ament_lint_auto/cmake)
[1.283s] -- Added test 'cppcheck' to perform static code analysis on C / C++ code
[1.284s] -- Configured cppcheck include dirs: $<BUILD_INTERFACE:/home/mete/catkin_ws/src/perception_pcl/pcl_ros/include>
[1.284s] -- Configured cppcheck exclude dirs and/or files: 
[1.288s] -- Added test 'cpplint' to check C / C++ code against the Google style
[1.288s] -- Configured cpplint exclude dirs and/or files: 
[1.289s] -- Added test 'flake8' to check Python code syntax and style conventions
[1.290s] -- Added test 'lint_cmake' to check CMake code style
[1.291s] -- Added test 'pep257' to check Python code against some of the style conventions in PEP 257
[1.295s] -- Added test 'uncrustify' to check C / C++ code style
[1.295s] -- Configured uncrustify additional arguments: 
[1.296s] -- Added test 'xmllint' to check XML markup files
[1.300s] -- Configuring done
[1.349s] -- Generating done
[1.350s] -- Build files have been written to: /home/mete/catkin_ws/build/pcl_ros
[1.374s] [35m[1mScanning dependencies of target pcd_to_pointcloud_lib_2[0m
[1.376s] [35m[1mScanning dependencies of target pcd_to_pointcloud_lib[0m
[1.389s] [ 22%] Built target pcd_to_pointcloud
[1.391s] [ 44%] Built target pcl_ros_tf
[1.402s] [ 55%] [32mBuilding CXX object CMakeFiles/pcd_to_pointcloud_lib_2.dir/rclcpp_components/node_main_pcd_to_pointcloud_lib_2.cpp.o[0m
[1.432s] [ 66%] [32mBuilding CXX object CMakeFiles/pcd_to_pointcloud_lib.dir/tools/pcd_to_pointcloud_2.cpp.o[0m
[2.937s] [ 77%] [32m[1mLinking CXX executable pcd_to_pointcloud_lib_2[0m
[3.032s] [ 77%] Built target pcd_to_pointcloud_lib_2
[5.053s] [01m[K/home/mete/catkin_ws/src/perception_pcl/pcl_ros/tools/pcd_to_pointcloud_2.cpp:80:60:[m[K [01;31m[Kerror: [m[KISO C++ forbids declaration of â€˜[01m[KPCDPublisher[m[Kâ€™ with no type [[01;31m[K-fpermissive[m[K]
[5.053s]    80 |   explicit PCDPublisher(const rclcpp::NodeOptions & options[01;31m[K)[m[K
[5.053s]       |                                                            [01;31m[K^[m[K
[5.053s] [01m[K/home/mete/catkin_ws/src/perception_pcl/pcl_ros/tools/pcd_to_pointcloud_2.cpp:80:3:[m[K [01;31m[Kerror: [m[Konly declarations of constructors and conversion operators can be â€˜[01m[Kexplicit[m[Kâ€™
[5.053s]    80 |   [01;31m[Kexplicit[m[K PCDPublisher(const rclcpp::NodeOptions & options)
[5.053s]       |   [01;31m[K^~~~~~~~[m[K
[5.053s] [01m[K/home/mete/catkin_ws/src/perception_pcl/pcl_ros/tools/pcd_to_pointcloud_2.cpp:[m[K In member function â€˜[01m[Kint pcl_ros_2::PCDPublisher_2::PCDPublisher(const rclcpp::NodeOptions&)[m[Kâ€™:
[5.053s] [01m[K/home/mete/catkin_ws/src/perception_pcl/pcl_ros/tools/pcd_to_pointcloud_2.cpp:81:5:[m[K [01;31m[Kerror: [m[Konly constructors take member initializers
[5.053s]    81 |   : [01;31m[Krclcpp[m[K::Node("pcd_publisher_2", options), tf_frame_("/map")
[5.053s]       |     [01;31m[K^~~~~~[m[K
[5.071s] In file included from [01m[K/opt/ros/foxy/include/class_loader/class_loader.hpp:56[m[K,
[5.072s]                  from [01m[K/opt/ros/foxy/include/rclcpp_components/register_node_macro.hpp:18[m[K,
[5.072s]                  from [01m[K/home/mete/catkin_ws/src/perception_pcl/pcl_ros/tools/pcd_to_pointcloud_2.cpp:58[m[K:
[5.072s] [01m[K/home/mete/catkin_ws/src/perception_pcl/pcl_ros/tools/pcd_to_pointcloud_2.cpp:[m[K At global scope:
[5.072s] [01m[K/home/mete/catkin_ws/src/perception_pcl/pcl_ros/tools/pcd_to_pointcloud_2.cpp:127:33:[m[K [01;31m[Kerror: [m[Kâ€˜[01m[Kpcl_ros[m[Kâ€™ was not declared in this scope; did you mean â€˜[01m[Kpcl_ros_2[m[Kâ€™?
[5.072s]   127 | RCLCPP_COMPONENTS_REGISTER_NODE([01;31m[Kpcl_ros[m[K::PCDPublisher)
[5.072s]       |                                 [01;31m[K^~~~~~~[m[K
[5.072s] [01m[K/home/mete/catkin_ws/src/perception_pcl/pcl_ros/tools/pcd_to_pointcloud_2.cpp:127:1:[m[K [01;31m[Kerror: [m[Ktemplate argument 1 is invalid
[5.072s]   127 | [01;31m[KRCLCPP_COMPONENTS_REGISTER_NODE[m[K(pcl_ros::PCDPublisher)
[5.072s]       | [01;31m[K^~~~~~~~~~~~~~~~~~~~~~~~~~~~~~~[m[K
[5.837s] In file included from [01m[K/opt/ros/foxy/include/class_loader/class_loader_core.hpp:57[m[K,
[5.837s]                  from [01m[K/opt/ros/foxy/include/class_loader/class_loader.hpp:55[m[K,
[5.837s]                  from [01m[K/opt/ros/foxy/include/rclcpp_components/register_node_macro.hpp:18[m[K,
[5.837s]                  from [01m[K/home/mete/catkin_ws/src/perception_pcl/pcl_ros/tools/pcd_to_pointcloud_2.cpp:58[m[K:
[5.837s] /opt/ros/foxy/include/class_loader/meta_object.hpp: In instantiation of â€˜[01m[KB* class_loader::impl::MetaObject<C, B>::create() const [with C = int; B = rclcpp_components::NodeFactory][m[Kâ€™:
[5.837s] [01m[K/opt/ros/foxy/include/class_loader/meta_object.hpp:216:7:[m[K   required from here
[5.837s] [01m[K/opt/ros/foxy/include/class_loader/meta_object.hpp:218:12:[m[K [01;31m[Kerror: [m[Kcannot convert â€˜[01m[Kint*[m[Kâ€™ to â€˜[01m[Krclcpp_components::NodeFactory*[m[Kâ€™ in return
[5.837s]   218 |     return [01;31m[Knew C[m[K;
[5.838s]       |            [01;31m[K^~~~~[m[K
[5.838s]       |            [01;31m[K|[m[K
[5.838s]       |            [01;31m[Kint*[m[K
[5.943s] make[2]: *** [CMakeFiles/pcd_to_pointcloud_lib.dir/build.make:76: CMakeFiles/pcd_to_pointcloud_lib.dir/tools/pcd_to_pointcloud_2.cpp.o] Error 1
[5.943s] make[1]: *** [CMakeFiles/Makefile2:138: CMakeFiles/pcd_to_pointcloud_lib.dir/all] Error 2
[5.943s] make: *** [Makefile:141: all] Error 2
[5.946s] Invoked command in '/home/mete/catkin_ws/build/pcl_ros' returned '2': CMAKE_PREFIX_PATH=/home/mete/catkin_ws/install/pcl_conversions:/home/mete/catkin_ws/install/pcl:/home/mete/catkin_ws/install/localization:/opt/ros/foxy /usr/bin/cmake --build /home/mete/catkin_ws/build/pcl_ros -- -j12 -l12
