[0.015s] Invoking command in '/home/mete/catkin_ws/build/pcl': CMAKE_PREFIX_PATH=/home/mete/catkin_ws/install/pcl_conversions:/home/mete/catkin_ws/install/perception_pcl:/home/mete/catkin_ws/install/pcl_ros:/home/mete/catkin_ws/install/pcl:/home/mete/catkin_ws/install/localization:/home/mete/catkin_ws2/install/pugixml:/home/mete/catkin_ws2/install/parser:/home/mete/catkin_ws2/install/localization:/home/mete/catkin_ws2/install/LibKML:/home/mete/catkin_ws2/install/GeographicLib:/opt/ros/foxy /usr/bin/cmake --build /home/mete/catkin_ws/build/pcl -- -j12 -l12
[0.054s] [35m[1mScanning dependencies of target register[0m
[0.069s] [ 50%] Built target matrix_transform
[0.097s] [ 75%] [32mBuilding CXX object CMakeFiles/register.dir/src/register.cpp.o[0m
[5.279s] [01m[K/home/mete/catkin_ws/src/pcl/src/register.cpp:[m[K In constructor â€˜[01m[KMinimalPublisher::MinimalPublisher()[m[Kâ€™:
[5.279s] [01m[K/home/mete/catkin_ws/src/pcl/src/register.cpp:66:22:[m[K [01;31m[Kerror: [m[Kâ€˜[01m[Kpcl_cloud1[m[Kâ€™ was not declared in this scope; did you mean â€˜[01m[Kros_cloud1[m[Kâ€™?
[5.279s]    66 |       pcl::toROSMsg(*[01;31m[Kpcl_cloud1[m[K, cloud_1);
[5.279s]       |                      [01;31m[K^~~~~~~~~~[m[K
[5.279s]       |                      [32m[Kros_cloud1[m[K
[5.283s] [01m[K/home/mete/catkin_ws/src/pcl/src/register.cpp:67:22:[m[K [01;31m[Kerror: [m[Kâ€˜[01m[Kpcl_cloud2[m[Kâ€™ was not declared in this scope; did you mean â€˜[01m[Kros_cloud2[m[Kâ€™?
[5.283s]    67 |       pcl::toROSMsg(*[01;31m[Kpcl_cloud2[m[K, cloud_2);
[5.283s]       |                      [01;31m[K^~~~~~~~~~[m[K
[5.283s]       |                      [32m[Kros_cloud2[m[K
[5.287s] [01m[K/home/mete/catkin_ws/src/pcl/src/register.cpp:[m[K In member function â€˜[01m[Kvoid MinimalPublisher::timer_callback()[m[Kâ€™:
[5.287s] [01m[K/home/mete/catkin_ws/src/pcl/src/register.cpp:76:7:[m[K [01;31m[Kerror: [m[Kâ€˜[01m[Kros_cloud1[m[Kâ€™ was not declared in this scope
[5.287s]    76 |       [01;31m[Kros_cloud1[m[K.header.frame_id = "map";
[5.287s]       |       [01;31m[K^~~~~~~~~~[m[K
[5.292s] [01m[K/home/mete/catkin_ws/src/pcl/src/register.cpp:79:7:[m[K [01;31m[Kerror: [m[Kâ€˜[01m[Kros_cloud2[m[Kâ€™ was not declared in this scope
[5.292s]    79 |       [01;31m[Kros_cloud2[m[K.header.frame_id = "map";
[5.292s]       |       [01;31m[K^~~~~~~~~~[m[K
[15.324s] make[2]: *** [CMakeFiles/register.dir/build.make:63: CMakeFiles/register.dir/src/register.cpp.o] Error 1
[15.324s] make[1]: *** [CMakeFiles/Makefile2:80: CMakeFiles/register.dir/all] Error 2
[15.324s] make: *** [Makefile:141: all] Error 2
[15.326s] Invoked command in '/home/mete/catkin_ws/build/pcl' returned '2': CMAKE_PREFIX_PATH=/home/mete/catkin_ws/install/pcl_conversions:/home/mete/catkin_ws/install/perception_pcl:/home/mete/catkin_ws/install/pcl_ros:/home/mete/catkin_ws/install/pcl:/home/mete/catkin_ws/install/localization:/home/mete/catkin_ws2/install/pugixml:/home/mete/catkin_ws2/install/parser:/home/mete/catkin_ws2/install/localization:/home/mete/catkin_ws2/install/LibKML:/home/mete/catkin_ws2/install/GeographicLib:/opt/ros/foxy /usr/bin/cmake --build /home/mete/catkin_ws/build/pcl -- -j12 -l12
