[01m[K/home/mete/catkin_ws/src/pcl/src/register.cpp:[m[K In constructor â€˜[01m[KMinimalPublisher::MinimalPublisher()[m[Kâ€™:
[01m[K/home/mete/catkin_ws/src/pcl/src/register.cpp:213:9:[m[K [01;31m[Kerror: [m[Kâ€˜[01m[Kpc_publisher_aligned[m[Kâ€™ was not declared in this scope; did you mean â€˜[01m[Krcl_publisher_fini[m[Kâ€™?
  213 |         [01;31m[Kpc_publisher_aligned[m[K->publish(aligned_ros);
      |         [01;31m[K^~~~~~~~~~~~~~~~~~~~[m[K
      |         [32m[Krcl_publisher_fini[m[K
make[2]: *** [CMakeFiles/register.dir/build.make:63: CMakeFiles/register.dir/src/register.cpp.o] Error 1
make[1]: *** [CMakeFiles/Makefile2:80: CMakeFiles/register.dir/all] Error 2
make: *** [Makefile:141: all] Error 2
