[0.019s] Invoking command in '/home/mete/catkin_ws/build/pcl': CMAKE_PREFIX_PATH=${CMAKE_PREFIX_PATH}:/opt/ros/foxy /usr/bin/cmake --build /home/mete/catkin_ws/build/pcl -- -j12 -l12
[0.061s] [35m[1mScanning dependencies of target pcd_read[0m
[0.102s] [ 50%] [32mBuilding CXX object CMakeFiles/pcd_read.dir/src/pcd_read.cpp.o[0m
[4.867s] [01m[K/home/mete/catkin_ws/src/pcl/src/pcd_read.cpp:37:38:[m[K [01;31m[Kerror: [m[Kâ€˜[01m[KPointCloud2[m[Kâ€™ is not a member of â€˜[01m[Kstd_msgs::msg[m[Kâ€™; did you mean â€˜[01m[Ksensor_msgs::msg::PointCloud2[m[Kâ€™?
[4.867s]    37 |     rclcpp::Publisher<std_msgs::msg::[01;31m[KPointCloud2[m[K>::SharedPtr publisher_;
[4.867s]       |                                      [01;31m[K^~~~~~~~~~~[m[K
[4.867s] In file included from [01m[K/opt/ros/foxy/include/sensor_msgs/msg/point_cloud2.hpp:7[m[K,
[4.867s]                  from [01m[K/opt/ros/foxy/include/pcl_conversions/pcl_conversions.h:58[m[K,
[4.867s]                  from [01m[K/home/mete/catkin_ws/src/pcl/src/pcd_read.cpp:10[m[K:
[4.867s] [01m[K/opt/ros/foxy/include/sensor_msgs/msg/detail/point_cloud2__struct.hpp:234:7:[m[K [01;36m[Knote: [m[Kâ€˜[01m[Ksensor_msgs::msg::PointCloud2[m[Kâ€™ declared here
[4.867s]   234 | using [01;36m[KPointCloud2[m[K =
[4.867s]       |       [01;36m[K^~~~~~~~~~~[m[K
[4.868s] [01m[K/home/mete/catkin_ws/src/pcl/src/pcd_read.cpp:37:38:[m[K [01;31m[Kerror: [m[Kâ€˜[01m[KPointCloud2[m[Kâ€™ is not a member of â€˜[01m[Kstd_msgs::msg[m[Kâ€™; did you mean â€˜[01m[Ksensor_msgs::msg::PointCloud2[m[Kâ€™?
[4.868s]    37 |     rclcpp::Publisher<std_msgs::msg::[01;31m[KPointCloud2[m[K>::SharedPtr publisher_;
[4.868s]       |                                      [01;31m[K^~~~~~~~~~~[m[K
[4.868s] In file included from [01m[K/opt/ros/foxy/include/sensor_msgs/msg/point_cloud2.hpp:7[m[K,
[4.868s]                  from [01m[K/opt/ros/foxy/include/pcl_conversions/pcl_conversions.h:58[m[K,
[4.868s]                  from [01m[K/home/mete/catkin_ws/src/pcl/src/pcd_read.cpp:10[m[K:
[4.868s] [01m[K/opt/ros/foxy/include/sensor_msgs/msg/detail/point_cloud2__struct.hpp:234:7:[m[K [01;36m[Knote: [m[Kâ€˜[01m[Ksensor_msgs::msg::PointCloud2[m[Kâ€™ declared here
[4.868s]   234 | using [01;36m[KPointCloud2[m[K =
[4.868s]       |       [01;36m[K^~~~~~~~~~~[m[K
[4.868s] [01m[K/home/mete/catkin_ws/src/pcl/src/pcd_read.cpp:37:49:[m[K [01;31m[Kerror: [m[Ktemplate argument 1 is invalid
[4.868s]    37 |     rclcpp::Publisher<std_msgs::msg::PointCloud2[01;31m[K>[m[K::SharedPtr publisher_;
[4.868s]       |                                                 [01;31m[K^[m[K
[4.868s] [01m[K/home/mete/catkin_ws/src/pcl/src/pcd_read.cpp:37:52:[m[K [01;31m[Kerror: [m[Kexpected â€˜[01m[K;[m[Kâ€™ at end of member declaration
[4.868s]    37 |     rclcpp::Publisher<std_msgs::msg::PointCloud2>::[01;31m[KSharedPtr[m[K publisher_;
[4.868s]       |                                                    [01;31m[K^~~~~~~~~[m[K
[4.868s]       |                                                             [32m[K;[m[K
[4.871s] [01m[K/home/mete/catkin_ws/src/pcl/src/pcd_read.cpp:37:62:[m[K [01;31m[Kerror: [m[Kâ€˜[01m[Kpublisher_[m[Kâ€™ does not name a type; did you mean â€˜[01m[Krcl_publisher_t[m[Kâ€™?
[4.871s]    37 |     rclcpp::Publisher<std_msgs::msg::PointCloud2>::SharedPtr [01;31m[Kpublisher_[m[K;
[4.871s]       |                                                              [01;31m[K^~~~~~~~~~[m[K
[4.871s]       |                                                              [32m[Krcl_publisher_t[m[K
[4.875s] [01m[K/home/mete/catkin_ws/src/pcl/src/pcd_read.cpp:[m[K In constructor â€˜[01m[KMinimalPublisher::MinimalPublisher()[m[Kâ€™:
[4.875s] [01m[K/home/mete/catkin_ws/src/pcl/src/pcd_read.cpp:23:7:[m[K [01;31m[Kerror: [m[Kâ€˜[01m[Kpublisher_[m[Kâ€™ was not declared in this scope; did you mean â€˜[01m[Krcl_publisher_t[m[Kâ€™?
[4.875s]    23 |       [01;31m[Kpublisher_[m[K = this->create_publisher<std_msgs::msg::PointCloud2>("topic", 10);
[4.875s]       |       [01;31m[K^~~~~~~~~~[m[K
[4.875s]       |       [32m[Krcl_publisher_t[m[K
[4.876s] [01m[K/home/mete/catkin_ws/src/pcl/src/pcd_read.cpp:23:58:[m[K [01;31m[Kerror: [m[Kâ€˜[01m[KPointCloud2[m[Kâ€™ is not a member of â€˜[01m[Kstd_msgs::msg[m[Kâ€™; did you mean â€˜[01m[Ksensor_msgs::msg::PointCloud2[m[Kâ€™?
[4.876s]    23 |       publisher_ = this->create_publisher<std_msgs::msg::[01;31m[KPointCloud2[m[K>("topic", 10);
[4.876s]       |                                                          [01;31m[K^~~~~~~~~~~[m[K
[4.876s] In file included from [01m[K/opt/ros/foxy/include/sensor_msgs/msg/point_cloud2.hpp:7[m[K,
[4.876s]                  from [01m[K/opt/ros/foxy/include/pcl_conversions/pcl_conversions.h:58[m[K,
[4.877s]                  from [01m[K/home/mete/catkin_ws/src/pcl/src/pcd_read.cpp:10[m[K:
[4.877s] [01m[K/opt/ros/foxy/include/sensor_msgs/msg/detail/point_cloud2__struct.hpp:234:7:[m[K [01;36m[Knote: [m[Kâ€˜[01m[Ksensor_msgs::msg::PointCloud2[m[Kâ€™ declared here
[4.877s]   234 | using [01;36m[KPointCloud2[m[K =
[4.877s]       |       [01;36m[K^~~~~~~~~~~[m[K
[4.877s] [01m[K/home/mete/catkin_ws/src/pcl/src/pcd_read.cpp:23:58:[m[K [01;31m[Kerror: [m[Kâ€˜[01m[KPointCloud2[m[Kâ€™ is not a member of â€˜[01m[Kstd_msgs::msg[m[Kâ€™; did you mean â€˜[01m[Ksensor_msgs::msg::PointCloud2[m[Kâ€™?
[4.877s]    23 |       publisher_ = this->create_publisher<std_msgs::msg::[01;31m[KPointCloud2[m[K>("topic", 10);
[4.877s]       |                                                          [01;31m[K^~~~~~~~~~~[m[K
[4.877s] In file included from [01m[K/opt/ros/foxy/include/sensor_msgs/msg/point_cloud2.hpp:7[m[K,
[4.877s]                  from [01m[K/opt/ros/foxy/include/pcl_conversions/pcl_conversions.h:58[m[K,
[4.877s]                  from [01m[K/home/mete/catkin_ws/src/pcl/src/pcd_read.cpp:10[m[K:
[4.878s] [01m[K/opt/ros/foxy/include/sensor_msgs/msg/detail/point_cloud2__struct.hpp:234:7:[m[K [01;36m[Knote: [m[Kâ€˜[01m[Ksensor_msgs::msg::PointCloud2[m[Kâ€™ declared here
[4.878s]   234 | using [01;36m[KPointCloud2[m[K =
[4.878s]       |       [01;36m[K^~~~~~~~~~~[m[K
[4.878s] [01m[K/home/mete/catkin_ws/src/pcl/src/pcd_read.cpp:23:82:[m[K [01;31m[Kerror: [m[Kno matching function for call to â€˜[01m[KMinimalPublisher::create_publisher<<expression error> >(const char [6], int)[m[Kâ€™
[4.878s]    23 | his->create_publisher<std_msgs::msg::PointCloud2>("topic", 10[01;31m[K)[m[K;
[4.878s]       |                                                              [01;31m[K^[m[K
[4.878s] 
[4.878s] In file included from [01m[K/opt/ros/foxy/include/rclcpp/executors/single_threaded_executor.hpp:28[m[K,
[4.878s]                  from [01m[K/opt/ros/foxy/include/rclcpp/executors.hpp:22[m[K,
[4.878s]                  from [01m[K/opt/ros/foxy/include/rclcpp/rclcpp.hpp:146[m[K,
[4.878s]                  from [01m[K/opt/ros/foxy/include/pcl_conversions/pcl_conversions.h:42[m[K,
[4.878s]                  from [01m[K/home/mete/catkin_ws/src/pcl/src/pcd_read.cpp:10[m[K:
[4.878s] [01m[K/opt/ros/foxy/include/rclcpp/node.hpp:184:3:[m[K [01;36m[Knote: [m[Kcandidate: â€˜[01m[Ktemplate<class MessageT, class AllocatorT, class PublisherT> std::shared_ptr<PublisherT> rclcpp::Node::create_publisher(const string&, const rclcpp::QoS&, const rclcpp::PublisherOptionsWithAllocator<AllocatorT>&)[m[Kâ€™
[4.878s]   184 |   [01;36m[Kcreate_publisher[m[K(
[4.878s]       |   [01;36m[K^~~~~~~~~~~~~~~~[m[K
[4.878s] [01m[K/opt/ros/foxy/include/rclcpp/node.hpp:184:3:[m[K [01;36m[Knote: [m[K  template argument deduction/substitution failed:
[4.878s] [01m[K/home/mete/catkin_ws/src/pcl/src/pcd_read.cpp:23:82:[m[K [01;31m[Kerror: [m[Ktemplate argument 1 is invalid
[4.879s]    23 | his->create_publisher<std_msgs::msg::PointCloud2>("topic", 10[01;31m[K)[m[K;
[4.879s]       |                                                              [01;31m[K^[m[K
[4.879s] 
[4.879s] [01m[K/home/mete/catkin_ws/src/pcl/src/pcd_read.cpp:25:7:[m[K [01;31m[Kerror: [m[Kunable to find numeric literal operator â€˜[01m[Koperator""ms[m[Kâ€™
[4.879s]    25 |       [01;31m[K500ms[m[K, std::bind(&MinimalPublisher::timer_callback, this));
[4.879s]       |       [01;31m[K^~~~~[m[K
[4.883s] [01m[K/home/mete/catkin_ws/src/pcl/src/pcd_read.cpp:[m[K In member function â€˜[01m[Kvoid MinimalPublisher::timer_callback()[m[Kâ€™:
[4.883s] [01m[K/home/mete/catkin_ws/src/pcl/src/pcd_read.cpp:31:37:[m[K [01;31m[Kerror: [m[Kâ€˜[01m[KPointCloud2[m[Kâ€™ is not a member of â€˜[01m[Kstd_msgs::msg[m[Kâ€™; did you mean â€˜[01m[Ksensor_msgs::msg::PointCloud2[m[Kâ€™?
[4.883s]    31 |       auto message = std_msgs::msg::[01;31m[KPointCloud2[m[K();
[4.883s]       |                                     [01;31m[K^~~~~~~~~~~[m[K
[4.883s] In file included from [01m[K/opt/ros/foxy/include/sensor_msgs/msg/point_cloud2.hpp:7[m[K,
[4.883s]                  from [01m[K/opt/ros/foxy/include/pcl_conversions/pcl_conversions.h:58[m[K,
[4.883s]                  from [01m[K/home/mete/catkin_ws/src/pcl/src/pcd_read.cpp:10[m[K:
[4.883s] [01m[K/opt/ros/foxy/include/sensor_msgs/msg/detail/point_cloud2__struct.hpp:234:7:[m[K [01;36m[Knote: [m[Kâ€˜[01m[Ksensor_msgs::msg::PointCloud2[m[Kâ€™ declared here
[4.883s]   234 | using [01;36m[KPointCloud2[m[K =
[4.883s]       |       [01;36m[K^~~~~~~~~~~[m[K
[4.887s] [01m[K/home/mete/catkin_ws/src/pcl/src/pcd_read.cpp:34:7:[m[K [01;31m[Kerror: [m[Kâ€˜[01m[Kpublisher_[m[Kâ€™ was not declared in this scope; did you mean â€˜[01m[Krcl_publisher_t[m[Kâ€™?
[4.887s]    34 |       [01;31m[Kpublisher_[m[K->publish(message);
[4.887s]       |       [01;31m[K^~~~~~~~~~[m[K
[4.887s]       |       [32m[Krcl_publisher_t[m[K
[5.734s] make[2]: *** [CMakeFiles/pcd_read.dir/build.make:63: CMakeFiles/pcd_read.dir/src/pcd_read.cpp.o] Error 1
[5.734s] make[1]: *** [CMakeFiles/Makefile2:105: CMakeFiles/pcd_read.dir/all] Error 2
[5.735s] make: *** [Makefile:141: all] Error 2
[5.736s] Invoked command in '/home/mete/catkin_ws/build/pcl' returned '2': CMAKE_PREFIX_PATH=${CMAKE_PREFIX_PATH}:/opt/ros/foxy /usr/bin/cmake --build /home/mete/catkin_ws/build/pcl -- -j12 -l12
