[0.014s] Invoking command in '/home/mete/catkin_ws/build/pcl': CMAKE_PREFIX_PATH=/home/mete/catkin_ws/install/pcl_conversions:/home/mete/catkin_ws/install/perception_pcl:/home/mete/catkin_ws/install/pcl_ros:/home/mete/catkin_ws/install/pcl:/home/mete/catkin_ws/install/localization:/home/mete/catkin_ws2/install/pugixml:/home/mete/catkin_ws2/install/parser:/home/mete/catkin_ws2/install/localization:/home/mete/catkin_ws2/install/LibKML:/home/mete/catkin_ws2/install/GeographicLib:/opt/ros/foxy /usr/bin/cmake --build /home/mete/catkin_ws/build/pcl -- -j12 -l12
[0.052s] [35m[1mScanning dependencies of target register[0m
[0.067s] [ 33%] Built target matrix_transform
[0.077s] [ 50%] [32mBuilding CXX object CMakeFiles/pcd_read.dir/src/pcd_read.cpp.o[0m
[0.147s] [ 66%] [32mBuilding CXX object CMakeFiles/register.dir/src/register.cpp.o[0m
[1.311s] [01m[K/home/mete/catkin_ws/src/pcl/src/pcd_read.cpp:10:10:[m[K [01;31m[Kfatal error: [m[Kpcl_conversions/pcl_conversions.h: No such file or directory
[1.311s]    10 | #include [01;31m[K<pcl_conversions/pcl_conversions.h>[m[K
[1.311s]       |          [01;31m[K^~~~~~~~~~~~~~~~~~~~~~~~~~~~~~~~~~~[m[K
[1.311s] compilation terminated.
[1.327s] make[2]: *** [CMakeFiles/pcd_read.dir/build.make:63: CMakeFiles/pcd_read.dir/src/pcd_read.cpp.o] Error 1
[1.327s] make[1]: *** [CMakeFiles/Makefile2:163: CMakeFiles/pcd_read.dir/all] Error 2
[1.327s] make[1]: *** Waiting for unfinished jobs....
[5.413s] [01m[K/home/mete/catkin_ws/src/pcl/src/register.cpp:74:38:[m[K [01;31m[Kerror: [m[Kâ€˜[01m[KString[m[Kâ€™ is not a member of â€˜[01m[Kstd_msgs::msg[m[Kâ€™
[5.413s]    74 |     rclcpp::Publisher<std_msgs::msg::[01;31m[KString[m[K>::SharedPtr publisher_;
[5.413s]       |                                      [01;31m[K^~~~~~[m[K
[5.414s] [01m[K/home/mete/catkin_ws/src/pcl/src/register.cpp:74:38:[m[K [01;31m[Kerror: [m[Kâ€˜[01m[KString[m[Kâ€™ is not a member of â€˜[01m[Kstd_msgs::msg[m[Kâ€™
[5.414s] [01m[K/home/mete/catkin_ws/src/pcl/src/register.cpp:74:44:[m[K [01;31m[Kerror: [m[Ktemplate argument 1 is invalid
[5.414s]    74 |     rclcpp::Publisher<std_msgs::msg::String[01;31m[K>[m[K::SharedPtr publisher_;
[5.414s]       |                                            [01;31m[K^[m[K
[5.414s] [01m[K/home/mete/catkin_ws/src/pcl/src/register.cpp:74:47:[m[K [01;31m[Kerror: [m[Kexpected â€˜[01m[K;[m[Kâ€™ at end of member declaration
[5.414s]    74 |     rclcpp::Publisher<std_msgs::msg::String>::[01;31m[KSharedPtr[m[K publisher_;
[5.414s]       |                                               [01;31m[K^~~~~~~~~[m[K
[5.414s]       |                                                        [32m[K;[m[K
[5.417s] [01m[K/home/mete/catkin_ws/src/pcl/src/register.cpp:74:57:[m[K [01;31m[Kerror: [m[Kâ€˜[01m[Kpublisher_[m[Kâ€™ does not name a type; did you mean â€˜[01m[Krcl_publisher_t[m[Kâ€™?
[5.417s]    74 |     rclcpp::Publisher<std_msgs::msg::String>::SharedPtr [01;31m[Kpublisher_[m[K;
[5.417s]       |                                                         [01;31m[K^~~~~~~~~~[m[K
[5.418s]       |                                                         [32m[Krcl_publisher_t[m[K
[5.430s] [01m[K/home/mete/catkin_ws/src/pcl/src/register.cpp:[m[K In constructor â€˜[01m[KMinimalPublisher::MinimalPublisher()[m[Kâ€™:
[5.430s] [01m[K/home/mete/catkin_ws/src/pcl/src/register.cpp:52:19:[m[K [01;31m[Kerror: [m[Kreturning a value from a constructor
[5.430s]    52 |         return (-1[01;31m[K)[m[K;
[5.430s]       |                   [01;31m[K^[m[K
[5.430s] [01m[K/home/mete/catkin_ws/src/pcl/src/register.cpp:58:19:[m[K [01;31m[Kerror: [m[Kreturning a value from a constructor
[5.430s]    58 |         return (-1[01;31m[K)[m[K;
[5.430s]       |                   [01;31m[K^[m[K
[5.431s] [01m[K/home/mete/catkin_ws/src/pcl/src/register.cpp:[m[K In member function â€˜[01m[Kvoid MinimalPublisher::timer_callback()[m[Kâ€™:
[5.431s] [01m[K/home/mete/catkin_ws/src/pcl/src/register.cpp:68:37:[m[K [01;31m[Kerror: [m[Kâ€˜[01m[KString[m[Kâ€™ is not a member of â€˜[01m[Kstd_msgs::msg[m[Kâ€™
[5.431s]    68 |       auto message = std_msgs::msg::[01;31m[KString[m[K();
[5.431s]       |                                     [01;31m[K^~~~~~[m[K
[5.436s] [01m[K/home/mete/catkin_ws/src/pcl/src/register.cpp:71:7:[m[K [01;31m[Kerror: [m[Kâ€˜[01m[Kpublisher_[m[Kâ€™ was not declared in this scope; did you mean â€˜[01m[Krcl_publisher_t[m[Kâ€™?
[5.436s]    71 |       [01;31m[Kpublisher_[m[K->publish(message);
[5.436s]       |       [01;31m[K^~~~~~~~~~[m[K
[5.436s]       |       [32m[Krcl_publisher_t[m[K
[15.898s] make[2]: *** [CMakeFiles/register.dir/build.make:63: CMakeFiles/register.dir/src/register.cpp.o] Error 1
[15.898s] make[1]: *** [CMakeFiles/Makefile2:82: CMakeFiles/register.dir/all] Error 2
[15.898s] make: *** [Makefile:141: all] Error 2
[15.902s] Invoked command in '/home/mete/catkin_ws/build/pcl' returned '2': CMAKE_PREFIX_PATH=/home/mete/catkin_ws/install/pcl_conversions:/home/mete/catkin_ws/install/perception_pcl:/home/mete/catkin_ws/install/pcl_ros:/home/mete/catkin_ws/install/pcl:/home/mete/catkin_ws/install/localization:/home/mete/catkin_ws2/install/pugixml:/home/mete/catkin_ws2/install/parser:/home/mete/catkin_ws2/install/localization:/home/mete/catkin_ws2/install/LibKML:/home/mete/catkin_ws2/install/GeographicLib:/opt/ros/foxy /usr/bin/cmake --build /home/mete/catkin_ws/build/pcl -- -j12 -l12
