[35m[1mScanning dependencies of target register[0m
[ 33%] Built target matrix_transform
[ 50%] [32mBuilding CXX object CMakeFiles/register.dir/src/register.cpp.o[0m
[ 83%] Built target pcd_read
[01m[K/home/mete/catkin_ws/src/pcl/src/register.cpp:374:1:[m[K [01;31m[Kerror: [m[Kexpected unqualified-id before numeric constant
  374 | [01;31m[K374[m[K/* ]--- */
      | [01;31m[K^~~[m[K
make[2]: *** [CMakeFiles/register.dir/build.make:63: CMakeFiles/register.dir/src/register.cpp.o] Error 1
make[1]: *** [CMakeFiles/Makefile2:82: CMakeFiles/register.dir/all] Error 2
make: *** [Makefile:141: all] Error 2
