[0.015s] Invoking command in '/home/mete/catkin_ws/build/pcl': CMAKE_PREFIX_PATH=/home/mete/catkin_ws/install/pcl_conversions:/home/mete/catkin_ws/install/perception_pcl:/home/mete/catkin_ws/install/pcl_ros:/home/mete/catkin_ws/install/pcl:/home/mete/catkin_ws/install/localization:/home/mete/catkin_ws2/install/pugixml:/home/mete/catkin_ws2/install/parser:/home/mete/catkin_ws2/install/localization:/home/mete/catkin_ws2/install/LibKML:/home/mete/catkin_ws2/install/GeographicLib:/opt/ros/foxy /usr/bin/cmake --build /home/mete/catkin_ws/build/pcl -- -j12 -l12
[0.053s] [35m[1mScanning dependencies of target register[0m
[0.075s] [ 50%] Built target matrix_transform
[0.095s] [ 75%] [32mBuilding CXX object CMakeFiles/register.dir/src/register.cpp.o[0m
[5.432s] [01m[K/home/mete/catkin_ws/src/pcl/src/register.cpp:[m[K In constructor â€˜[01m[KMinimalPublisher::MinimalPublisher()[m[Kâ€™:
[5.432s] [01m[K/home/mete/catkin_ws/src/pcl/src/register.cpp:69:22:[m[K [01;31m[Kerror: [m[Kâ€˜[01m[Kpcl_cloud1[m[Kâ€™ was not declared in this scope; did you mean â€˜[01m[Kros_cloud1[m[Kâ€™?
[5.432s]    69 |       pcl::toROSMsg(*[01;31m[Kpcl_cloud1[m[K, cloud_1);
[5.432s]       |                      [01;31m[K^~~~~~~~~~[m[K
[5.432s]       |                      [32m[Kros_cloud1[m[K
[5.435s] [01m[K/home/mete/catkin_ws/src/pcl/src/register.cpp:70:22:[m[K [01;31m[Kerror: [m[Kâ€˜[01m[Kpcl_cloud2[m[Kâ€™ was not declared in this scope; did you mean â€˜[01m[Kros_cloud2[m[Kâ€™?
[5.435s]    70 |       pcl::toROSMsg(*[01;31m[Kpcl_cloud2[m[K, cloud_2);
[5.435s]       |                      [01;31m[K^~~~~~~~~~[m[K
[5.435s]       |                      [32m[Kros_cloud2[m[K
[5.440s] [01m[K/home/mete/catkin_ws/src/pcl/src/register.cpp:[m[K In member function â€˜[01m[Kvoid MinimalPublisher::timer_callback()[m[Kâ€™:
[5.440s] [01m[K/home/mete/catkin_ws/src/pcl/src/register.cpp:79:7:[m[K [01;31m[Kerror: [m[Kâ€˜[01m[Kros_cloud1[m[Kâ€™ was not declared in this scope
[5.440s]    79 |       [01;31m[Kros_cloud1[m[K.header.frame_id = "map";
[5.440s]       |       [01;31m[K^~~~~~~~~~[m[K
[5.444s] [01m[K/home/mete/catkin_ws/src/pcl/src/register.cpp:82:7:[m[K [01;31m[Kerror: [m[Kâ€˜[01m[Kros_cloud2[m[Kâ€™ was not declared in this scope
[5.444s]    82 |       [01;31m[Kros_cloud2[m[K.header.frame_id = "map";
[5.444s]       |       [01;31m[K^~~~~~~~~~[m[K
[15.468s] make[2]: *** [CMakeFiles/register.dir/build.make:63: CMakeFiles/register.dir/src/register.cpp.o] Error 1
[15.469s] make[1]: *** [CMakeFiles/Makefile2:80: CMakeFiles/register.dir/all] Error 2
[15.469s] make: *** [Makefile:141: all] Error 2
[15.471s] Invoked command in '/home/mete/catkin_ws/build/pcl' returned '2': CMAKE_PREFIX_PATH=/home/mete/catkin_ws/install/pcl_conversions:/home/mete/catkin_ws/install/perception_pcl:/home/mete/catkin_ws/install/pcl_ros:/home/mete/catkin_ws/install/pcl:/home/mete/catkin_ws/install/localization:/home/mete/catkin_ws2/install/pugixml:/home/mete/catkin_ws2/install/parser:/home/mete/catkin_ws2/install/localization:/home/mete/catkin_ws2/install/LibKML:/home/mete/catkin_ws2/install/GeographicLib:/opt/ros/foxy /usr/bin/cmake --build /home/mete/catkin_ws/build/pcl -- -j12 -l12
