[01m[K/home/mete/catkin_ws/src/pcl/src/pcd_read.cpp:[m[K In function â€˜[01m[Kint main()[m[Kâ€™:
[01m[K/home/mete/catkin_ws/src/pcl/src/pcd_read.cpp:55:3:[m[K [01;31m[Kerror: [m[Kâ€˜[01m[Kpub_[m[Kâ€™ was not declared in this scope
   55 |   [01;31m[Kpub_[m[K = create_publisher<sensor_msgs::msg::PointCloud2>("point_cloud");
      |   [01;31m[K^~~~[m[K
[01m[K/home/mete/catkin_ws/src/pcl/src/pcd_read.cpp:55:10:[m[K [01;31m[Kerror: [m[Kâ€˜[01m[Kcreate_publisher[m[Kâ€™ was not declared in this scope; did you mean â€˜[01m[Krclcpp::create_publisher[m[Kâ€™?
   55 |   pub_ = [01;31m[Kcreate_publisher[m[K<sensor_msgs::msg::PointCloud2>("point_cloud");
      |          [01;31m[K^~~~~~~~~~~~~~~~[m[K
      |          [32m[Krclcpp::create_publisher[m[K
In file included from [01m[K/opt/ros/foxy/include/rclcpp/node_impl.hpp:39[m[K,
                 from [01m[K/opt/ros/foxy/include/rclcpp/node.hpp:1224[m[K,
                 from [01m[K/opt/ros/foxy/include/rclcpp/executors/single_threaded_executor.hpp:28[m[K,
                 from [01m[K/opt/ros/foxy/include/rclcpp/executors.hpp:22[m[K,
                 from [01m[K/opt/ros/foxy/include/rclcpp/rclcpp.hpp:146[m[K,
                 from [01m[K/opt/ros/foxy/include/pcl_conversions/pcl_conversions.h:42[m[K,
                 from [01m[K/home/mete/catkin_ws/src/pcl/src/pcd_read.cpp:10[m[K:
[01m[K/opt/ros/foxy/include/rclcpp/create_publisher.hpp:43:1:[m[K [01;36m[Knote: [m[Kâ€˜[01m[Krclcpp::create_publisher[m[Kâ€™ declared here
   43 | [01;36m[Kcreate_publisher[m[K(
      | [01;36m[K^~~~~~~~~~~~~~~~[m[K
[01m[K/home/mete/catkin_ws/src/pcl/src/pcd_read.cpp:55:56:[m[K [01;31m[Kerror: [m[Kexpected primary-expression before â€˜[01m[K>[m[Kâ€™ token
   55 |   pub_ = create_publisher<sensor_msgs::msg::PointCloud2[01;31m[K>[m[K("point_cloud");
      |                                                        [01;31m[K^[m[K
make[2]: *** [CMakeFiles/pcd_read.dir/build.make:63: CMakeFiles/pcd_read.dir/src/pcd_read.cpp.o] Error 1
make[1]: *** [CMakeFiles/Makefile2:105: CMakeFiles/pcd_read.dir/all] Error 2
make: *** [Makefile:141: all] Error 2
