[0.019s] Invoking command in '/home/mete/catkin_ws/build/pcl': CMAKE_PREFIX_PATH=/home/mete/catkin_ws/install/pcl_conversions:/home/mete/catkin_ws/install/perception_pcl:/home/mete/catkin_ws/install/pcl_ros:/home/mete/catkin_ws/install/pcl:/home/mete/catkin_ws/install/localization:/home/mete/catkin_ws2/install/pugixml:/home/mete/catkin_ws2/install/parser:/home/mete/catkin_ws2/install/localization:/home/mete/catkin_ws2/install/LibKML:/home/mete/catkin_ws2/install/GeographicLib:/opt/ros/foxy /usr/bin/cmake --build /home/mete/catkin_ws/build/pcl -- -j12 -l12
[0.060s] [35m[1mScanning dependencies of target register[0m
[0.085s] [ 33%] Built target pcd_read
[0.085s] [ 66%] Built target matrix_transform
[0.089s] [ 83%] [32mBuilding CXX object CMakeFiles/register.dir/src/register.cpp.o[0m
[4.962s] [01m[K/home/mete/catkin_ws/src/pcl/src/register.cpp:249:1:[m[K [01;31m[Kerror: [m[Kexpected â€˜[01m[K}[m[Kâ€™ at end of input
[4.962s]   249 | [01;31m[K}[m[K
[4.962s]       | [01;31m[K^[m[K
[4.962s] [01m[K/home/mete/catkin_ws/src/pcl/src/register.cpp:39:1:[m[K [01;36m[Knote: [m[Kto match this â€˜[01m[K{[m[Kâ€™
[4.962s]    39 | [01;36m[K{[m[K
[4.962s]       | [01;36m[K^[m[K
[4.976s] [01m[K/home/mete/catkin_ws/src/pcl/src/register.cpp:[m[K In member function â€˜[01m[Kvoid MyPointRepresentation::pairAlign(pcl::PointCloud<pcl::PointXYZ>::Ptr, pcl::PointCloud<pcl::PointXYZ>::Ptr, pcl::PointCloud<pcl::PointXYZ>::Ptr, Eigen::Matrix4f&, bool)[m[Kâ€™:
[4.976s] [01m[K/home/mete/catkin_ws/src/pcl/src/register.cpp:135:25:[m[K [01;31m[Kerror: [m[Kcannot declare variable â€˜[01m[Kpoint_representation[m[Kâ€™ to be of abstract type â€˜[01m[KMyPointRepresentation[m[Kâ€™
[4.976s]   135 |   MyPointRepresentation [01;31m[Kpoint_representation[m[K;
[4.976s]       |                         [01;31m[K^~~~~~~~~~~~~~~~~~~~[m[K
[4.976s] [01m[K/home/mete/catkin_ws/src/pcl/src/register.cpp:38:7:[m[K [01;36m[Knote: [m[K  because the following virtual functions are pure within â€˜[01m[KMyPointRepresentation[m[Kâ€™:
[4.976s]    38 | class [01;36m[KMyPointRepresentation[m[K : public pcl::PointRepresentation <PointNormalT>
[4.977s]       |       [01;36m[K^~~~~~~~~~~~~~~~~~~~~[m[K
[4.977s] In file included from [01m[K/home/mete/catkin_ws/src/pcl/src/register.cpp:3[m[K:
[4.977s] [01m[K/usr/include/pcl-1.10/pcl/point_representation.h:87:20:[m[K [01;36m[Knote: [m[K	â€˜[01m[Kvoid pcl::PointRepresentation<PointT>::copyToFloatArray(const PointT&, float*) const [with PointT = pcl::PointNormal][m[Kâ€™
[4.977s]    87 |       virtual void [01;36m[KcopyToFloatArray[m[K (const PointT &p, float *out) const = 0;
[4.977s]       |                    [01;36m[K^~~~~~~~~~~~~~~~[m[K
[5.016s] [01m[K/home/mete/catkin_ws/src/pcl/src/register.cpp:[m[K In member function â€˜[01m[Kint MyPointRepresentation::main(int, char**)[m[Kâ€™:
[5.016s] [01m[K/home/mete/catkin_ws/src/pcl/src/register.cpp:218:3:[m[K [01;31m[Kerror: [m[Kâ€˜[01m[Kp[m[Kâ€™ was not declared in this scope
[5.016s]   218 |   [01;31m[Kp[m[K = new pcl::visualization::PCLVisualizer (argc, argv, "Pairwise Incremental Registration example");
[5.016s]       |   [01;31m[K^[m[K
[5.019s] [01m[K/home/mete/catkin_ws/src/pcl/src/register.cpp:219:40:[m[K [01;31m[Kerror: [m[Kâ€˜[01m[Kvp_1[m[Kâ€™ was not declared in this scope
[5.019s]   219 |   p->createViewPort (0.0, 0, 0.5, 1.0, [01;31m[Kvp_1[m[K);
[5.019s]       |                                        [01;31m[K^~~~[m[K
[5.021s] [01m[K/home/mete/catkin_ws/src/pcl/src/register.cpp:220:40:[m[K [01;31m[Kerror: [m[Kâ€˜[01m[Kvp_2[m[Kâ€™ was not declared in this scope
[5.021s]   220 |   p->createViewPort (0.5, 0, 1.0, 1.0, [01;31m[Kvp_2[m[K);
[5.021s]       |                                        [01;31m[K^~~~[m[K
[5.030s] [01m[K/home/mete/catkin_ws/src/pcl/src/register.cpp:231:5:[m[K [01;31m[Kerror: [m[Kâ€˜[01m[KshowCloudsLeft[m[Kâ€™ was not declared in this scope
[5.030s]   231 |     [01;31m[KshowCloudsLeft[m[K(source, target);
[5.031s]       |     [01;31m[K^~~~~~~~~~~~~~[m[K
[5.031s] [01m[K/home/mete/catkin_ws/src/pcl/src/register.cpp:[m[K At global scope:
[5.031s] [01m[K/home/mete/catkin_ws/src/pcl/src/register.cpp:249:1:[m[K [01;31m[Kerror: [m[Kexpected unqualified-id at end of input
[5.031s]   249 | [01;31m[K}[m[K
[5.031s]       | [01;31m[K^[m[K
[5.864s] In file included from [01m[K/usr/include/boost/smart_ptr/make_shared.hpp:14[m[K,
[5.864s]                  from [01m[K/usr/include/boost/make_shared.hpp:14[m[K,
[5.864s]                  from [01m[K/usr/include/pcl-1.10/pcl/make_shared.h:44[m[K,
[5.864s]                  from [01m[K/usr/include/pcl-1.10/pcl/point_cloud.h:52[m[K,
[5.865s]                  from [01m[K/home/mete/catkin_ws/src/pcl/src/register.cpp:2[m[K:
[5.865s] /usr/include/boost/smart_ptr/make_shared_object.hpp: In instantiation of â€˜[01m[Ktypename boost::detail::sp_if_not_array<T>::type boost::make_shared(Args&& ...) [with T = const MyPointRepresentation; Args = {MyPointRepresentation&}; typename boost::detail::sp_if_not_array<T>::type = boost::shared_ptr<const MyPointRepresentation>][m[Kâ€™:
[5.865s] [01m[K/usr/include/pcl-1.10/pcl/make_shared.h:81:31:[m[K   required from â€˜[01m[Kstd::enable_if_t<(! pcl::has_custom_allocator<T>::value), boost::shared_ptr<X> > pcl::make_shared(Args&& ...) [with T = const MyPointRepresentation; Args = {MyPointRepresentation&}; std::enable_if_t<(! pcl::has_custom_allocator<T>::value), boost::shared_ptr<X> > = boost::shared_ptr<const MyPointRepresentation>][m[Kâ€™
[5.865s] [01m[K/home/mete/catkin_ws/src/pcl/src/register.cpp:148:98:[m[K   required from here
[5.865s] [01m[K/usr/include/boost/smart_ptr/make_shared_object.hpp:256:5:[m[K [01;31m[Kerror: [m[Kinvalid new-expression of abstract class type â€˜[01m[KMyPointRepresentation[m[Kâ€™
[5.865s]   256 |     [01;31m[K::new( pv ) T( boost::detail::sp_forward<Args>( args )... )[m[K;
[5.865s]       |     [01;31m[K^~~~~~~~~~~~~~~~~~~~~~~~~~~~~~~~~~~~~~~~~~~~~~~~~~~~~~~~~~~[m[K
[12.934s] make[2]: *** [CMakeFiles/register.dir/build.make:63: CMakeFiles/register.dir/src/register.cpp.o] Error 1
[12.934s] make[1]: *** [CMakeFiles/Makefile2:82: CMakeFiles/register.dir/all] Error 2
[12.934s] make: *** [Makefile:141: all] Error 2
[12.936s] Invoked command in '/home/mete/catkin_ws/build/pcl' returned '2': CMAKE_PREFIX_PATH=/home/mete/catkin_ws/install/pcl_conversions:/home/mete/catkin_ws/install/perception_pcl:/home/mete/catkin_ws/install/pcl_ros:/home/mete/catkin_ws/install/pcl:/home/mete/catkin_ws/install/localization:/home/mete/catkin_ws2/install/pugixml:/home/mete/catkin_ws2/install/parser:/home/mete/catkin_ws2/install/localization:/home/mete/catkin_ws2/install/LibKML:/home/mete/catkin_ws2/install/GeographicLib:/opt/ros/foxy /usr/bin/cmake --build /home/mete/catkin_ws/build/pcl -- -j12 -l12
