[0.017s] Invoking command in '/home/mete/catkin_ws/build/pcl': CMAKE_PREFIX_PATH=${CMAKE_PREFIX_PATH}:/opt/ros/foxy /usr/bin/cmake --build /home/mete/catkin_ws/build/pcl -- -j12 -l12
[0.050s] [35m[1mScanning dependencies of target pcd_read[0m
[0.084s] [ 50%] [32mBuilding CXX object CMakeFiles/pcd_read.dir/src/pcd_read.cpp.o[0m
[3.811s] [01m[K/home/mete/catkin_ws/src/pcl/src/pcd_read.cpp:[m[K In function â€˜[01m[Kint main()[m[Kâ€™:
[3.811s] [01m[K/home/mete/catkin_ws/src/pcl/src/pcd_read.cpp:94:32:[m[K [01;31m[Kerror: [m[Kâ€˜[01m[Kusing Ptr = pcl::shared_ptr<pcl::PointCloud<pcl::PointXYZ> >[m[Kâ€™ {aka â€˜[01m[Kclass boost::shared_ptr<pcl::PointCloud<pcl::PointXYZ> >[m[Kâ€™} has no member named â€˜[01m[Kx[m[Kâ€™; did you mean â€˜[01m[Kboost::shared_ptr<pcl::PointCloud<pcl::PointXYZ> >::element_type* boost::shared_ptr<pcl::PointCloud<pcl::PointXYZ> >::px[m[Kâ€™? (not accessible from this context)
[3.811s]    94 |   std::cout << "    " << cloud.[01;31m[Kx[m[K<< " "    << cloud.y<< " "    << cloud.z << std::endl;*/
[3.811s]       |                                [01;31m[K^[m[K
[3.811s] In file included from [01m[K/usr/include/pcl-1.10/pcl/pcl_macros.h:69[m[K,
[3.811s]                  from [01m[K/usr/include/pcl-1.10/pcl/io/pcd_io.h:42[m[K,
[3.811s]                  from [01m[K/home/mete/catkin_ws/src/pcl/src/pcd_read.cpp:2[m[K:
[3.811s] [01m[K/usr/include/boost/smart_ptr/shared_ptr.hpp:818:20:[m[K [01;36m[Knote: [m[Kdeclared private here
[3.811s]   818 |     element_type * [01;36m[Kpx[m[K;                 // contained pointer
[3.811s]       |                    [01;36m[K^~[m[K
[3.811s] [01m[K/home/mete/catkin_ws/src/pcl/src/pcd_read.cpp:94:52:[m[K [01;31m[Kerror: [m[Kâ€˜[01m[Kusing Ptr = pcl::shared_ptr<pcl::PointCloud<pcl::PointXYZ> >[m[Kâ€™ {aka â€˜[01m[Kclass boost::shared_ptr<pcl::PointCloud<pcl::PointXYZ> >[m[Kâ€™} has no member named â€˜[01m[Ky[m[Kâ€™
[3.811s]    94 |   std::cout << "    " << cloud.x<< " "    << cloud.[01;31m[Ky[m[K<< " "    << cloud.z << std::endl;*/
[3.811s]       |                                                    [01;31m[K^[m[K
[3.811s] [01m[K/home/mete/catkin_ws/src/pcl/src/pcd_read.cpp:94:72:[m[K [01;31m[Kerror: [m[Kâ€˜[01m[Kusing Ptr = pcl::shared_ptr<pcl::PointCloud<pcl::PointXYZ> >[m[Kâ€™ {aka â€˜[01m[Kclass boost::shared_ptr<pcl::PointCloud<pcl::PointXYZ> >[m[Kâ€™} has no member named â€˜[01m[Kz[m[Kâ€™
[3.811s]    94 | ut << "    " << cloud.x<< " "    << cloud.y<< " "    << cloud.[01;31m[Kz[m[K << std::endl;*/
[3.811s]       |                                                               [01;31m[K^[m[K
[3.811s] 
[3.811s] [01m[K/home/mete/catkin_ws/src/pcl/src/pcd_read.cpp:94:88:[m[K [01;31m[Kerror: [m[Kexpected primary-expression before â€˜[01m[K/[m[Kâ€™ token
[3.812s]    94 | loud.x<< " "    << cloud.y<< " "    << cloud.z << std::endl;*[01;31m[K/[m[K
[3.812s]       |                                                              [01;31m[K^[m[K
[3.812s] 
[3.812s] [01m[K/home/mete/catkin_ws/src/pcl/src/pcd_read.cpp:105:3:[m[K [01;31m[Kerror: [m[Kexpected primary-expression before â€˜[01m[Kreturn[m[Kâ€™
[3.812s]   105 |   [01;31m[Kreturn[m[K (0);
[3.812s]       |   [01;31m[K^~~~~~[m[K
[4.542s] make[2]: *** [CMakeFiles/pcd_read.dir/build.make:63: CMakeFiles/pcd_read.dir/src/pcd_read.cpp.o] Error 1
[4.542s] make[1]: *** [CMakeFiles/Makefile2:105: CMakeFiles/pcd_read.dir/all] Error 2
[4.543s] make: *** [Makefile:141: all] Error 2
[4.546s] Invoked command in '/home/mete/catkin_ws/build/pcl' returned '2': CMAKE_PREFIX_PATH=${CMAKE_PREFIX_PATH}:/opt/ros/foxy /usr/bin/cmake --build /home/mete/catkin_ws/build/pcl -- -j12 -l12
