[35m[1mScanning dependencies of target register[0m
[ 50%] Built target matrix_transform
[ 75%] [32mBuilding CXX object CMakeFiles/register.dir/src/register.cpp.o[0m
[01m[K/home/mete/catkin_ws/src/pcl/src/register.cpp:[m[K In constructor â€˜[01m[KMinimalPublisher::MinimalPublisher()[m[Kâ€™:
[01m[K/home/mete/catkin_ws/src/pcl/src/register.cpp:224:9:[m[K [01;31m[Kerror: [m[Kâ€˜[01m[Kscore[m[Kâ€™ was not declared in this scope
  224 |         [01;31m[Kscore[m[K.data                = gicp.getFitnessScore();
      |         [01;31m[K^~~~~[m[K
make[2]: *** [CMakeFiles/register.dir/build.make:63: CMakeFiles/register.dir/src/register.cpp.o] Error 1
make[1]: *** [CMakeFiles/Makefile2:80: CMakeFiles/register.dir/all] Error 2
make: *** [Makefile:141: all] Error 2
