** WARNING ** io features related to openni will be disabled
** WARNING ** io features related to openni2 will be disabled
** WARNING ** io features related to pcap will be disabled
** WARNING ** io features related to png will be disabled
** WARNING ** io features related to libusb-1.0 will be disabled
** WARNING ** visualization features related to openni will be disabled
** WARNING ** visualization features related to openni2 will be disabled
** WARNING ** apps features related to openni will be disabled
[01m[K/home/mete/catkin_ws/src/pcl/src/pcd_read.cpp:10:10:[m[K [01;31m[Kfatal error: [m[Kpcl_conversions/pcl_conversions.h: No such file or directory
   10 | #include [01;31m[K<pcl_conversions/pcl_conversions.h>[m[K
      |          [01;31m[K^~~~~~~~~~~~~~~~~~~~~~~~~~~~~~~~~~~[m[K
compilation terminated.
make[2]: *** [CMakeFiles/pcd_read.dir/build.make:63: CMakeFiles/pcd_read.dir/src/pcd_read.cpp.o] Error 1
make[1]: *** [CMakeFiles/Makefile2:163: CMakeFiles/pcd_read.dir/all] Error 2
make[1]: *** Waiting for unfinished jobs....
[01m[K/home/mete/catkin_ws/src/pcl/src/register.cpp:34:23:[m[K [01;31m[Kerror: [m[Kâ€˜[01m[Ksensor_msgs[m[Kâ€™ was not declared in this scope
   34 |     rclcpp::Publisher<[01;31m[Ksensor_msgs[m[K::msg::PointCloud2>::SharedPtr point_cloud_publisher_1;
      |                       [01;31m[K^~~~~~~~~~~[m[K
[01m[K/home/mete/catkin_ws/src/pcl/src/register.cpp:34:52:[m[K [01;31m[Kerror: [m[Ktemplate argument 1 is invalid
   34 |     rclcpp::Publisher<sensor_msgs::msg::PointCloud2[01;31m[K>[m[K::SharedPtr point_cloud_publisher_1;
      |                                                    [01;31m[K^[m[K
[01m[K/home/mete/catkin_ws/src/pcl/src/register.cpp:34:55:[m[K [01;31m[Kerror: [m[Kexpected â€˜[01m[K;[m[Kâ€™ at end of member declaration
   34 |     rclcpp::Publisher<sensor_msgs::msg::PointCloud2>::[01;31m[KSharedPtr[m[K point_cloud_publisher_1;
      |                                                       [01;31m[K^~~~~~~~~[m[K
      |                                                                [32m[K;[m[K
[01m[K/home/mete/catkin_ws/src/pcl/src/register.cpp:34:65:[m[K [01;31m[Kerror: [m[Kâ€˜[01m[Kpoint_cloud_publisher_1[m[Kâ€™ does not name a type
   34 |  rclcpp::Publisher<sensor_msgs::msg::PointCloud2>::SharedPtr [01;31m[Kpoint_cloud_publisher_1[m[K;
      |                                                              [01;31m[K^~~~~~~~~~~~~~~~~~~~~~~[m[K

[01m[K/home/mete/catkin_ws/src/pcl/src/register.cpp:35:23:[m[K [01;31m[Kerror: [m[Kâ€˜[01m[Ksensor_msgs[m[Kâ€™ was not declared in this scope
   35 |     rclcpp::Publisher<[01;31m[Ksensor_msgs[m[K::msg::PointCloud2>::SharedPtr point_cloud_publisher_2;
      |                       [01;31m[K^~~~~~~~~~~[m[K
[01m[K/home/mete/catkin_ws/src/pcl/src/register.cpp:35:52:[m[K [01;31m[Kerror: [m[Ktemplate argument 1 is invalid
   35 |     rclcpp::Publisher<sensor_msgs::msg::PointCloud2[01;31m[K>[m[K::SharedPtr point_cloud_publisher_2;
      |                                                    [01;31m[K^[m[K
[01m[K/home/mete/catkin_ws/src/pcl/src/register.cpp:35:55:[m[K [01;31m[Kerror: [m[Kexpected â€˜[01m[K;[m[Kâ€™ at end of member declaration
   35 |     rclcpp::Publisher<sensor_msgs::msg::PointCloud2>::[01;31m[KSharedPtr[m[K point_cloud_publisher_2;
      |                                                       [01;31m[K^~~~~~~~~[m[K
      |                                                                [32m[K;[m[K
[01m[K/home/mete/catkin_ws/src/pcl/src/register.cpp:35:55:[m[K [01;31m[Kerror: [m[Kredeclaration of â€˜[01m[Kint MinimalPublisher::SharedPtr[m[Kâ€™
[01m[K/home/mete/catkin_ws/src/pcl/src/register.cpp:34:55:[m[K [01;36m[Knote: [m[Kprevious declaration â€˜[01m[Kint MinimalPublisher::SharedPtr[m[Kâ€™
   34 |     rclcpp::Publisher<sensor_msgs::msg::PointCloud2>::[01;36m[KSharedPtr[m[K point_cloud_publisher_1;
      |                                                       [01;36m[K^~~~~~~~~[m[K
[01m[K/home/mete/catkin_ws/src/pcl/src/register.cpp:35:65:[m[K [01;31m[Kerror: [m[Kâ€˜[01m[Kpoint_cloud_publisher_2[m[Kâ€™ does not name a type
   35 |  rclcpp::Publisher<sensor_msgs::msg::PointCloud2>::SharedPtr [01;31m[Kpoint_cloud_publisher_2[m[K;
      |                                                              [01;31m[K^~~~~~~~~~~~~~~~~~~~~~~[m[K

[01m[K/home/mete/catkin_ws/src/pcl/src/register.cpp:73:23:[m[K [01;31m[Kerror: [m[Kâ€˜[01m[Kstd_msgs[m[Kâ€™ was not declared in this scope
   73 |     rclcpp::Publisher<[01;31m[Kstd_msgs[m[K::msg::String>::SharedPtr publisher_;
      |                       [01;31m[K^~~~~~~~[m[K
[01m[K/home/mete/catkin_ws/src/pcl/src/register.cpp:73:44:[m[K [01;31m[Kerror: [m[Ktemplate argument 1 is invalid
   73 |     rclcpp::Publisher<std_msgs::msg::String[01;31m[K>[m[K::SharedPtr publisher_;
      |                                            [01;31m[K^[m[K
[01m[K/home/mete/catkin_ws/src/pcl/src/register.cpp:73:47:[m[K [01;31m[Kerror: [m[Kexpected â€˜[01m[K;[m[Kâ€™ at end of member declaration
   73 |     rclcpp::Publisher<std_msgs::msg::String>::[01;31m[KSharedPtr[m[K publisher_;
      |                                               [01;31m[K^~~~~~~~~[m[K
      |                                                        [32m[K;[m[K
[01m[K/home/mete/catkin_ws/src/pcl/src/register.cpp:73:47:[m[K [01;31m[Kerror: [m[Kredeclaration of â€˜[01m[Kint MinimalPublisher::SharedPtr[m[Kâ€™
[01m[K/home/mete/catkin_ws/src/pcl/src/register.cpp:34:55:[m[K [01;36m[Knote: [m[Kprevious declaration â€˜[01m[Kint MinimalPublisher::SharedPtr[m[Kâ€™
   34 |     rclcpp::Publisher<sensor_msgs::msg::PointCloud2>::[01;36m[KSharedPtr[m[K point_cloud_publisher_1;
      |                                                       [01;36m[K^~~~~~~~~[m[K
[01m[K/home/mete/catkin_ws/src/pcl/src/register.cpp:73:57:[m[K [01;31m[Kerror: [m[Kâ€˜[01m[Kpublisher_[m[Kâ€™ does not name a type; did you mean â€˜[01m[Krcl_publisher_t[m[Kâ€™?
   73 |     rclcpp::Publisher<std_msgs::msg::String>::SharedPtr [01;31m[Kpublisher_[m[K;
      |                                                         [01;31m[K^~~~~~~~~~[m[K
      |                                                         [32m[Krcl_publisher_t[m[K
[01m[K/home/mete/catkin_ws/src/pcl/src/register.cpp:[m[K In constructor â€˜[01m[KMinimalPublisher::MinimalPublisher()[m[Kâ€™:
[01m[K/home/mete/catkin_ws/src/pcl/src/register.cpp:39:7:[m[K [01;31m[Kerror: [m[Kâ€˜[01m[Kpoint_cloud_publisher_1[m[Kâ€™ was not declared in this scope
   39 |       [01;31m[Kpoint_cloud_publisher_1[m[K = this->create_publisher<sensor_msgs::msg::PointCloud2>("pointcloud_1", 10);
      |       [01;31m[K^~~~~~~~~~~~~~~~~~~~~~~[m[K
[01m[K/home/mete/catkin_ws/src/pcl/src/register.cpp:39:56:[m[K [01;31m[Kerror: [m[Kâ€˜[01m[Ksensor_msgs[m[Kâ€™ was not declared in this scope
   39 |       point_cloud_publisher_1 = this->create_publisher<[01;31m[Ksensor_msgs[m[K::msg::PointCloud2>("pointcloud_1", 10);
      |                                                        [01;31m[K^~~~~~~~~~~[m[K
[01m[K/home/mete/catkin_ws/src/pcl/src/register.cpp:39:39:[m[K [01;31m[Kerror: [m[Kparse error in template argument list
   39 |       point_cloud_publisher_1 = this->[01;31m[Kcreate_publisher<sensor_msgs::msg::PointCloud2>[m[K("pointcloud_1", 10);
      |                                       [01;31m[K^~~~~~~~~~~~~~~~~~~~~~~~~~~~~~~~~~~~~~~~~~~~~~~[m[K
[01m[K/home/mete/catkin_ws/src/pcl/src/register.cpp:39:105:[m[K [01;31m[Kerror: [m[Kno matching function for call to â€˜[01m[KMinimalPublisher::create_publisher<<expression error> >(const char [13], int)[m[Kâ€™
   39 | e_publisher<sensor_msgs::msg::PointCloud2>("pointcloud_1", 10[01;31m[K)[m[K;
      |                                                              [01;31m[K^[m[K

In file included from [01m[K/opt/ros/foxy/include/rclcpp/executors/single_threaded_executor.hpp:28[m[K,
                 from [01m[K/opt/ros/foxy/include/rclcpp/executors.hpp:22[m[K,
                 from [01m[K/opt/ros/foxy/include/rclcpp/rclcpp.hpp:146[m[K,
                 from [01m[K/home/mete/catkin_ws/src/pcl/src/register.cpp:11[m[K:
[01m[K/opt/ros/foxy/include/rclcpp/node.hpp:184:3:[m[K [01;36m[Knote: [m[Kcandidate: â€˜[01m[Ktemplate<class MessageT, class AllocatorT, class PublisherT> std::shared_ptr<PublisherT> rclcpp::Node::create_publisher(const string&, const rclcpp::QoS&, const rclcpp::PublisherOptionsWithAllocator<AllocatorT>&)[m[Kâ€™
  184 |   [01;36m[Kcreate_publisher[m[K(
      |   [01;36m[K^~~~~~~~~~~~~~~~[m[K
[01m[K/opt/ros/foxy/include/rclcpp/node.hpp:184:3:[m[K [01;36m[Knote: [m[K  template argument deduction/substitution failed:
[01m[K/home/mete/catkin_ws/src/pcl/src/register.cpp:39:105:[m[K [01;31m[Kerror: [m[Ktemplate argument 1 is invalid
   39 | e_publisher<sensor_msgs::msg::PointCloud2>("pointcloud_1", 10[01;31m[K)[m[K;
      |                                                              [01;31m[K^[m[K

[01m[K/home/mete/catkin_ws/src/pcl/src/register.cpp:40:7:[m[K [01;31m[Kerror: [m[Kâ€˜[01m[Kpoint_cloud_publisher_2[m[Kâ€™ was not declared in this scope
   40 |       [01;31m[Kpoint_cloud_publisher_2[m[K = this->create_publisher<sensor_msgs::msg::PointCloud2>("pointcloud_2", 10);
      |       [01;31m[K^~~~~~~~~~~~~~~~~~~~~~~[m[K
[01m[K/home/mete/catkin_ws/src/pcl/src/register.cpp:40:39:[m[K [01;31m[Kerror: [m[Kparse error in template argument list
   40 |       point_cloud_publisher_2 = this->[01;31m[Kcreate_publisher<sensor_msgs::msg::PointCloud2>[m[K("pointcloud_2", 10);
      |                                       [01;31m[K^~~~~~~~~~~~~~~~~~~~~~~~~~~~~~~~~~~~~~~~~~~~~~~[m[K
[01m[K/home/mete/catkin_ws/src/pcl/src/register.cpp:40:105:[m[K [01;31m[Kerror: [m[Kno matching function for call to â€˜[01m[KMinimalPublisher::create_publisher<sensor_msgs>(const char [13], int)[m[Kâ€™
   40 | e_publisher<sensor_msgs::msg::PointCloud2>("pointcloud_2", 10[01;31m[K)[m[K;
      |                                                              [01;31m[K^[m[K

In file included from [01m[K/opt/ros/foxy/include/rclcpp/executors/single_threaded_executor.hpp:28[m[K,
                 from [01m[K/opt/ros/foxy/include/rclcpp/executors.hpp:22[m[K,
                 from [01m[K/opt/ros/foxy/include/rclcpp/rclcpp.hpp:146[m[K,
                 from [01m[K/home/mete/catkin_ws/src/pcl/src/register.cpp:11[m[K:
[01m[K/opt/ros/foxy/include/rclcpp/node.hpp:184:3:[m[K [01;36m[Knote: [m[Kcandidate: â€˜[01m[Ktemplate<class MessageT, class AllocatorT, class PublisherT> std::shared_ptr<PublisherT> rclcpp::Node::create_publisher(const string&, const rclcpp::QoS&, const rclcpp::PublisherOptionsWithAllocator<AllocatorT>&)[m[Kâ€™
  184 |   [01;36m[Kcreate_publisher[m[K(
      |   [01;36m[K^~~~~~~~~~~~~~~~[m[K
[01m[K/opt/ros/foxy/include/rclcpp/node.hpp:184:3:[m[K [01;36m[Knote: [m[K  template argument deduction/substitution failed:
[01m[K/home/mete/catkin_ws/src/pcl/src/register.cpp:51:19:[m[K [01;31m[Kerror: [m[Kreturning a value from a constructor
   51 |         return (-1[01;31m[K)[m[K;
      |                   [01;31m[K^[m[K
[01m[K/home/mete/catkin_ws/src/pcl/src/register.cpp:57:19:[m[K [01;31m[Kerror: [m[Kreturning a value from a constructor
   57 |         return (-1[01;31m[K)[m[K;
      |                   [01;31m[K^[m[K
[01m[K/home/mete/catkin_ws/src/pcl/src/register.cpp:[m[K In member function â€˜[01m[Kvoid MinimalPublisher::timer_callback()[m[Kâ€™:
[01m[K/home/mete/catkin_ws/src/pcl/src/register.cpp:67:22:[m[K [01;31m[Kerror: [m[Kâ€˜[01m[Kstd_msgs[m[Kâ€™ has not been declared
   67 |       auto message = [01;31m[Kstd_msgs[m[K::msg::String();
      |                      [01;31m[K^~~~~~~~[m[K
[01m[K/home/mete/catkin_ws/src/pcl/src/register.cpp:70:7:[m[K [01;31m[Kerror: [m[Kâ€˜[01m[Kpublisher_[m[Kâ€™ was not declared in this scope; did you mean â€˜[01m[Krcl_publisher_t[m[Kâ€™?
   70 |       [01;31m[Kpublisher_[m[K->publish(message);
      |       [01;31m[K^~~~~~~~~~[m[K
      |       [32m[Krcl_publisher_t[m[K
make[2]: *** [CMakeFiles/register.dir/build.make:63: CMakeFiles/register.dir/src/register.cpp.o] Error 1
make[1]: *** [CMakeFiles/Makefile2:82: CMakeFiles/register.dir/all] Error 2
make: *** [Makefile:141: all] Error 2
