[0.017s] Invoking command in '/home/mete/catkin_ws/build/pcl_ros': CMAKE_PREFIX_PATH=/home/mete/catkin_ws/install/pcl_conversions:/home/mete/catkin_ws/install/pcl:/home/mete/catkin_ws/install/localization:/opt/ros/foxy /usr/bin/cmake --build /home/mete/catkin_ws/build/pcl_ros -- -j12 -l12
[0.051s] [35m[1mScanning dependencies of target pcd_to_pointcloud_lib[0m
[0.065s] [ 33%] Built target pcd_to_pointcloud
[0.066s] [ 66%] Built target pcl_ros_tf
[0.083s] [ 83%] [32mBuilding CXX object CMakeFiles/pcd_to_pointcloud_lib.dir/tools/pcd_to_pointcloud.cpp.o[0m
[3.635s] [01m[K/home/mete/catkin_ws/src/perception_pcl/pcl_ros/tools/pcd_to_pointcloud.cpp:124:61:[m[K [01;31m[Kerror: [m[KISO C++ forbids declaration of â€˜[01m[KPCDPublisher2[m[Kâ€™ with no type [[01;31m[K-fpermissive[m[K]
[3.635s]   124 |   explicit PCDPublisher2(const rclcpp::NodeOptions & options[01;31m[K)[m[K
[3.635s]       |                                                             [01;31m[K^[m[K
[3.635s] [01m[K/home/mete/catkin_ws/src/perception_pcl/pcl_ros/tools/pcd_to_pointcloud.cpp:124:3:[m[K [01;31m[Kerror: [m[Konly declarations of constructors and conversion operators can be â€˜[01m[Kexplicit[m[Kâ€™
[3.635s]   124 |   [01;31m[Kexplicit[m[K PCDPublisher2(const rclcpp::NodeOptions & options)
[3.635s]       |   [01;31m[K^~~~~~~~[m[K
[3.644s] [01m[K/home/mete/catkin_ws/src/perception_pcl/pcl_ros/tools/pcd_to_pointcloud.cpp:[m[K In member function â€˜[01m[Kint pcl_ros::PCDPublisher::PCDPublisher2(const rclcpp::NodeOptions&)[m[Kâ€™:
[3.644s] [01m[K/home/mete/catkin_ws/src/perception_pcl/pcl_ros/tools/pcd_to_pointcloud.cpp:125:5:[m[K [01;31m[Kerror: [m[Konly constructors take member initializers
[3.644s]   125 |   : [01;31m[Krclcpp[m[K::Node("pcd_publisher_2", options), tf_frame_("/map")
[3.645s]       |     [01;31m[K^~~~~~[m[K
[4.608s] make[2]: *** [CMakeFiles/pcd_to_pointcloud_lib.dir/build.make:63: CMakeFiles/pcd_to_pointcloud_lib.dir/tools/pcd_to_pointcloud.cpp.o] Error 1
[4.608s] make[1]: *** [CMakeFiles/Makefile2:109: CMakeFiles/pcd_to_pointcloud_lib.dir/all] Error 2
[4.609s] make: *** [Makefile:141: all] Error 2
[4.611s] Invoked command in '/home/mete/catkin_ws/build/pcl_ros' returned '2': CMAKE_PREFIX_PATH=/home/mete/catkin_ws/install/pcl_conversions:/home/mete/catkin_ws/install/pcl:/home/mete/catkin_ws/install/localization:/opt/ros/foxy /usr/bin/cmake --build /home/mete/catkin_ws/build/pcl_ros -- -j12 -l12
