[0.015s] Invoking command in '/home/mete/catkin_ws/build/pcl': CMAKE_PREFIX_PATH=/home/mete/catkin_ws/install/pcl_conversions:/home/mete/catkin_ws/install/perception_pcl:/home/mete/catkin_ws/install/pcl_ros:/home/mete/catkin_ws/install/pcl:/home/mete/catkin_ws/install/localization:/home/mete/catkin_ws2/install/pugixml:/home/mete/catkin_ws2/install/parser:/home/mete/catkin_ws2/install/localization:/home/mete/catkin_ws2/install/LibKML:/home/mete/catkin_ws2/install/GeographicLib:/opt/ros/foxy /usr/bin/cmake --build /home/mete/catkin_ws/build/pcl -- -j12 -l12
[0.072s] [ 33%] Built target matrix_transform
[0.078s] [ 50%] [32mBuilding CXX object CMakeFiles/pcd_read.dir/src/pcd_read.cpp.o[0m
[0.080s] [ 66%] [32mBuilding CXX object CMakeFiles/register.dir/src/register.cpp.o[0m
[1.294s] [01m[K/home/mete/catkin_ws/src/pcl/src/pcd_read.cpp:10:10:[m[K [01;31m[Kfatal error: [m[Kpcl_conversions/pcl_conversions.h: No such file or directory
[1.294s]    10 | #include [01;31m[K<pcl_conversions/pcl_conversions.h>[m[K
[1.294s]       |          [01;31m[K^~~~~~~~~~~~~~~~~~~~~~~~~~~~~~~~~~~[m[K
[1.294s] compilation terminated.
[1.311s] make[2]: *** [CMakeFiles/pcd_read.dir/build.make:63: CMakeFiles/pcd_read.dir/src/pcd_read.cpp.o] Error 1
[1.311s] make[1]: *** [CMakeFiles/Makefile2:163: CMakeFiles/pcd_read.dir/all] Error 2
[1.311s] make[1]: *** Waiting for unfinished jobs....
[5.430s] [01m[K/home/mete/catkin_ws/src/pcl/src/register.cpp:74:23:[m[K [01;31m[Kerror: [m[Kâ€˜[01m[Ksensor_msgs[m[Kâ€™ was not declared in this scope
[5.430s]    74 |     rclcpp::Publisher<[01;31m[Ksensor_msgs[m[K::msg::PointCloud2>::SharedPtr point_cloud_publisher_1;
[5.430s]       |                       [01;31m[K^~~~~~~~~~~[m[K
[5.430s] [01m[K/home/mete/catkin_ws/src/pcl/src/register.cpp:74:52:[m[K [01;31m[Kerror: [m[Ktemplate argument 1 is invalid
[5.430s]    74 |     rclcpp::Publisher<sensor_msgs::msg::PointCloud2[01;31m[K>[m[K::SharedPtr point_cloud_publisher_1;
[5.430s]       |                                                    [01;31m[K^[m[K
[5.430s] [01m[K/home/mete/catkin_ws/src/pcl/src/register.cpp:74:55:[m[K [01;31m[Kerror: [m[Kexpected â€˜[01m[K;[m[Kâ€™ at end of member declaration
[5.430s]    74 |     rclcpp::Publisher<sensor_msgs::msg::PointCloud2>::[01;31m[KSharedPtr[m[K point_cloud_publisher_1;
[5.430s]       |                                                       [01;31m[K^~~~~~~~~[m[K
[5.430s]       |                                                                [32m[K;[m[K
[5.448s] [01m[K/home/mete/catkin_ws/src/pcl/src/register.cpp:74:65:[m[K [01;31m[Kerror: [m[Kâ€˜[01m[Kpoint_cloud_publisher_1[m[Kâ€™ does not name a type
[5.448s]    74 |  rclcpp::Publisher<sensor_msgs::msg::PointCloud2>::SharedPtr [01;31m[Kpoint_cloud_publisher_1[m[K;
[5.448s]       |                                                              [01;31m[K^~~~~~~~~~~~~~~~~~~~~~~[m[K
[5.448s] 
[5.454s] [01m[K/home/mete/catkin_ws/src/pcl/src/register.cpp:75:23:[m[K [01;31m[Kerror: [m[Kâ€˜[01m[Ksensor_msgs[m[Kâ€™ was not declared in this scope
[5.454s]    75 |     rclcpp::Publisher<[01;31m[Ksensor_msgs[m[K::msg::PointCloud2>::SharedPtr point_cloud_publisher_2;
[5.454s]       |                       [01;31m[K^~~~~~~~~~~[m[K
[5.454s] [01m[K/home/mete/catkin_ws/src/pcl/src/register.cpp:75:52:[m[K [01;31m[Kerror: [m[Ktemplate argument 1 is invalid
[5.455s]    75 |     rclcpp::Publisher<sensor_msgs::msg::PointCloud2[01;31m[K>[m[K::SharedPtr point_cloud_publisher_2;
[5.455s]       |                                                    [01;31m[K^[m[K
[5.455s] [01m[K/home/mete/catkin_ws/src/pcl/src/register.cpp:75:55:[m[K [01;31m[Kerror: [m[Kexpected â€˜[01m[K;[m[Kâ€™ at end of member declaration
[5.455s]    75 |     rclcpp::Publisher<sensor_msgs::msg::PointCloud2>::[01;31m[KSharedPtr[m[K point_cloud_publisher_2;
[5.455s]       |                                                       [01;31m[K^~~~~~~~~[m[K
[5.455s]       |                                                                [32m[K;[m[K
[5.455s] [01m[K/home/mete/catkin_ws/src/pcl/src/register.cpp:75:55:[m[K [01;31m[Kerror: [m[Kredeclaration of â€˜[01m[Kint MinimalPublisher::SharedPtr[m[Kâ€™
[5.455s] [01m[K/home/mete/catkin_ws/src/pcl/src/register.cpp:74:55:[m[K [01;36m[Knote: [m[Kprevious declaration â€˜[01m[Kint MinimalPublisher::SharedPtr[m[Kâ€™
[5.455s]    74 |     rclcpp::Publisher<sensor_msgs::msg::PointCloud2>::[01;36m[KSharedPtr[m[K point_cloud_publisher_1;
[5.455s]       |                                                       [01;36m[K^~~~~~~~~[m[K
[5.471s] [01m[K/home/mete/catkin_ws/src/pcl/src/register.cpp:75:65:[m[K [01;31m[Kerror: [m[Kâ€˜[01m[Kpoint_cloud_publisher_2[m[Kâ€™ does not name a type
[5.471s]    75 |  rclcpp::Publisher<sensor_msgs::msg::PointCloud2>::SharedPtr [01;31m[Kpoint_cloud_publisher_2[m[K;
[5.471s]       |                                                              [01;31m[K^~~~~~~~~~~~~~~~~~~~~~~[m[K
[5.471s] 
[5.490s] [01m[K/home/mete/catkin_ws/src/pcl/src/register.cpp:[m[K In constructor â€˜[01m[KMinimalPublisher::MinimalPublisher()[m[Kâ€™:
[5.490s] [01m[K/home/mete/catkin_ws/src/pcl/src/register.cpp:40:7:[m[K [01;31m[Kerror: [m[Kâ€˜[01m[Kpoint_cloud_publisher_1[m[Kâ€™ was not declared in this scope
[5.490s]    40 |       [01;31m[Kpoint_cloud_publisher_1[m[K = this->create_publisher<sensor_msgs::msg::PointCloud2>("pointcloud_1", 10);
[5.490s]       |       [01;31m[K^~~~~~~~~~~~~~~~~~~~~~~[m[K
[5.495s] [01m[K/home/mete/catkin_ws/src/pcl/src/register.cpp:40:56:[m[K [01;31m[Kerror: [m[Kâ€˜[01m[Ksensor_msgs[m[Kâ€™ was not declared in this scope
[5.495s]    40 |       point_cloud_publisher_1 = this->create_publisher<[01;31m[Ksensor_msgs[m[K::msg::PointCloud2>("pointcloud_1", 10);
[5.495s]       |                                                        [01;31m[K^~~~~~~~~~~[m[K
[5.496s] [01m[K/home/mete/catkin_ws/src/pcl/src/register.cpp:40:39:[m[K [01;31m[Kerror: [m[Kparse error in template argument list
[5.496s]    40 |       point_cloud_publisher_1 = this->[01;31m[Kcreate_publisher<sensor_msgs::msg::PointCloud2>[m[K("pointcloud_1", 10);
[5.496s]       |                                       [01;31m[K^~~~~~~~~~~~~~~~~~~~~~~~~~~~~~~~~~~~~~~~~~~~~~~[m[K
[5.496s] [01m[K/home/mete/catkin_ws/src/pcl/src/register.cpp:40:105:[m[K [01;31m[Kerror: [m[Kno matching function for call to â€˜[01m[KMinimalPublisher::create_publisher<<expression error> >(const char [13], int)[m[Kâ€™
[5.496s]    40 | e_publisher<sensor_msgs::msg::PointCloud2>("pointcloud_1", 10[01;31m[K)[m[K;
[5.496s]       |                                                              [01;31m[K^[m[K
[5.496s] 
[5.496s] In file included from [01m[K/opt/ros/foxy/include/rclcpp/executors/single_threaded_executor.hpp:28[m[K,
[5.496s]                  from [01m[K/opt/ros/foxy/include/rclcpp/executors.hpp:22[m[K,
[5.496s]                  from [01m[K/opt/ros/foxy/include/rclcpp/rclcpp.hpp:146[m[K,
[5.496s]                  from [01m[K/home/mete/catkin_ws/src/pcl/src/register.cpp:11[m[K:
[5.496s] [01m[K/opt/ros/foxy/include/rclcpp/node.hpp:184:3:[m[K [01;36m[Knote: [m[Kcandidate: â€˜[01m[Ktemplate<class MessageT, class AllocatorT, class PublisherT> std::shared_ptr<PublisherT> rclcpp::Node::create_publisher(const string&, const rclcpp::QoS&, const rclcpp::PublisherOptionsWithAllocator<AllocatorT>&)[m[Kâ€™
[5.496s]   184 |   [01;36m[Kcreate_publisher[m[K(
[5.496s]       |   [01;36m[K^~~~~~~~~~~~~~~~[m[K
[5.496s] [01m[K/opt/ros/foxy/include/rclcpp/node.hpp:184:3:[m[K [01;36m[Knote: [m[K  template argument deduction/substitution failed:
[5.496s] [01m[K/home/mete/catkin_ws/src/pcl/src/register.cpp:40:105:[m[K [01;31m[Kerror: [m[Ktemplate argument 1 is invalid
[5.496s]    40 | e_publisher<sensor_msgs::msg::PointCloud2>("pointcloud_1", 10[01;31m[K)[m[K;
[5.496s]       |                                                              [01;31m[K^[m[K
[5.496s] 
[5.515s] [01m[K/home/mete/catkin_ws/src/pcl/src/register.cpp:41:7:[m[K [01;31m[Kerror: [m[Kâ€˜[01m[Kpoint_cloud_publisher_2[m[Kâ€™ was not declared in this scope
[5.515s]    41 |       [01;31m[Kpoint_cloud_publisher_2[m[K = this->create_publisher<sensor_msgs::msg::PointCloud2>("pointcloud_2", 10);
[5.515s]       |       [01;31m[K^~~~~~~~~~~~~~~~~~~~~~~[m[K
[5.515s] [01m[K/home/mete/catkin_ws/src/pcl/src/register.cpp:41:39:[m[K [01;31m[Kerror: [m[Kparse error in template argument list
[5.515s]    41 |       point_cloud_publisher_2 = this->[01;31m[Kcreate_publisher<sensor_msgs::msg::PointCloud2>[m[K("pointcloud_2", 10);
[5.515s]       |                                       [01;31m[K^~~~~~~~~~~~~~~~~~~~~~~~~~~~~~~~~~~~~~~~~~~~~~~[m[K
[5.515s] [01m[K/home/mete/catkin_ws/src/pcl/src/register.cpp:41:105:[m[K [01;31m[Kerror: [m[Kno matching function for call to â€˜[01m[KMinimalPublisher::create_publisher<sensor_msgs>(const char [13], int)[m[Kâ€™
[5.515s]    41 | e_publisher<sensor_msgs::msg::PointCloud2>("pointcloud_2", 10[01;31m[K)[m[K;
[5.515s]       |                                                              [01;31m[K^[m[K
[5.515s] 
[5.515s] In file included from [01m[K/opt/ros/foxy/include/rclcpp/executors/single_threaded_executor.hpp:28[m[K,
[5.515s]                  from [01m[K/opt/ros/foxy/include/rclcpp/executors.hpp:22[m[K,
[5.515s]                  from [01m[K/opt/ros/foxy/include/rclcpp/rclcpp.hpp:146[m[K,
[5.515s]                  from [01m[K/home/mete/catkin_ws/src/pcl/src/register.cpp:11[m[K:
[5.516s] [01m[K/opt/ros/foxy/include/rclcpp/node.hpp:184:3:[m[K [01;36m[Knote: [m[Kcandidate: â€˜[01m[Ktemplate<class MessageT, class AllocatorT, class PublisherT> std::shared_ptr<PublisherT> rclcpp::Node::create_publisher(const string&, const rclcpp::QoS&, const rclcpp::PublisherOptionsWithAllocator<AllocatorT>&)[m[Kâ€™
[5.516s]   184 |   [01;36m[Kcreate_publisher[m[K(
[5.516s]       |   [01;36m[K^~~~~~~~~~~~~~~~[m[K
[5.516s] [01m[K/opt/ros/foxy/include/rclcpp/node.hpp:184:3:[m[K [01;36m[Knote: [m[K  template argument deduction/substitution failed:
[5.526s] [01m[K/home/mete/catkin_ws/src/pcl/src/register.cpp:52:19:[m[K [01;31m[Kerror: [m[Kreturning a value from a constructor
[5.526s]    52 |         return (-1[01;31m[K)[m[K;
[5.526s]       |                   [01;31m[K^[m[K
[5.526s] [01m[K/home/mete/catkin_ws/src/pcl/src/register.cpp:58:19:[m[K [01;31m[Kerror: [m[Kreturning a value from a constructor
[5.526s]    58 |         return (-1[01;31m[K)[m[K;
[5.526s]       |                   [01;31m[K^[m[K
[16.089s] make[2]: *** [CMakeFiles/register.dir/build.make:63: CMakeFiles/register.dir/src/register.cpp.o] Error 1
[16.089s] make[1]: *** [CMakeFiles/Makefile2:82: CMakeFiles/register.dir/all] Error 2
[16.089s] make: *** [Makefile:141: all] Error 2
[16.093s] Invoked command in '/home/mete/catkin_ws/build/pcl' returned '2': CMAKE_PREFIX_PATH=/home/mete/catkin_ws/install/pcl_conversions:/home/mete/catkin_ws/install/perception_pcl:/home/mete/catkin_ws/install/pcl_ros:/home/mete/catkin_ws/install/pcl:/home/mete/catkin_ws/install/localization:/home/mete/catkin_ws2/install/pugixml:/home/mete/catkin_ws2/install/parser:/home/mete/catkin_ws2/install/localization:/home/mete/catkin_ws2/install/LibKML:/home/mete/catkin_ws2/install/GeographicLib:/opt/ros/foxy /usr/bin/cmake --build /home/mete/catkin_ws/build/pcl -- -j12 -l12
